#
# There is insufficient memory for the Java Runtime Environment to continue.
# Native memory allocation (mmap) failed to map 268435456 bytes. Error detail: G1 virtual space
# Possible reasons:
#   The system is out of physical RAM or swap space
#   This process is running with CompressedOops enabled, and the Java Heap may be blocking the growth of the native heap
# Possible solutions:
#   Reduce memory load on the system
#   Increase physical memory or swap space
#   Check if swap backing store is full
#   Decrease Java heap size (-Xmx/-Xms)
#   Decrease number of Java threads
#   Decrease Java thread stack sizes (-Xss)
#   Set larger code cache with -XX:ReservedCodeCacheSize=
#   JVM is running with Unscaled Compressed Oops mode in which the Java heap is
#     placed in the first 4GB address space. The Java Heap base address is the
#     maximum limit for the native heap growth. Please use -XX:HeapBaseMinAddress
#     to set the Java Heap base and to place the Java Heap above 4GB virtual address.
# This output file may be truncated or incomplete.
#
#  Out of Memory Error (os_windows.cpp:3631), pid=7980, tid=18264
#
# JRE version:  (22.0.1+8) (build )
# Java VM: Java HotSpot(TM) 64-Bit Server VM (22.0.1+8-16, mixed mode, sharing, tiered, compressed oops, compressed class ptrs, g1 gc, windows-amd64)
# No core dump will be written. Minidumps are not enabled by default on client versions of Windows
#

---------------  S U M M A R Y ------------

Command Line: -Xms256m -Xmx512m -Dclassworlds.conf=C:\Users\Admin\Downloads\apache-maven-3.9.6\bin\m2.conf -Dmaven.home=C:\Users\Admin\Downloads\apache-maven-3.9.6 -Dlibrary.jansi.path=C:\Users\Admin\Downloads\apache-maven-3.9.6\lib\jansi-native -Dmaven.multiModuleProjectDirectory=F:\intern_microservice\cartservice org.codehaus.plexus.classworlds.launcher.Launcher compile

Host: 11th Gen Intel(R) Core(TM) i5-11400H @ 2.70GHz, 12 cores, 7G,  Windows 11 , 64 bit Build 22621 (10.0.22621.5415)
Time: Thu Jun 12 14:10:07 2025 SE Asia Standard Time elapsed time: 0.008218 seconds (0d 0h 0m 0s)

---------------  T H R E A D  ---------------

Current thread (0x000002cc8bdc58e0):  JavaThread "Unknown thread" [_thread_in_vm, id=18264, stack(0x000000e1cca00000,0x000000e1ccb00000) (1024K)]

Stack: [0x000000e1cca00000,0x000000e1ccb00000]
Native frames: (J=compiled Java code, j=interpreted, Vv=VM code, C=native code)
V  [jvm.dll+0x6e2279]  (no source info available)
V  [jvm.dll+0x874e33]  (no source info available)
V  [jvm.dll+0x87725e]  (no source info available)
V  [jvm.dll+0x877933]  (no source info available)
V  [jvm.dll+0x27fd76]  (no source info available)
V  [jvm.dll+0x6de915]  (no source info available)
V  [jvm.dll+0x6d341a]  (no source info available)
V  [jvm.dll+0x3589da]  (no source info available)
V  [jvm.dll+0x360f06]  (no source info available)
V  [jvm.dll+0x3b3e2e]  (no source info available)
V  [jvm.dll+0x3b40d8]  (no source info available)
V  [jvm.dll+0x32c59c]  (no source info available)
V  [jvm.dll+0x32d158]  (no source info available)
V  [jvm.dll+0x83ccdc]  (no source info available)
V  [jvm.dll+0x3c0d71]  (no source info available)
V  [jvm.dll+0x825ccc]  (no source info available)
V  [jvm.dll+0x45b8fe]  (no source info available)
V  [jvm.dll+0x45d781]  (no source info available)
C  [jli.dll+0x52a3]  (no source info available)
C  [ucrtbase.dll+0x29333]  (no source info available)
C  [KERNEL32.DLL+0x1259d]  (no source info available)
C  [ntdll.dll+0x5af78]  (no source info available)


---------------  P R O C E S S  ---------------

Threads class SMR info:
_java_thread_list=0x00007ffa4b68b1c8, length=0, elements={
}

Java Threads: ( => current thread )
Total: 0

Other Threads:
  0x000002cc8e04bb90 WorkerThread "GC Thread#0"                     [id=25252, stack(0x000000e1ccb00000,0x000000e1ccc00000) (1024K)]
  0x000002cc8e051aa0 ConcurrentGCThread "G1 Main Marker"            [id=12424, stack(0x000000e1ccc00000,0x000000e1ccd00000) (1024K)]
  0x000002cc8e052670 WorkerThread "G1 Conc#0"                       [id=16128, stack(0x000000e1ccd00000,0x000000e1cce00000) (1024K)]

[error occurred during error reporting (printing all threads), id 0xc0000005, EXCEPTION_ACCESS_VIOLATION (0xc0000005) at pc=0x00007ffa4addf367]
VM state: not at safepoint (not fully initialized)

VM Mutex/Monitor currently owned by a thread:  ([mutex/lock_event])
[0x00007ffa4b70bcb8] Heap_lock - owner thread: 0x000002cc8bdc58e0

Heap address: 0x00000000e0000000, size: 512 MB, Compressed Oops mode: 32-bit

CDS archive(s) mapped at: [0x0000000000000000-0x0000000000000000-0x0000000000000000), size 0, SharedBaseAddress: 0x0000000800000000, ArchiveRelocationMode: 1.
Narrow klass base: 0x0000000000000000, Narrow klass shift: 0, Narrow klass range: 0x0

GC Precious Log:
 CardTable entry size: 512
 Card Set container configuration: InlinePtr #cards 5 size 8 Array Of Cards #cards 12 size 40 Howl #buckets 4 coarsen threshold 1843 Howl Bitmap #cards 512 size 80 coarsen threshold 460 Card regions per heap region 1 cards per card region 2048

Heap:
 garbage-first heap   total reserved 524288K, committed 0K, used 0K [0x00000000e0000000, 0x0000000100000000)
  region size 1024K, 0 young (0K), 0 survivors (0K)

[error occurred during error reporting (printing heap information), id 0xc0000005, EXCEPTION_ACCESS_VIOLATION (0xc0000005) at pc=0x00007ffa4b1de429]
GC Heap History (0 events):
No events

Dll operation events (1 events):
Event: 0.005 Loaded shared library C:\Users\Admin\Downloads\jdk-22_windows-x64_bin\jdk-22.0.1\bin\java.dll

Deoptimization events (0 events):
No events

Classes loaded (0 events):
No events

Classes unloaded (0 events):
No events

Classes redefined (0 events):
No events

Internal exceptions (0 events):
No events

ZGC Phase Switch (0 events):
No events

VM Operations (0 events):
No events

Events (0 events):
No events


Dynamic libraries:
0x00007ff6a4a60000 - 0x00007ff6a4a70000 	C:\Users\Admin\Downloads\jdk-22_windows-x64_bin\jdk-22.0.1\bin\java.exe
0x00007ffb389b0000 - 0x00007ffb38bc7000 	C:\WINDOWS\SYSTEM32\ntdll.dll
0x00007ffb37d60000 - 0x00007ffb37e24000 	C:\WINDOWS\System32\KERNEL32.DLL
0x00007ffb36230000 - 0x00007ffb36602000 	C:\WINDOWS\System32\KERNELBASE.dll
0x00007ffb35b40000 - 0x00007ffb35c51000 	C:\WINDOWS\System32\ucrtbase.dll
0x00007ffb2c0f0000 - 0x00007ffb2c10b000 	C:\Users\Admin\Downloads\jdk-22_windows-x64_bin\jdk-22.0.1\bin\VCRUNTIME140.dll
0x00007ffb2c0d0000 - 0x00007ffb2c0e7000 	C:\Users\Admin\Downloads\jdk-22_windows-x64_bin\jdk-22.0.1\bin\jli.dll
0x00007ffb369c0000 - 0x00007ffb36a71000 	C:\WINDOWS\System32\ADVAPI32.dll
0x00007ffb36640000 - 0x00007ffb366e7000 	C:\WINDOWS\System32\msvcrt.dll
0x00007ffb37460000 - 0x00007ffb37508000 	C:\WINDOWS\System32\sechost.dll
0x00007ffb36610000 - 0x00007ffb36638000 	C:\WINDOWS\System32\bcrypt.dll
0x00007ffb376d0000 - 0x00007ffb377e4000 	C:\WINDOWS\System32\RPCRT4.dll
0x00007ffb37510000 - 0x00007ffb376c1000 	C:\WINDOWS\System32\USER32.dll
0x00007ffb1d260000 - 0x00007ffb1d4fb000 	C:\WINDOWS\WinSxS\amd64_microsoft.windows.common-controls_6595b64144ccf1df_6.0.22621.5415_none_270d77d17387d7da\COMCTL32.dll
0x00007ffb35da0000 - 0x00007ffb35dc6000 	C:\WINDOWS\System32\win32u.dll
0x00007ffb387e0000 - 0x00007ffb38809000 	C:\WINDOWS\System32\GDI32.dll
0x00007ffb36100000 - 0x00007ffb36223000 	C:\WINDOWS\System32\gdi32full.dll
0x00007ffb35aa0000 - 0x00007ffb35b3a000 	C:\WINDOWS\System32\msvcp_win.dll
0x00007ffb2dfe0000 - 0x00007ffb2dfea000 	C:\WINDOWS\SYSTEM32\VERSION.dll
0x00007ffb368f0000 - 0x00007ffb36921000 	C:\WINDOWS\System32\IMM32.DLL
0x00007ffb2e800000 - 0x00007ffb2e80c000 	C:\Users\Admin\Downloads\jdk-22_windows-x64_bin\jdk-22.0.1\bin\vcruntime140_1.dll
0x00007ffafcb90000 - 0x00007ffafcc1e000 	C:\Users\Admin\Downloads\jdk-22_windows-x64_bin\jdk-22.0.1\bin\msvcp140.dll
0x00007ffa4aaa0000 - 0x00007ffa4b7e7000 	C:\Users\Admin\Downloads\jdk-22_windows-x64_bin\jdk-22.0.1\bin\server\jvm.dll
0x00007ffb36b60000 - 0x00007ffb36bd1000 	C:\WINDOWS\System32\WS2_32.dll
0x00007ffb34900000 - 0x00007ffb3494d000 	C:\WINDOWS\SYSTEM32\POWRPROF.dll
0x00007ffb2db20000 - 0x00007ffb2db54000 	C:\WINDOWS\SYSTEM32\WINMM.dll
0x00007ffb348c0000 - 0x00007ffb348d3000 	C:\WINDOWS\SYSTEM32\UMPDC.dll
0x00007ffb34b90000 - 0x00007ffb34ba8000 	C:\WINDOWS\SYSTEM32\kernel.appcore.dll
0x00007ffb2e000000 - 0x00007ffb2e00a000 	C:\Users\Admin\Downloads\jdk-22_windows-x64_bin\jdk-22.0.1\bin\jimage.dll
0x00007ffb333f0000 - 0x00007ffb33623000 	C:\WINDOWS\SYSTEM32\DBGHELP.DLL
0x00007ffb377f0000 - 0x00007ffb37b83000 	C:\WINDOWS\System32\combase.dll
0x00007ffb36be0000 - 0x00007ffb36cb7000 	C:\WINDOWS\System32\OLEAUT32.dll
0x00007ffb2c800000 - 0x00007ffb2c832000 	C:\WINDOWS\SYSTEM32\dbgcore.DLL
0x00007ffb35d20000 - 0x00007ffb35d9b000 	C:\WINDOWS\System32\bcryptPrimitives.dll
0x00007ffb2c0b0000 - 0x00007ffb2c0ce000 	C:\Users\Admin\Downloads\jdk-22_windows-x64_bin\jdk-22.0.1\bin\java.dll
0x00007ffb37f30000 - 0x00007ffb387d2000 	C:\WINDOWS\System32\SHELL32.dll
0x00007ffb35dd0000 - 0x00007ffb35f0f000 	C:\WINDOWS\System32\wintypes.dll
0x00007ffb366f0000 - 0x00007ffb36890000 	C:\WINDOWS\System32\ole32.dll

dbghelp: loaded successfully - version: 4.0.5 - missing functions: none
symbol engine: initialized successfully - sym options: 0x614 - pdb path: .;C:\Users\Admin\Downloads\jdk-22_windows-x64_bin\jdk-22.0.1\bin;C:\WINDOWS\SYSTEM32;C:\WINDOWS\WinSxS\amd64_microsoft.windows.common-controls_6595b64144ccf1df_6.0.22621.5415_none_270d77d17387d7da;C:\Users\Admin\Downloads\jdk-22_windows-x64_bin\jdk-22.0.1\bin\server

VM Arguments:
jvm_args: -Xms256m -Xmx512m -Dclassworlds.conf=C:\Users\Admin\Downloads\apache-maven-3.9.6\bin\m2.conf -Dmaven.home=C:\Users\Admin\Downloads\apache-maven-3.9.6 -Dlibrary.jansi.path=C:\Users\Admin\Downloads\apache-maven-3.9.6\lib\jansi-native -Dmaven.multiModuleProjectDirectory=F:\intern_microservice\cartservice 
java_command: org.codehaus.plexus.classworlds.launcher.Launcher compile
java_class_path (initial): C:\Users\Admin\Downloads\apache-maven-3.9.6\boot\plexus-classworlds-2.7.0.jar
Launcher Type: SUN_STANDARD

[Global flags]
     intx CICompilerCount                          = 4                                         {product} {ergonomic}
     uint ConcGCThreads                            = 3                                         {product} {ergonomic}
     uint G1ConcRefinementThreads                  = 10                                        {product} {ergonomic}
   size_t G1HeapRegionSize                         = 1048576                                   {product} {ergonomic}
   size_t InitialHeapSize                          = 268435456                                 {product} {command line}
   size_t MarkStackSize                            = 4194304                                   {product} {ergonomic}
   size_t MaxHeapSize                              = 536870912                                 {product} {command line}
   size_t MinHeapDeltaBytes                        = 1048576                                   {product} {ergonomic}
   size_t MinHeapSize                              = 268435456                                 {product} {command line}
    uintx NonNMethodCodeHeapSize                   = 5839372                                {pd product} {ergonomic}
    uintx NonProfiledCodeHeapSize                  = 122909434                              {pd product} {ergonomic}
    uintx ProfiledCodeHeapSize                     = 122909434                              {pd product} {ergonomic}
    uintx ReservedCodeCacheSize                    = 251658240                              {pd product} {ergonomic}
     bool SegmentedCodeCache                       = true                                      {product} {ergonomic}
   size_t SoftMaxHeapSize                          = 536870912                              {manageable} {ergonomic}
     bool UseCompressedOops                        = true                           {product lp64_product} {ergonomic}
     bool UseG1GC                                  = true                                      {product} {ergonomic}
     bool UseLargePagesIndividualAllocation        = false                                  {pd product} {ergonomic}

Logging:
Log output configuration:
 #0: stdout all=warning uptime,level,tags foldmultilines=false
 #1: stderr all=off uptime,level,tags foldmultilines=false

Environment Variables:
JAVA_HOME=C:\Users\Admin\Downloads\jdk-22_windows-x64_bin\jdk-22.0.1
PATH=C:\Python313\Scripts\;C:\Python313\;C:\Program Files\Common Files\Oracle\Java\javapath;C:\Program Files (x86)\Common Files\Oracle\Java\java8path;C:\Program Files (x86)\Common Files\Oracle\Java\javapath;C:\Program Files\Microsoft MPI\Bin\;C:\Windows\system32;C:\Windows;C:\Windows\System32\Wbem;C:\Windows\System32\WindowsPowerShell\v1.0\;C:\Windows\System32\OpenSSH\;C:\Program Files (x86)\NVIDIA Corporation\PhysX\Common;C:\Program Files\NVIDIA Corporation\NVIDIA NvDLISR;C:\WINDOWS\system32;C:\WINDOWS;C:\WINDOWS\System32\Wbem;C:\WINDOWS\System32\WindowsPowerShell\v1.0\;C:\WINDOWS\System32\OpenSSH\;C:\Program Files\dotnet\;C:\Program Files (x86)\Microsoft SQL Server\160\Tools\Binn\;C:\Program Files\Microsoft SQL Server\160\Tools\Binn\;C:\Program Files\Microsoft SQL Server\Client SDK\ODBC\170\Tools\Binn\;C:\Program Files\Microsoft SQL Server\160\DTS\Binn\;C:\Program Files (x86)\Microsoft SQL Server\160\DTS\Binn\;C:\Program Files\Azure Data Studio\bin;C:\Users\Admin\Downloads\jdk-22_windows-x64_bin\jdk-22.0.1\bin;C:\Users\Admin\Downloads\apache-maven-3.9.6\bin;C:\Users\Admin\Downloads\apache-maven-3.9.6\bin;C:\Users\Admin\Downloads\jdk-22_windows-x64_bin\myprj\movewar.bat;C:\Program Files\Git\cmd;C:\Program Files\Docker\Docker\resources\bin;C:\Program Files\nodejs\;C:\ProgramData\chocolatey\bin;C:\Users\Admin\AppData\Local\Programs\Python\Launcher\;C:\Program Files\MySQL\MySQL Shell 8.0\bin\;C:\texlive\2022\bin\win32;C:\Users\Admin\AppData\Local\Microsoft\WindowsApps;C:\Users\Admin\AppData\Local\Programs\MiKTeX\miktex\bin\x64\;C:\Users\Admin\AppData\Local\Programs\Microsoft VS Code\bin;C:\Program Files\Azure Data Studio\bin;C:\MinGW\bin;C:\Users\Admin\Downloads\apache-maven-3.9.6\bin\mvn;C:\Users\Admin\Downloads\jdk-22_windows-x64_bin\jdk-22.0.1\bin;C:\Users\Admin\AppData\Roaming\npm;C:\Programing Files\nodejs;C:\Users\Admin\AppData\Local\GitHubDesktop\bin;F:\IntelliJ IDEA 2025.1\bin;
USERNAME=Admin
LANG=en_US.UTF-8
OS=Windows_NT
PROCESSOR_IDENTIFIER=Intel64 Family 6 Model 141 Stepping 1, GenuineIntel
TMP=C:\Users\Admin\AppData\Local\Temp
TEMP=C:\Users\Admin\AppData\Local\Temp




Periodic native trim disabled

---------------  S Y S T E M  ---------------

OS:
 Windows 11 , 64 bit Build 22621 (10.0.22621.5415)
OS uptime: 1 days 10:51 hours
Hyper-V role detected

CPU: total 12 (initial active 12) (6 cores per cpu, 2 threads per core) family 6 model 141 stepping 1 microcode 0x56, cx8, cmov, fxsr, ht, mmx, 3dnowpref, sse, sse2, sse3, ssse3, sse4.1, sse4.2, popcnt, lzcnt, tsc, tscinvbit, avx, avx2, aes, erms, clmul, bmi1, bmi2, adx, avx512f, avx512dq, avx512cd, avx512bw, avx512vl, sha, fma, vzeroupper, avx512_vpopcntdq, avx512_vpclmulqdq, avx512_vaes, avx512_vnni, clflush, clflushopt, clwb, avx512_vbmi2, avx512_vbmi, hv, rdtscp, rdpid, fsrm, gfni, avx512_bitalg, f16c, cet_ibt, cet_ss, avx512_ifma
Processor Information for all 12 processors :
  Max Mhz: 2688, Current Mhz: 2688, Mhz Limit: 2688

Memory: 4k page, system-wide physical 7922M (412M free)
TotalPageFile size 23505M (AvailPageFile size 120M)
current process WorkingSet (physical memory assigned to process): 12M, peak: 12M
current process commit charge ("private bytes"): 64M, peak: 320M

vm_info: Java HotSpot(TM) 64-Bit Server VM (22.0.1+8-16) for windows-amd64 JRE (22.0.1+8-16), built on 2024-03-12T10:33:16Z by "mach5one" with MS VC++ 17.6 (VS2022)

END.
