#
# There is insufficient memory for the Java Runtime Environment to continue.
# Native memory allocation (malloc) failed to allocate 1509296 bytes. Error detail: Chunk::new
# Possible reasons:
#   The system is out of physical RAM or swap space
#   This process is running with CompressedOops enabled, and the Java Heap may be blocking the growth of the native heap
# Possible solutions:
#   Reduce memory load on the system
#   Increase physical memory or swap space
#   Check if swap backing store is full
#   Decrease Java heap size (-Xmx/-Xms)
#   Decrease number of Java threads
#   Decrease Java thread stack sizes (-Xss)
#   Set larger code cache with -XX:ReservedCodeCacheSize=
#   JVM is running with Unscaled Compressed Oops mode in which the Java heap is
#     placed in the first 4GB address space. The Java Heap base address is the
#     maximum limit for the native heap growth. Please use -XX:HeapBaseMinAddress
#     to set the Java Heap base and to place the Java Heap above 4GB virtual address.
# This output file may be truncated or incomplete.
#
#  Out of Memory Error (arena.cpp:150), pid=25888, tid=31136
#
# JRE version: Java(TM) SE Runtime Environment (22.0.1+8) (build 22.0.1+8-16)
# Java VM: Java HotSpot(TM) 64-Bit Server VM (22.0.1+8-16, mixed mode, sharing, tiered, compressed oops, compressed class ptrs, g1 gc, windows-amd64)
# No core dump will be written. Minidumps are not enabled by default on client versions of Windows
#

---------------  S U M M A R Y ------------

Command Line: -Xms256m -Xmx512m -Dclassworlds.conf=C:\Users\Admin\Downloads\apache-maven-3.9.6\bin\m2.conf -Dmaven.home=C:\Users\Admin\Downloads\apache-maven-3.9.6 -Dlibrary.jansi.path=C:\Users\Admin\Downloads\apache-maven-3.9.6\lib\jansi-native -Dmaven.multiModuleProjectDirectory=F:\intern_microservice\product_service org.codehaus.plexus.classworlds.launcher.Launcher compile

Host: 11th Gen Intel(R) Core(TM) i5-11400H @ 2.70GHz, 12 cores, 7G,  Windows 11 , 64 bit Build 22621 (10.0.22621.5415)
Time: Thu Jun 12 13:55:49 2025 SE Asia Standard Time elapsed time: 4.200237 seconds (0d 0h 0m 4s)

---------------  T H R E A D  ---------------

Current thread (0x00000226c1139460):  JavaThread "C2 CompilerThread0" daemon [_thread_in_native, id=31136, stack(0x0000004c42b00000,0x0000004c42c00000) (1024K)]


Current CompileTask:
C2:4200 4579   !   4       org.codehaus.plexus.interpolation.StringSearchInterpolator::interpolate (668 bytes)

Stack: [0x0000004c42b00000,0x0000004c42c00000]
Native frames: (J=compiled Java code, j=interpreted, Vv=VM code, C=native code)
V  [jvm.dll+0x6e2279]  (no source info available)
V  [jvm.dll+0x874e33]  (no source info available)
V  [jvm.dll+0x87725e]  (no source info available)
V  [jvm.dll+0x877933]  (no source info available)
V  [jvm.dll+0x27fd76]  (no source info available)
V  [jvm.dll+0xc3d0f]  (no source info available)
V  [jvm.dll+0xc3f6b]  (no source info available)
V  [jvm.dll+0x3bb0d2]  (no source info available)
V  [jvm.dll+0x1df87e]  (no source info available)
V  [jvm.dll+0x247a5c]  (no source info available)
V  [jvm.dll+0x246fbf]  (no source info available)
V  [jvm.dll+0x1c4e90]  (no source info available)
V  [jvm.dll+0x2569fe]  (no source info available)
V  [jvm.dll+0x254cba]  (no source info available)
V  [jvm.dll+0x3f5336]  (no source info available)
V  [jvm.dll+0x81d44b]  (no source info available)
V  [jvm.dll+0x6e0915]  (no source info available)
C  [ucrtbase.dll+0x29333]  (no source info available)
C  [KERNEL32.DLL+0x1259d]  (no source info available)
C  [ntdll.dll+0x5af78]  (no source info available)


---------------  P R O C E S S  ---------------

Threads class SMR info:
_java_thread_list=0x00000226e6a3d120, length=13, elements={
0x00000226c66b5960, 0x00000226e15ee460, 0x00000226c11272d0, 0x00000226c1129fe0,
0x00000226c112a950, 0x00000226c112afc0, 0x00000226c112be60, 0x00000226c1139460,
0x00000226c113d110, 0x00000226c12c39d0, 0x00000226c12d48b0, 0x00000226c190bad0,
0x00000226e6a58390
}

Java Threads: ( => current thread )
  0x00000226c66b5960 JavaThread "main"                              [_thread_in_Java, id=13468, stack(0x0000004c41d00000,0x0000004c41e00000) (1024K)]
  0x00000226e15ee460 JavaThread "Reference Handler"          daemon [_thread_blocked, id=4528, stack(0x0000004c42500000,0x0000004c42600000) (1024K)]
  0x00000226c11272d0 JavaThread "Finalizer"                  daemon [_thread_blocked, id=29912, stack(0x0000004c42600000,0x0000004c42700000) (1024K)]
  0x00000226c1129fe0 JavaThread "Signal Dispatcher"          daemon [_thread_blocked, id=28704, stack(0x0000004c42700000,0x0000004c42800000) (1024K)]
  0x00000226c112a950 JavaThread "Attach Listener"            daemon [_thread_blocked, id=31356, stack(0x0000004c42800000,0x0000004c42900000) (1024K)]
  0x00000226c112afc0 JavaThread "Service Thread"             daemon [_thread_blocked, id=21580, stack(0x0000004c42900000,0x0000004c42a00000) (1024K)]
  0x00000226c112be60 JavaThread "Monitor Deflation Thread"   daemon [_thread_blocked, id=20864, stack(0x0000004c42a00000,0x0000004c42b00000) (1024K)]
=>0x00000226c1139460 JavaThread "C2 CompilerThread0"         daemon [_thread_in_native, id=31136, stack(0x0000004c42b00000,0x0000004c42c00000) (1024K)]
  0x00000226c113d110 JavaThread "C1 CompilerThread0"         daemon [_thread_in_vm, id=24180, stack(0x0000004c42c00000,0x0000004c42d00000) (1024K)]
  0x00000226c12c39d0 JavaThread "Notification Thread"        daemon [_thread_blocked, id=30160, stack(0x0000004c42d00000,0x0000004c42e00000) (1024K)]
  0x00000226c12d48b0 JavaThread "Common-Cleaner"             daemon [_thread_blocked, id=8100, stack(0x0000004c42e00000,0x0000004c42f00000) (1024K)]
  0x00000226c190bad0 JavaThread "C2 CompilerThread1"         daemon [_thread_blocked, id=19256, stack(0x0000004c42f00000,0x0000004c43000000) (1024K)]
  0x00000226e6a58390 JavaThread "C2 CompilerThread2"         daemon [_thread_blocked, id=17072, stack(0x0000004c43900000,0x0000004c43a00000) (1024K)]
Total: 13

Other Threads:
  0x00000226e15d57a0 VMThread "VM Thread"                           [id=31148, stack(0x0000004c42400000,0x0000004c42500000) (1024K)]
  0x00000226e15bd7c0 WatcherThread "VM Periodic Task Thread"        [id=29404, stack(0x0000004c42300000,0x0000004c42400000) (1024K)]
  0x00000226c66da700 WorkerThread "GC Thread#0"                     [id=220, stack(0x0000004c41e00000,0x0000004c41f00000) (1024K)]
  0x00000226c1c7f9f0 WorkerThread "GC Thread#1"                     [id=23316, stack(0x0000004c43100000,0x0000004c43200000) (1024K)]
  0x00000226e6054560 WorkerThread "GC Thread#2"                     [id=8704, stack(0x0000004c43200000,0x0000004c43300000) (1024K)]
  0x00000226c1ce00d0 WorkerThread "GC Thread#3"                     [id=10108, stack(0x0000004c43300000,0x0000004c43400000) (1024K)]
  0x00000226c1ce0480 WorkerThread "GC Thread#4"                     [id=16104, stack(0x0000004c43400000,0x0000004c43500000) (1024K)]
  0x00000226c1ce0830 WorkerThread "GC Thread#5"                     [id=2616, stack(0x0000004c43500000,0x0000004c43600000) (1024K)]
  0x00000226e6a80820 WorkerThread "GC Thread#6"                     [id=4504, stack(0x0000004c43600000,0x0000004c43700000) (1024K)]
  0x00000226e658d480 WorkerThread "GC Thread#7"                     [id=9912, stack(0x0000004c43700000,0x0000004c43800000) (1024K)]
  0x00000226c1cfbc50 WorkerThread "GC Thread#8"                     [id=21784, stack(0x0000004c43800000,0x0000004c43900000) (1024K)]
  0x00000226e65dd790 WorkerThread "GC Thread#9"                     [id=16076, stack(0x0000004c43000000,0x0000004c43100000) (1024K)]
  0x00000226c66e0700 ConcurrentGCThread "G1 Main Marker"            [id=29608, stack(0x0000004c41f00000,0x0000004c42000000) (1024K)]
  0x00000226c66e13c0 WorkerThread "G1 Conc#0"                       [id=24940, stack(0x0000004c42000000,0x0000004c42100000) (1024K)]
  0x00000226e14921e0 ConcurrentGCThread "G1 Refine#0"               [id=12568, stack(0x0000004c42100000,0x0000004c42200000) (1024K)]
  0x00000226e1492780 ConcurrentGCThread "G1 Service"                [id=24052, stack(0x0000004c42200000,0x0000004c42300000) (1024K)]
Total: 16

Threads with active compile tasks:
C2 CompilerThread0  4287 4579   !   4       org.codehaus.plexus.interpolation.StringSearchInterpolator::interpolate (668 bytes)
Total: 1

VM state: not at safepoint (normal execution)

VM Mutex/Monitor currently owned by a thread: None

Heap address: 0x00000000e0000000, size: 512 MB, Compressed Oops mode: 32-bit

CDS archive(s) mapped at: [0x0000022680000000-0x0000022680c60000-0x0000022680c60000), size 12976128, SharedBaseAddress: 0x0000022680000000, ArchiveRelocationMode: 1.
Compressed class space mapped at: 0x0000022681000000-0x00000226c1000000, reserved size: 1073741824
Narrow klass base: 0x0000022680000000, Narrow klass shift: 0, Narrow klass range: 0x41000000

GC Precious Log:
 CardTable entry size: 512
 Card Set container configuration: InlinePtr #cards 5 size 8 Array Of Cards #cards 12 size 40 Howl #buckets 4 coarsen threshold 1843 Howl Bitmap #cards 512 size 80 coarsen threshold 460 Card regions per heap region 1 cards per card region 2048
 CPUs: 12 total, 12 available
 Memory: 7922M
 Large Page Support: Disabled
 NUMA Support: Disabled
 Compressed Oops: Enabled (32-bit)
 Heap Region Size: 1M
 Heap Min Capacity: 256M
 Heap Initial Capacity: 256M
 Heap Max Capacity: 512M
 Pre-touch: Disabled
 Parallel Workers: 10
 Concurrent Workers: 3
 Concurrent Refinement Workers: 10
 Periodic GC: Disabled

Heap:
 garbage-first heap   total reserved 524288K, committed 262144K, used 155629K [0x00000000e0000000, 0x0000000100000000)
  region size 1024K, 150 young (153600K), 3 survivors (3072K)
 Metaspace       used 16500K, committed 16768K, reserved 1114112K
  class space    used 1878K, committed 1984K, reserved 1048576K

Heap Regions: E=young(eden), S=young(survivor), O=old, HS=humongous(starts), HC=humongous(continues), CS=collection set, F=free, TAMS=top-at-mark-start, PB=parsable bottom
|   0|0x00000000e0000000, 0x00000000e0100000, 0x00000000e0100000|100%| O|  |TAMS 0x00000000e0000000| PB 0x00000000e0000000| Untracked |  0
|   1|0x00000000e0100000, 0x00000000e0200000, 0x00000000e0200000|100%| O|  |TAMS 0x00000000e0100000| PB 0x00000000e0100000| Untracked |  0
|   2|0x00000000e0200000, 0x00000000e0300000, 0x00000000e0300000|100%| O|  |TAMS 0x00000000e0200000| PB 0x00000000e0200000| Untracked |  0
|   3|0x00000000e0300000, 0x00000000e03bdf90, 0x00000000e0400000| 74%| O|  |TAMS 0x00000000e0300000| PB 0x00000000e0300000| Untracked |  0
|   4|0x00000000e0400000, 0x00000000e0400000, 0x00000000e0500000|  0%| F|  |TAMS 0x00000000e0400000| PB 0x00000000e0400000| Untracked |  0
|   5|0x00000000e0500000, 0x00000000e0500000, 0x00000000e0600000|  0%| F|  |TAMS 0x00000000e0500000| PB 0x00000000e0500000| Untracked |  0
|   6|0x00000000e0600000, 0x00000000e0600000, 0x00000000e0700000|  0%| F|  |TAMS 0x00000000e0600000| PB 0x00000000e0600000| Untracked |  0
|   7|0x00000000e0700000, 0x00000000e0700000, 0x00000000e0800000|  0%| F|  |TAMS 0x00000000e0700000| PB 0x00000000e0700000| Untracked |  0
|   8|0x00000000e0800000, 0x00000000e0800000, 0x00000000e0900000|  0%| F|  |TAMS 0x00000000e0800000| PB 0x00000000e0800000| Untracked |  0
|   9|0x00000000e0900000, 0x00000000e0900000, 0x00000000e0a00000|  0%| F|  |TAMS 0x00000000e0900000| PB 0x00000000e0900000| Untracked |  0
|  10|0x00000000e0a00000, 0x00000000e0a00000, 0x00000000e0b00000|  0%| F|  |TAMS 0x00000000e0a00000| PB 0x00000000e0a00000| Untracked |  0
|  11|0x00000000e0b00000, 0x00000000e0b00000, 0x00000000e0c00000|  0%| F|  |TAMS 0x00000000e0b00000| PB 0x00000000e0b00000| Untracked |  0
|  12|0x00000000e0c00000, 0x00000000e0c00000, 0x00000000e0d00000|  0%| F|  |TAMS 0x00000000e0c00000| PB 0x00000000e0c00000| Untracked |  0
|  13|0x00000000e0d00000, 0x00000000e0d00000, 0x00000000e0e00000|  0%| F|  |TAMS 0x00000000e0d00000| PB 0x00000000e0d00000| Untracked |  0
|  14|0x00000000e0e00000, 0x00000000e0e00000, 0x00000000e0f00000|  0%| F|  |TAMS 0x00000000e0e00000| PB 0x00000000e0e00000| Untracked |  0
|  15|0x00000000e0f00000, 0x00000000e0f00000, 0x00000000e1000000|  0%| F|  |TAMS 0x00000000e0f00000| PB 0x00000000e0f00000| Untracked |  0
|  16|0x00000000e1000000, 0x00000000e1000000, 0x00000000e1100000|  0%| F|  |TAMS 0x00000000e1000000| PB 0x00000000e1000000| Untracked |  0
|  17|0x00000000e1100000, 0x00000000e1100000, 0x00000000e1200000|  0%| F|  |TAMS 0x00000000e1100000| PB 0x00000000e1100000| Untracked |  0
|  18|0x00000000e1200000, 0x00000000e1200000, 0x00000000e1300000|  0%| F|  |TAMS 0x00000000e1200000| PB 0x00000000e1200000| Untracked |  0
|  19|0x00000000e1300000, 0x00000000e1300000, 0x00000000e1400000|  0%| F|  |TAMS 0x00000000e1300000| PB 0x00000000e1300000| Untracked |  0
|  20|0x00000000e1400000, 0x00000000e1400000, 0x00000000e1500000|  0%| F|  |TAMS 0x00000000e1400000| PB 0x00000000e1400000| Untracked |  0
|  21|0x00000000e1500000, 0x00000000e1500000, 0x00000000e1600000|  0%| F|  |TAMS 0x00000000e1500000| PB 0x00000000e1500000| Untracked |  0
|  22|0x00000000e1600000, 0x00000000e1600000, 0x00000000e1700000|  0%| F|  |TAMS 0x00000000e1600000| PB 0x00000000e1600000| Untracked |  0
|  23|0x00000000e1700000, 0x00000000e1700000, 0x00000000e1800000|  0%| F|  |TAMS 0x00000000e1700000| PB 0x00000000e1700000| Untracked |  0
|  24|0x00000000e1800000, 0x00000000e1800000, 0x00000000e1900000|  0%| F|  |TAMS 0x00000000e1800000| PB 0x00000000e1800000| Untracked |  0
|  25|0x00000000e1900000, 0x00000000e1900000, 0x00000000e1a00000|  0%| F|  |TAMS 0x00000000e1900000| PB 0x00000000e1900000| Untracked |  0
|  26|0x00000000e1a00000, 0x00000000e1a00000, 0x00000000e1b00000|  0%| F|  |TAMS 0x00000000e1a00000| PB 0x00000000e1a00000| Untracked |  0
|  27|0x00000000e1b00000, 0x00000000e1b00000, 0x00000000e1c00000|  0%| F|  |TAMS 0x00000000e1b00000| PB 0x00000000e1b00000| Untracked |  0
|  28|0x00000000e1c00000, 0x00000000e1c00000, 0x00000000e1d00000|  0%| F|  |TAMS 0x00000000e1c00000| PB 0x00000000e1c00000| Untracked |  0
|  29|0x00000000e1d00000, 0x00000000e1d00000, 0x00000000e1e00000|  0%| F|  |TAMS 0x00000000e1d00000| PB 0x00000000e1d00000| Untracked |  0
|  30|0x00000000e1e00000, 0x00000000e1e00000, 0x00000000e1f00000|  0%| F|  |TAMS 0x00000000e1e00000| PB 0x00000000e1e00000| Untracked |  0
|  31|0x00000000e1f00000, 0x00000000e1f00000, 0x00000000e2000000|  0%| F|  |TAMS 0x00000000e1f00000| PB 0x00000000e1f00000| Untracked |  0
|  32|0x00000000e2000000, 0x00000000e2000000, 0x00000000e2100000|  0%| F|  |TAMS 0x00000000e2000000| PB 0x00000000e2000000| Untracked |  0
|  33|0x00000000e2100000, 0x00000000e2100000, 0x00000000e2200000|  0%| F|  |TAMS 0x00000000e2100000| PB 0x00000000e2100000| Untracked |  0
|  34|0x00000000e2200000, 0x00000000e2200000, 0x00000000e2300000|  0%| F|  |TAMS 0x00000000e2200000| PB 0x00000000e2200000| Untracked |  0
|  35|0x00000000e2300000, 0x00000000e2300000, 0x00000000e2400000|  0%| F|  |TAMS 0x00000000e2300000| PB 0x00000000e2300000| Untracked |  0
|  36|0x00000000e2400000, 0x00000000e2400000, 0x00000000e2500000|  0%| F|  |TAMS 0x00000000e2400000| PB 0x00000000e2400000| Untracked |  0
|  37|0x00000000e2500000, 0x00000000e2500000, 0x00000000e2600000|  0%| F|  |TAMS 0x00000000e2500000| PB 0x00000000e2500000| Untracked |  0
|  38|0x00000000e2600000, 0x00000000e2600000, 0x00000000e2700000|  0%| F|  |TAMS 0x00000000e2600000| PB 0x00000000e2600000| Untracked |  0
|  39|0x00000000e2700000, 0x00000000e2700000, 0x00000000e2800000|  0%| F|  |TAMS 0x00000000e2700000| PB 0x00000000e2700000| Untracked |  0
|  40|0x00000000e2800000, 0x00000000e2800000, 0x00000000e2900000|  0%| F|  |TAMS 0x00000000e2800000| PB 0x00000000e2800000| Untracked |  0
|  41|0x00000000e2900000, 0x00000000e2900000, 0x00000000e2a00000|  0%| F|  |TAMS 0x00000000e2900000| PB 0x00000000e2900000| Untracked |  0
|  42|0x00000000e2a00000, 0x00000000e2a00000, 0x00000000e2b00000|  0%| F|  |TAMS 0x00000000e2a00000| PB 0x00000000e2a00000| Untracked |  0
|  43|0x00000000e2b00000, 0x00000000e2b00000, 0x00000000e2c00000|  0%| F|  |TAMS 0x00000000e2b00000| PB 0x00000000e2b00000| Untracked |  0
|  44|0x00000000e2c00000, 0x00000000e2c00000, 0x00000000e2d00000|  0%| F|  |TAMS 0x00000000e2c00000| PB 0x00000000e2c00000| Untracked |  0
|  45|0x00000000e2d00000, 0x00000000e2d00000, 0x00000000e2e00000|  0%| F|  |TAMS 0x00000000e2d00000| PB 0x00000000e2d00000| Untracked |  0
|  46|0x00000000e2e00000, 0x00000000e2e00000, 0x00000000e2f00000|  0%| F|  |TAMS 0x00000000e2e00000| PB 0x00000000e2e00000| Untracked |  0
|  47|0x00000000e2f00000, 0x00000000e2f00000, 0x00000000e3000000|  0%| F|  |TAMS 0x00000000e2f00000| PB 0x00000000e2f00000| Untracked |  0
|  48|0x00000000e3000000, 0x00000000e3000000, 0x00000000e3100000|  0%| F|  |TAMS 0x00000000e3000000| PB 0x00000000e3000000| Untracked |  0
|  49|0x00000000e3100000, 0x00000000e3100000, 0x00000000e3200000|  0%| F|  |TAMS 0x00000000e3100000| PB 0x00000000e3100000| Untracked |  0
|  50|0x00000000e3200000, 0x00000000e3200000, 0x00000000e3300000|  0%| F|  |TAMS 0x00000000e3200000| PB 0x00000000e3200000| Untracked |  0
|  51|0x00000000e3300000, 0x00000000e3300000, 0x00000000e3400000|  0%| F|  |TAMS 0x00000000e3300000| PB 0x00000000e3300000| Untracked |  0
|  52|0x00000000e3400000, 0x00000000e3400000, 0x00000000e3500000|  0%| F|  |TAMS 0x00000000e3400000| PB 0x00000000e3400000| Untracked |  0
|  53|0x00000000e3500000, 0x00000000e3500000, 0x00000000e3600000|  0%| F|  |TAMS 0x00000000e3500000| PB 0x00000000e3500000| Untracked |  0
|  54|0x00000000e3600000, 0x00000000e3600000, 0x00000000e3700000|  0%| F|  |TAMS 0x00000000e3600000| PB 0x00000000e3600000| Untracked |  0
|  55|0x00000000e3700000, 0x00000000e3700000, 0x00000000e3800000|  0%| F|  |TAMS 0x00000000e3700000| PB 0x00000000e3700000| Untracked |  0
|  56|0x00000000e3800000, 0x00000000e3800000, 0x00000000e3900000|  0%| F|  |TAMS 0x00000000e3800000| PB 0x00000000e3800000| Untracked |  0
|  57|0x00000000e3900000, 0x00000000e3900000, 0x00000000e3a00000|  0%| F|  |TAMS 0x00000000e3900000| PB 0x00000000e3900000| Untracked |  0
|  58|0x00000000e3a00000, 0x00000000e3a00000, 0x00000000e3b00000|  0%| F|  |TAMS 0x00000000e3a00000| PB 0x00000000e3a00000| Untracked |  0
|  59|0x00000000e3b00000, 0x00000000e3b00000, 0x00000000e3c00000|  0%| F|  |TAMS 0x00000000e3b00000| PB 0x00000000e3b00000| Untracked |  0
|  60|0x00000000e3c00000, 0x00000000e3c00000, 0x00000000e3d00000|  0%| F|  |TAMS 0x00000000e3c00000| PB 0x00000000e3c00000| Untracked |  0
|  61|0x00000000e3d00000, 0x00000000e3d00000, 0x00000000e3e00000|  0%| F|  |TAMS 0x00000000e3d00000| PB 0x00000000e3d00000| Untracked |  0
|  62|0x00000000e3e00000, 0x00000000e3e00000, 0x00000000e3f00000|  0%| F|  |TAMS 0x00000000e3e00000| PB 0x00000000e3e00000| Untracked |  0
|  63|0x00000000e3f00000, 0x00000000e3f00000, 0x00000000e4000000|  0%| F|  |TAMS 0x00000000e3f00000| PB 0x00000000e3f00000| Untracked |  0
|  64|0x00000000e4000000, 0x00000000e4000000, 0x00000000e4100000|  0%| F|  |TAMS 0x00000000e4000000| PB 0x00000000e4000000| Untracked |  0
|  65|0x00000000e4100000, 0x00000000e4100000, 0x00000000e4200000|  0%| F|  |TAMS 0x00000000e4100000| PB 0x00000000e4100000| Untracked |  0
|  66|0x00000000e4200000, 0x00000000e4200000, 0x00000000e4300000|  0%| F|  |TAMS 0x00000000e4200000| PB 0x00000000e4200000| Untracked |  0
|  67|0x00000000e4300000, 0x00000000e4300000, 0x00000000e4400000|  0%| F|  |TAMS 0x00000000e4300000| PB 0x00000000e4300000| Untracked |  0
|  68|0x00000000e4400000, 0x00000000e4400000, 0x00000000e4500000|  0%| F|  |TAMS 0x00000000e4400000| PB 0x00000000e4400000| Untracked |  0
|  69|0x00000000e4500000, 0x00000000e4500000, 0x00000000e4600000|  0%| F|  |TAMS 0x00000000e4500000| PB 0x00000000e4500000| Untracked |  0
|  70|0x00000000e4600000, 0x00000000e4600000, 0x00000000e4700000|  0%| F|  |TAMS 0x00000000e4600000| PB 0x00000000e4600000| Untracked |  0
|  71|0x00000000e4700000, 0x00000000e4700000, 0x00000000e4800000|  0%| F|  |TAMS 0x00000000e4700000| PB 0x00000000e4700000| Untracked |  0
|  72|0x00000000e4800000, 0x00000000e4800000, 0x00000000e4900000|  0%| F|  |TAMS 0x00000000e4800000| PB 0x00000000e4800000| Untracked |  0
|  73|0x00000000e4900000, 0x00000000e4900000, 0x00000000e4a00000|  0%| F|  |TAMS 0x00000000e4900000| PB 0x00000000e4900000| Untracked |  0
|  74|0x00000000e4a00000, 0x00000000e4a00000, 0x00000000e4b00000|  0%| F|  |TAMS 0x00000000e4a00000| PB 0x00000000e4a00000| Untracked |  0
|  75|0x00000000e4b00000, 0x00000000e4b00000, 0x00000000e4c00000|  0%| F|  |TAMS 0x00000000e4b00000| PB 0x00000000e4b00000| Untracked |  0
|  76|0x00000000e4c00000, 0x00000000e4c00000, 0x00000000e4d00000|  0%| F|  |TAMS 0x00000000e4c00000| PB 0x00000000e4c00000| Untracked |  0
|  77|0x00000000e4d00000, 0x00000000e4d00000, 0x00000000e4e00000|  0%| F|  |TAMS 0x00000000e4d00000| PB 0x00000000e4d00000| Untracked |  0
|  78|0x00000000e4e00000, 0x00000000e4e00000, 0x00000000e4f00000|  0%| F|  |TAMS 0x00000000e4e00000| PB 0x00000000e4e00000| Untracked |  0
|  79|0x00000000e4f00000, 0x00000000e4f00000, 0x00000000e5000000|  0%| F|  |TAMS 0x00000000e4f00000| PB 0x00000000e4f00000| Untracked |  0
|  80|0x00000000e5000000, 0x00000000e5000000, 0x00000000e5100000|  0%| F|  |TAMS 0x00000000e5000000| PB 0x00000000e5000000| Untracked |  0
|  81|0x00000000e5100000, 0x00000000e5100000, 0x00000000e5200000|  0%| F|  |TAMS 0x00000000e5100000| PB 0x00000000e5100000| Untracked |  0
|  82|0x00000000e5200000, 0x00000000e5200000, 0x00000000e5300000|  0%| F|  |TAMS 0x00000000e5200000| PB 0x00000000e5200000| Untracked |  0
|  83|0x00000000e5300000, 0x00000000e5300000, 0x00000000e5400000|  0%| F|  |TAMS 0x00000000e5300000| PB 0x00000000e5300000| Untracked |  0
|  84|0x00000000e5400000, 0x00000000e5400000, 0x00000000e5500000|  0%| F|  |TAMS 0x00000000e5400000| PB 0x00000000e5400000| Untracked |  0
|  85|0x00000000e5500000, 0x00000000e5500000, 0x00000000e5600000|  0%| F|  |TAMS 0x00000000e5500000| PB 0x00000000e5500000| Untracked |  0
|  86|0x00000000e5600000, 0x00000000e5600000, 0x00000000e5700000|  0%| F|  |TAMS 0x00000000e5600000| PB 0x00000000e5600000| Untracked |  0
|  87|0x00000000e5700000, 0x00000000e5700000, 0x00000000e5800000|  0%| F|  |TAMS 0x00000000e5700000| PB 0x00000000e5700000| Untracked |  0
|  88|0x00000000e5800000, 0x00000000e5800000, 0x00000000e5900000|  0%| F|  |TAMS 0x00000000e5800000| PB 0x00000000e5800000| Untracked |  0
|  89|0x00000000e5900000, 0x00000000e5900000, 0x00000000e5a00000|  0%| F|  |TAMS 0x00000000e5900000| PB 0x00000000e5900000| Untracked |  0
|  90|0x00000000e5a00000, 0x00000000e5a00000, 0x00000000e5b00000|  0%| F|  |TAMS 0x00000000e5a00000| PB 0x00000000e5a00000| Untracked |  0
|  91|0x00000000e5b00000, 0x00000000e5b00000, 0x00000000e5c00000|  0%| F|  |TAMS 0x00000000e5b00000| PB 0x00000000e5b00000| Untracked |  0
|  92|0x00000000e5c00000, 0x00000000e5c00000, 0x00000000e5d00000|  0%| F|  |TAMS 0x00000000e5c00000| PB 0x00000000e5c00000| Untracked |  0
|  93|0x00000000e5d00000, 0x00000000e5d00000, 0x00000000e5e00000|  0%| F|  |TAMS 0x00000000e5d00000| PB 0x00000000e5d00000| Untracked |  0
|  94|0x00000000e5e00000, 0x00000000e5e00000, 0x00000000e5f00000|  0%| F|  |TAMS 0x00000000e5e00000| PB 0x00000000e5e00000| Untracked |  0
|  95|0x00000000e5f00000, 0x00000000e5f00000, 0x00000000e6000000|  0%| F|  |TAMS 0x00000000e5f00000| PB 0x00000000e5f00000| Untracked |  0
|  96|0x00000000e6000000, 0x00000000e6000000, 0x00000000e6100000|  0%| F|  |TAMS 0x00000000e6000000| PB 0x00000000e6000000| Untracked |  0
|  97|0x00000000e6100000, 0x00000000e6100000, 0x00000000e6200000|  0%| F|  |TAMS 0x00000000e6100000| PB 0x00000000e6100000| Untracked |  0
|  98|0x00000000e6200000, 0x00000000e6200000, 0x00000000e6300000|  0%| F|  |TAMS 0x00000000e6200000| PB 0x00000000e6200000| Untracked |  0
|  99|0x00000000e6300000, 0x00000000e6300000, 0x00000000e6400000|  0%| F|  |TAMS 0x00000000e6300000| PB 0x00000000e6300000| Untracked |  0
| 100|0x00000000e6400000, 0x00000000e6400000, 0x00000000e6500000|  0%| F|  |TAMS 0x00000000e6400000| PB 0x00000000e6400000| Untracked |  0
| 101|0x00000000e6500000, 0x00000000e6500000, 0x00000000e6600000|  0%| F|  |TAMS 0x00000000e6500000| PB 0x00000000e6500000| Untracked |  0
| 102|0x00000000e6600000, 0x00000000e6600000, 0x00000000e6700000|  0%| F|  |TAMS 0x00000000e6600000| PB 0x00000000e6600000| Untracked |  0
| 103|0x00000000e6700000, 0x00000000e6700000, 0x00000000e6800000|  0%| F|  |TAMS 0x00000000e6700000| PB 0x00000000e6700000| Untracked |  0
| 104|0x00000000e6800000, 0x00000000e6800000, 0x00000000e6900000|  0%| F|  |TAMS 0x00000000e6800000| PB 0x00000000e6800000| Untracked |  0
| 105|0x00000000e6900000, 0x00000000e6900000, 0x00000000e6a00000|  0%| F|  |TAMS 0x00000000e6900000| PB 0x00000000e6900000| Untracked |  0
| 106|0x00000000e6a00000, 0x00000000e6b00000, 0x00000000e6b00000|100%| E|  |TAMS 0x00000000e6a00000| PB 0x00000000e6a00000| Complete |  0
| 107|0x00000000e6b00000, 0x00000000e6c00000, 0x00000000e6c00000|100%| E|CS|TAMS 0x00000000e6b00000| PB 0x00000000e6b00000| Complete |  0
| 108|0x00000000e6c00000, 0x00000000e6d00000, 0x00000000e6d00000|100%| E|CS|TAMS 0x00000000e6c00000| PB 0x00000000e6c00000| Complete |  0
| 109|0x00000000e6d00000, 0x00000000e6e00000, 0x00000000e6e00000|100%| E|CS|TAMS 0x00000000e6d00000| PB 0x00000000e6d00000| Complete |  0
| 110|0x00000000e6e00000, 0x00000000e6f00000, 0x00000000e6f00000|100%| E|CS|TAMS 0x00000000e6e00000| PB 0x00000000e6e00000| Complete |  0
| 111|0x00000000e6f00000, 0x00000000e7000000, 0x00000000e7000000|100%| E|CS|TAMS 0x00000000e6f00000| PB 0x00000000e6f00000| Complete |  0
| 112|0x00000000e7000000, 0x00000000e7100000, 0x00000000e7100000|100%| E|CS|TAMS 0x00000000e7000000| PB 0x00000000e7000000| Complete |  0
| 113|0x00000000e7100000, 0x00000000e7200000, 0x00000000e7200000|100%| E|CS|TAMS 0x00000000e7100000| PB 0x00000000e7100000| Complete |  0
| 114|0x00000000e7200000, 0x00000000e7300000, 0x00000000e7300000|100%| E|CS|TAMS 0x00000000e7200000| PB 0x00000000e7200000| Complete |  0
| 115|0x00000000e7300000, 0x00000000e7400000, 0x00000000e7400000|100%| E|CS|TAMS 0x00000000e7300000| PB 0x00000000e7300000| Complete |  0
| 116|0x00000000e7400000, 0x00000000e7500000, 0x00000000e7500000|100%| E|CS|TAMS 0x00000000e7400000| PB 0x00000000e7400000| Complete |  0
| 117|0x00000000e7500000, 0x00000000e7600000, 0x00000000e7600000|100%| E|CS|TAMS 0x00000000e7500000| PB 0x00000000e7500000| Complete |  0
| 118|0x00000000e7600000, 0x00000000e7700000, 0x00000000e7700000|100%| E|CS|TAMS 0x00000000e7600000| PB 0x00000000e7600000| Complete |  0
| 119|0x00000000e7700000, 0x00000000e7800000, 0x00000000e7800000|100%| E|CS|TAMS 0x00000000e7700000| PB 0x00000000e7700000| Complete |  0
| 120|0x00000000e7800000, 0x00000000e7900000, 0x00000000e7900000|100%| E|CS|TAMS 0x00000000e7800000| PB 0x00000000e7800000| Complete |  0
| 121|0x00000000e7900000, 0x00000000e7a00000, 0x00000000e7a00000|100%| E|CS|TAMS 0x00000000e7900000| PB 0x00000000e7900000| Complete |  0
| 122|0x00000000e7a00000, 0x00000000e7b00000, 0x00000000e7b00000|100%| E|CS|TAMS 0x00000000e7a00000| PB 0x00000000e7a00000| Complete |  0
| 123|0x00000000e7b00000, 0x00000000e7c00000, 0x00000000e7c00000|100%| E|CS|TAMS 0x00000000e7b00000| PB 0x00000000e7b00000| Complete |  0
| 124|0x00000000e7c00000, 0x00000000e7d00000, 0x00000000e7d00000|100%| E|CS|TAMS 0x00000000e7c00000| PB 0x00000000e7c00000| Complete |  0
| 125|0x00000000e7d00000, 0x00000000e7e00000, 0x00000000e7e00000|100%| E|CS|TAMS 0x00000000e7d00000| PB 0x00000000e7d00000| Complete |  0
| 126|0x00000000e7e00000, 0x00000000e7f00000, 0x00000000e7f00000|100%| E|CS|TAMS 0x00000000e7e00000| PB 0x00000000e7e00000| Complete |  0
| 127|0x00000000e7f00000, 0x00000000e8000000, 0x00000000e8000000|100%| E|CS|TAMS 0x00000000e7f00000| PB 0x00000000e7f00000| Complete |  0
| 128|0x00000000e8000000, 0x00000000e8100000, 0x00000000e8100000|100%| E|CS|TAMS 0x00000000e8000000| PB 0x00000000e8000000| Complete |  0
| 129|0x00000000e8100000, 0x00000000e8200000, 0x00000000e8200000|100%| E|CS|TAMS 0x00000000e8100000| PB 0x00000000e8100000| Complete |  0
| 130|0x00000000e8200000, 0x00000000e8300000, 0x00000000e8300000|100%| E|CS|TAMS 0x00000000e8200000| PB 0x00000000e8200000| Complete |  0
| 131|0x00000000e8300000, 0x00000000e8400000, 0x00000000e8400000|100%| E|CS|TAMS 0x00000000e8300000| PB 0x00000000e8300000| Complete |  0
| 132|0x00000000e8400000, 0x00000000e8500000, 0x00000000e8500000|100%| E|CS|TAMS 0x00000000e8400000| PB 0x00000000e8400000| Complete |  0
| 133|0x00000000e8500000, 0x00000000e8600000, 0x00000000e8600000|100%| E|CS|TAMS 0x00000000e8500000| PB 0x00000000e8500000| Complete |  0
| 134|0x00000000e8600000, 0x00000000e8700000, 0x00000000e8700000|100%| E|CS|TAMS 0x00000000e8600000| PB 0x00000000e8600000| Complete |  0
| 135|0x00000000e8700000, 0x00000000e8800000, 0x00000000e8800000|100%| E|CS|TAMS 0x00000000e8700000| PB 0x00000000e8700000| Complete |  0
| 136|0x00000000e8800000, 0x00000000e8900000, 0x00000000e8900000|100%| E|CS|TAMS 0x00000000e8800000| PB 0x00000000e8800000| Complete |  0
| 137|0x00000000e8900000, 0x00000000e8a00000, 0x00000000e8a00000|100%| E|CS|TAMS 0x00000000e8900000| PB 0x00000000e8900000| Complete |  0
| 138|0x00000000e8a00000, 0x00000000e8b00000, 0x00000000e8b00000|100%| E|CS|TAMS 0x00000000e8a00000| PB 0x00000000e8a00000| Complete |  0
| 139|0x00000000e8b00000, 0x00000000e8c00000, 0x00000000e8c00000|100%| E|CS|TAMS 0x00000000e8b00000| PB 0x00000000e8b00000| Complete |  0
| 140|0x00000000e8c00000, 0x00000000e8d00000, 0x00000000e8d00000|100%| E|CS|TAMS 0x00000000e8c00000| PB 0x00000000e8c00000| Complete |  0
| 141|0x00000000e8d00000, 0x00000000e8e00000, 0x00000000e8e00000|100%| E|CS|TAMS 0x00000000e8d00000| PB 0x00000000e8d00000| Complete |  0
| 142|0x00000000e8e00000, 0x00000000e8f00000, 0x00000000e8f00000|100%| E|CS|TAMS 0x00000000e8e00000| PB 0x00000000e8e00000| Complete |  0
| 143|0x00000000e8f00000, 0x00000000e9000000, 0x00000000e9000000|100%| E|CS|TAMS 0x00000000e8f00000| PB 0x00000000e8f00000| Complete |  0
| 144|0x00000000e9000000, 0x00000000e9100000, 0x00000000e9100000|100%| E|CS|TAMS 0x00000000e9000000| PB 0x00000000e9000000| Complete |  0
| 145|0x00000000e9100000, 0x00000000e9200000, 0x00000000e9200000|100%| E|CS|TAMS 0x00000000e9100000| PB 0x00000000e9100000| Complete |  0
| 146|0x00000000e9200000, 0x00000000e9300000, 0x00000000e9300000|100%| E|CS|TAMS 0x00000000e9200000| PB 0x00000000e9200000| Complete |  0
| 147|0x00000000e9300000, 0x00000000e9400000, 0x00000000e9400000|100%| E|CS|TAMS 0x00000000e9300000| PB 0x00000000e9300000| Complete |  0
| 148|0x00000000e9400000, 0x00000000e9500000, 0x00000000e9500000|100%| E|CS|TAMS 0x00000000e9400000| PB 0x00000000e9400000| Complete |  0
| 149|0x00000000e9500000, 0x00000000e9600000, 0x00000000e9600000|100%| E|CS|TAMS 0x00000000e9500000| PB 0x00000000e9500000| Complete |  0
| 150|0x00000000e9600000, 0x00000000e9700000, 0x00000000e9700000|100%| E|CS|TAMS 0x00000000e9600000| PB 0x00000000e9600000| Complete |  0
| 151|0x00000000e9700000, 0x00000000e9800000, 0x00000000e9800000|100%| E|CS|TAMS 0x00000000e9700000| PB 0x00000000e9700000| Complete |  0
| 152|0x00000000e9800000, 0x00000000e9900000, 0x00000000e9900000|100%| E|CS|TAMS 0x00000000e9800000| PB 0x00000000e9800000| Complete |  0
| 153|0x00000000e9900000, 0x00000000e9a00000, 0x00000000e9a00000|100%| E|CS|TAMS 0x00000000e9900000| PB 0x00000000e9900000| Complete |  0
| 154|0x00000000e9a00000, 0x00000000e9b00000, 0x00000000e9b00000|100%| E|CS|TAMS 0x00000000e9a00000| PB 0x00000000e9a00000| Complete |  0
| 155|0x00000000e9b00000, 0x00000000e9c00000, 0x00000000e9c00000|100%| E|CS|TAMS 0x00000000e9b00000| PB 0x00000000e9b00000| Complete |  0
| 156|0x00000000e9c00000, 0x00000000e9d00000, 0x00000000e9d00000|100%| E|CS|TAMS 0x00000000e9c00000| PB 0x00000000e9c00000| Complete |  0
| 157|0x00000000e9d00000, 0x00000000e9e00000, 0x00000000e9e00000|100%| E|CS|TAMS 0x00000000e9d00000| PB 0x00000000e9d00000| Complete |  0
| 158|0x00000000e9e00000, 0x00000000e9f00000, 0x00000000e9f00000|100%| E|CS|TAMS 0x00000000e9e00000| PB 0x00000000e9e00000| Complete |  0
| 159|0x00000000e9f00000, 0x00000000ea000000, 0x00000000ea000000|100%| E|CS|TAMS 0x00000000e9f00000| PB 0x00000000e9f00000| Complete |  0
| 160|0x00000000ea000000, 0x00000000ea100000, 0x00000000ea100000|100%| E|CS|TAMS 0x00000000ea000000| PB 0x00000000ea000000| Complete |  0
| 161|0x00000000ea100000, 0x00000000ea200000, 0x00000000ea200000|100%| E|CS|TAMS 0x00000000ea100000| PB 0x00000000ea100000| Complete |  0
| 162|0x00000000ea200000, 0x00000000ea300000, 0x00000000ea300000|100%| E|CS|TAMS 0x00000000ea200000| PB 0x00000000ea200000| Complete |  0
| 163|0x00000000ea300000, 0x00000000ea400000, 0x00000000ea400000|100%| E|CS|TAMS 0x00000000ea300000| PB 0x00000000ea300000| Complete |  0
| 164|0x00000000ea400000, 0x00000000ea500000, 0x00000000ea500000|100%| E|CS|TAMS 0x00000000ea400000| PB 0x00000000ea400000| Complete |  0
| 165|0x00000000ea500000, 0x00000000ea600000, 0x00000000ea600000|100%| E|CS|TAMS 0x00000000ea500000| PB 0x00000000ea500000| Complete |  0
| 166|0x00000000ea600000, 0x00000000ea700000, 0x00000000ea700000|100%| E|CS|TAMS 0x00000000ea600000| PB 0x00000000ea600000| Complete |  0
| 167|0x00000000ea700000, 0x00000000ea800000, 0x00000000ea800000|100%| E|CS|TAMS 0x00000000ea700000| PB 0x00000000ea700000| Complete |  0
| 168|0x00000000ea800000, 0x00000000ea900000, 0x00000000ea900000|100%| E|CS|TAMS 0x00000000ea800000| PB 0x00000000ea800000| Complete |  0
| 169|0x00000000ea900000, 0x00000000eaa00000, 0x00000000eaa00000|100%| E|CS|TAMS 0x00000000ea900000| PB 0x00000000ea900000| Complete |  0
| 170|0x00000000eaa00000, 0x00000000eab00000, 0x00000000eab00000|100%| E|CS|TAMS 0x00000000eaa00000| PB 0x00000000eaa00000| Complete |  0
| 171|0x00000000eab00000, 0x00000000eac00000, 0x00000000eac00000|100%| E|CS|TAMS 0x00000000eab00000| PB 0x00000000eab00000| Complete |  0
| 172|0x00000000eac00000, 0x00000000ead00000, 0x00000000ead00000|100%| E|CS|TAMS 0x00000000eac00000| PB 0x00000000eac00000| Complete |  0
| 173|0x00000000ead00000, 0x00000000eae00000, 0x00000000eae00000|100%| E|CS|TAMS 0x00000000ead00000| PB 0x00000000ead00000| Complete |  0
| 174|0x00000000eae00000, 0x00000000eaf00000, 0x00000000eaf00000|100%| E|CS|TAMS 0x00000000eae00000| PB 0x00000000eae00000| Complete |  0
| 175|0x00000000eaf00000, 0x00000000eb000000, 0x00000000eb000000|100%| E|CS|TAMS 0x00000000eaf00000| PB 0x00000000eaf00000| Complete |  0
| 176|0x00000000eb000000, 0x00000000eb100000, 0x00000000eb100000|100%| E|CS|TAMS 0x00000000eb000000| PB 0x00000000eb000000| Complete |  0
| 177|0x00000000eb100000, 0x00000000eb200000, 0x00000000eb200000|100%| E|CS|TAMS 0x00000000eb100000| PB 0x00000000eb100000| Complete |  0
| 178|0x00000000eb200000, 0x00000000eb300000, 0x00000000eb300000|100%| E|CS|TAMS 0x00000000eb200000| PB 0x00000000eb200000| Complete |  0
| 179|0x00000000eb300000, 0x00000000eb400000, 0x00000000eb400000|100%| E|CS|TAMS 0x00000000eb300000| PB 0x00000000eb300000| Complete |  0
| 180|0x00000000eb400000, 0x00000000eb500000, 0x00000000eb500000|100%| E|CS|TAMS 0x00000000eb400000| PB 0x00000000eb400000| Complete |  0
| 181|0x00000000eb500000, 0x00000000eb600000, 0x00000000eb600000|100%| E|CS|TAMS 0x00000000eb500000| PB 0x00000000eb500000| Complete |  0
| 182|0x00000000eb600000, 0x00000000eb700000, 0x00000000eb700000|100%| E|CS|TAMS 0x00000000eb600000| PB 0x00000000eb600000| Complete |  0
| 183|0x00000000eb700000, 0x00000000eb800000, 0x00000000eb800000|100%| E|CS|TAMS 0x00000000eb700000| PB 0x00000000eb700000| Complete |  0
| 184|0x00000000eb800000, 0x00000000eb900000, 0x00000000eb900000|100%| E|CS|TAMS 0x00000000eb800000| PB 0x00000000eb800000| Complete |  0
| 185|0x00000000eb900000, 0x00000000eba00000, 0x00000000eba00000|100%| E|CS|TAMS 0x00000000eb900000| PB 0x00000000eb900000| Complete |  0
| 186|0x00000000eba00000, 0x00000000ebb00000, 0x00000000ebb00000|100%| E|CS|TAMS 0x00000000eba00000| PB 0x00000000eba00000| Complete |  0
| 187|0x00000000ebb00000, 0x00000000ebc00000, 0x00000000ebc00000|100%| E|CS|TAMS 0x00000000ebb00000| PB 0x00000000ebb00000| Complete |  0
| 188|0x00000000ebc00000, 0x00000000ebd00000, 0x00000000ebd00000|100%| E|CS|TAMS 0x00000000ebc00000| PB 0x00000000ebc00000| Complete |  0
| 189|0x00000000ebd00000, 0x00000000ebe00000, 0x00000000ebe00000|100%| E|CS|TAMS 0x00000000ebd00000| PB 0x00000000ebd00000| Complete |  0
| 190|0x00000000ebe00000, 0x00000000ebf00000, 0x00000000ebf00000|100%| E|CS|TAMS 0x00000000ebe00000| PB 0x00000000ebe00000| Complete |  0
| 191|0x00000000ebf00000, 0x00000000ec000000, 0x00000000ec000000|100%| E|CS|TAMS 0x00000000ebf00000| PB 0x00000000ebf00000| Complete |  0
| 192|0x00000000ec000000, 0x00000000ec100000, 0x00000000ec100000|100%| E|CS|TAMS 0x00000000ec000000| PB 0x00000000ec000000| Complete |  0
| 193|0x00000000ec100000, 0x00000000ec200000, 0x00000000ec200000|100%| E|CS|TAMS 0x00000000ec100000| PB 0x00000000ec100000| Complete |  0
| 194|0x00000000ec200000, 0x00000000ec300000, 0x00000000ec300000|100%| E|CS|TAMS 0x00000000ec200000| PB 0x00000000ec200000| Complete |  0
| 195|0x00000000ec300000, 0x00000000ec400000, 0x00000000ec400000|100%| E|CS|TAMS 0x00000000ec300000| PB 0x00000000ec300000| Complete |  0
| 196|0x00000000ec400000, 0x00000000ec500000, 0x00000000ec500000|100%| E|CS|TAMS 0x00000000ec400000| PB 0x00000000ec400000| Complete |  0
| 197|0x00000000ec500000, 0x00000000ec600000, 0x00000000ec600000|100%| E|CS|TAMS 0x00000000ec500000| PB 0x00000000ec500000| Complete |  0
| 198|0x00000000ec600000, 0x00000000ec700000, 0x00000000ec700000|100%| E|CS|TAMS 0x00000000ec600000| PB 0x00000000ec600000| Complete |  0
| 199|0x00000000ec700000, 0x00000000ec800000, 0x00000000ec800000|100%| E|CS|TAMS 0x00000000ec700000| PB 0x00000000ec700000| Complete |  0
| 200|0x00000000ec800000, 0x00000000ec900000, 0x00000000ec900000|100%| E|CS|TAMS 0x00000000ec800000| PB 0x00000000ec800000| Complete |  0
| 201|0x00000000ec900000, 0x00000000eca00000, 0x00000000eca00000|100%| E|CS|TAMS 0x00000000ec900000| PB 0x00000000ec900000| Complete |  0
| 202|0x00000000eca00000, 0x00000000ecb00000, 0x00000000ecb00000|100%| E|CS|TAMS 0x00000000eca00000| PB 0x00000000eca00000| Complete |  0
| 203|0x00000000ecb00000, 0x00000000ecc00000, 0x00000000ecc00000|100%| E|CS|TAMS 0x00000000ecb00000| PB 0x00000000ecb00000| Complete |  0
| 204|0x00000000ecc00000, 0x00000000ecd00000, 0x00000000ecd00000|100%| E|CS|TAMS 0x00000000ecc00000| PB 0x00000000ecc00000| Complete |  0
| 205|0x00000000ecd00000, 0x00000000ece00000, 0x00000000ece00000|100%| E|CS|TAMS 0x00000000ecd00000| PB 0x00000000ecd00000| Complete |  0
| 206|0x00000000ece00000, 0x00000000ecf00000, 0x00000000ecf00000|100%| E|CS|TAMS 0x00000000ece00000| PB 0x00000000ece00000| Complete |  0
| 207|0x00000000ecf00000, 0x00000000ed000000, 0x00000000ed000000|100%| E|CS|TAMS 0x00000000ecf00000| PB 0x00000000ecf00000| Complete |  0
| 208|0x00000000ed000000, 0x00000000ed100000, 0x00000000ed100000|100%| E|CS|TAMS 0x00000000ed000000| PB 0x00000000ed000000| Complete |  0
| 209|0x00000000ed100000, 0x00000000ed200000, 0x00000000ed200000|100%| E|CS|TAMS 0x00000000ed100000| PB 0x00000000ed100000| Complete |  0
| 210|0x00000000ed200000, 0x00000000ed300000, 0x00000000ed300000|100%| E|CS|TAMS 0x00000000ed200000| PB 0x00000000ed200000| Complete |  0
| 211|0x00000000ed300000, 0x00000000ed400000, 0x00000000ed400000|100%| E|CS|TAMS 0x00000000ed300000| PB 0x00000000ed300000| Complete |  0
| 212|0x00000000ed400000, 0x00000000ed500000, 0x00000000ed500000|100%| E|CS|TAMS 0x00000000ed400000| PB 0x00000000ed400000| Complete |  0
| 213|0x00000000ed500000, 0x00000000ed600000, 0x00000000ed600000|100%| E|CS|TAMS 0x00000000ed500000| PB 0x00000000ed500000| Complete |  0
| 214|0x00000000ed600000, 0x00000000ed700000, 0x00000000ed700000|100%| E|CS|TAMS 0x00000000ed600000| PB 0x00000000ed600000| Complete |  0
| 215|0x00000000ed700000, 0x00000000ed800000, 0x00000000ed800000|100%| E|CS|TAMS 0x00000000ed700000| PB 0x00000000ed700000| Complete |  0
| 216|0x00000000ed800000, 0x00000000ed900000, 0x00000000ed900000|100%| E|CS|TAMS 0x00000000ed800000| PB 0x00000000ed800000| Complete |  0
| 217|0x00000000ed900000, 0x00000000eda00000, 0x00000000eda00000|100%| E|CS|TAMS 0x00000000ed900000| PB 0x00000000ed900000| Complete |  0
| 218|0x00000000eda00000, 0x00000000edb00000, 0x00000000edb00000|100%| E|CS|TAMS 0x00000000eda00000| PB 0x00000000eda00000| Complete |  0
| 219|0x00000000edb00000, 0x00000000edb3d6f8, 0x00000000edc00000| 23%| S|CS|TAMS 0x00000000edb00000| PB 0x00000000edb00000| Complete |  0
| 220|0x00000000edc00000, 0x00000000edd00000, 0x00000000edd00000|100%| S|CS|TAMS 0x00000000edc00000| PB 0x00000000edc00000| Complete |  0
| 221|0x00000000edd00000, 0x00000000ede00000, 0x00000000ede00000|100%| S|CS|TAMS 0x00000000edd00000| PB 0x00000000edd00000| Complete |  0
| 222|0x00000000ede00000, 0x00000000edf00000, 0x00000000edf00000|100%| E|CS|TAMS 0x00000000ede00000| PB 0x00000000ede00000| Complete |  0
| 223|0x00000000edf00000, 0x00000000ee000000, 0x00000000ee000000|100%| E|CS|TAMS 0x00000000edf00000| PB 0x00000000edf00000| Complete |  0
| 224|0x00000000ee000000, 0x00000000ee100000, 0x00000000ee100000|100%| E|CS|TAMS 0x00000000ee000000| PB 0x00000000ee000000| Complete |  0
| 225|0x00000000ee100000, 0x00000000ee200000, 0x00000000ee200000|100%| E|CS|TAMS 0x00000000ee100000| PB 0x00000000ee100000| Complete |  0
| 226|0x00000000ee200000, 0x00000000ee300000, 0x00000000ee300000|100%| E|CS|TAMS 0x00000000ee200000| PB 0x00000000ee200000| Complete |  0
| 227|0x00000000ee300000, 0x00000000ee400000, 0x00000000ee400000|100%| E|CS|TAMS 0x00000000ee300000| PB 0x00000000ee300000| Complete |  0
| 228|0x00000000ee400000, 0x00000000ee500000, 0x00000000ee500000|100%| E|CS|TAMS 0x00000000ee400000| PB 0x00000000ee400000| Complete |  0
| 229|0x00000000ee500000, 0x00000000ee600000, 0x00000000ee600000|100%| E|CS|TAMS 0x00000000ee500000| PB 0x00000000ee500000| Complete |  0
| 230|0x00000000ee600000, 0x00000000ee700000, 0x00000000ee700000|100%| E|CS|TAMS 0x00000000ee600000| PB 0x00000000ee600000| Complete |  0
| 231|0x00000000ee700000, 0x00000000ee800000, 0x00000000ee800000|100%| E|CS|TAMS 0x00000000ee700000| PB 0x00000000ee700000| Complete |  0
| 232|0x00000000ee800000, 0x00000000ee900000, 0x00000000ee900000|100%| E|CS|TAMS 0x00000000ee800000| PB 0x00000000ee800000| Complete |  0
| 233|0x00000000ee900000, 0x00000000eea00000, 0x00000000eea00000|100%| E|CS|TAMS 0x00000000ee900000| PB 0x00000000ee900000| Complete |  0
| 234|0x00000000eea00000, 0x00000000eeb00000, 0x00000000eeb00000|100%| E|CS|TAMS 0x00000000eea00000| PB 0x00000000eea00000| Complete |  0
| 235|0x00000000eeb00000, 0x00000000eec00000, 0x00000000eec00000|100%| E|CS|TAMS 0x00000000eeb00000| PB 0x00000000eeb00000| Complete |  0
| 236|0x00000000eec00000, 0x00000000eed00000, 0x00000000eed00000|100%| E|CS|TAMS 0x00000000eec00000| PB 0x00000000eec00000| Complete |  0
| 237|0x00000000eed00000, 0x00000000eee00000, 0x00000000eee00000|100%| E|CS|TAMS 0x00000000eed00000| PB 0x00000000eed00000| Complete |  0
| 238|0x00000000eee00000, 0x00000000eef00000, 0x00000000eef00000|100%| E|CS|TAMS 0x00000000eee00000| PB 0x00000000eee00000| Complete |  0
| 239|0x00000000eef00000, 0x00000000ef000000, 0x00000000ef000000|100%| E|CS|TAMS 0x00000000eef00000| PB 0x00000000eef00000| Complete |  0
| 240|0x00000000ef000000, 0x00000000ef100000, 0x00000000ef100000|100%| E|CS|TAMS 0x00000000ef000000| PB 0x00000000ef000000| Complete |  0
| 241|0x00000000ef100000, 0x00000000ef200000, 0x00000000ef200000|100%| E|CS|TAMS 0x00000000ef100000| PB 0x00000000ef100000| Complete |  0
| 242|0x00000000ef200000, 0x00000000ef300000, 0x00000000ef300000|100%| E|CS|TAMS 0x00000000ef200000| PB 0x00000000ef200000| Complete |  0
| 243|0x00000000ef300000, 0x00000000ef400000, 0x00000000ef400000|100%| E|CS|TAMS 0x00000000ef300000| PB 0x00000000ef300000| Complete |  0
| 244|0x00000000ef400000, 0x00000000ef500000, 0x00000000ef500000|100%| E|CS|TAMS 0x00000000ef400000| PB 0x00000000ef400000| Complete |  0
| 245|0x00000000ef500000, 0x00000000ef600000, 0x00000000ef600000|100%| E|CS|TAMS 0x00000000ef500000| PB 0x00000000ef500000| Complete |  0
| 246|0x00000000ef600000, 0x00000000ef700000, 0x00000000ef700000|100%| E|CS|TAMS 0x00000000ef600000| PB 0x00000000ef600000| Complete |  0
| 247|0x00000000ef700000, 0x00000000ef800000, 0x00000000ef800000|100%| E|CS|TAMS 0x00000000ef700000| PB 0x00000000ef700000| Complete |  0
| 248|0x00000000ef800000, 0x00000000ef900000, 0x00000000ef900000|100%| E|CS|TAMS 0x00000000ef800000| PB 0x00000000ef800000| Complete |  0
| 249|0x00000000ef900000, 0x00000000efa00000, 0x00000000efa00000|100%| E|CS|TAMS 0x00000000ef900000| PB 0x00000000ef900000| Complete |  0
| 250|0x00000000efa00000, 0x00000000efb00000, 0x00000000efb00000|100%| E|CS|TAMS 0x00000000efa00000| PB 0x00000000efa00000| Complete |  0
| 251|0x00000000efb00000, 0x00000000efc00000, 0x00000000efc00000|100%| E|CS|TAMS 0x00000000efb00000| PB 0x00000000efb00000| Complete |  0
| 252|0x00000000efc00000, 0x00000000efd00000, 0x00000000efd00000|100%| E|CS|TAMS 0x00000000efc00000| PB 0x00000000efc00000| Complete |  0
| 253|0x00000000efd00000, 0x00000000efe00000, 0x00000000efe00000|100%| E|CS|TAMS 0x00000000efd00000| PB 0x00000000efd00000| Complete |  0
| 254|0x00000000efe00000, 0x00000000eff00000, 0x00000000eff00000|100%| E|CS|TAMS 0x00000000efe00000| PB 0x00000000efe00000| Complete |  0
| 255|0x00000000eff00000, 0x00000000f0000000, 0x00000000f0000000|100%| E|CS|TAMS 0x00000000eff00000| PB 0x00000000eff00000| Complete |  0

Card table byte_map: [0x00000226de040000,0x00000226de140000] _byte_map_base: 0x00000226dd940000

Marking Bits: (CMBitMap*) 0x00000226c66dbe20
 Bits: [0x00000226de140000, 0x00000226de940000)

Polling page: 0x00000226c4610000

Metaspace:

Usage:
  Non-class:     14.28 MB used.
      Class:      1.83 MB used.
       Both:     16.11 MB used.

Virtual space:
  Non-class space:       64.00 MB reserved,      14.44 MB ( 23%) committed,  1 nodes.
      Class space:        1.00 GB reserved,       1.94 MB ( <1%) committed,  1 nodes.
             Both:        1.06 GB reserved,      16.38 MB (  2%) committed. 

Chunk freelists:
   Non-Class:  1.44 MB
       Class:  13.91 MB
        Both:  15.35 MB

MaxMetaspaceSize: unlimited
CompressedClassSpaceSize: 1.00 GB
Initial GC threshold: 21.00 MB
Current GC threshold: 21.00 MB
CDS: on
 - commit_granule_bytes: 65536.
 - commit_granule_words: 8192.
 - virtual_space_node_default_size: 8388608.
 - enlarge_chunks_in_place: 1.
 - use_allocation_guard: 0.


Internal statistics:

num_allocs_failed_limit: 0.
num_arena_births: 162.
num_arena_deaths: 0.
num_vsnodes_births: 2.
num_vsnodes_deaths: 0.
num_space_committed: 262.
num_space_uncommitted: 0.
num_chunks_returned_to_freelist: 0.
num_chunks_taken_from_freelist: 695.
num_chunk_merges: 0.
num_chunk_splits: 494.
num_chunks_enlarged: 411.
num_inconsistent_stats: 0.

CodeHeap 'non-profiled nmethods': size=120000Kb used=2729Kb max_used=2729Kb free=117270Kb
 bounds [0x00000226d64c0000, 0x00000226d6770000, 0x00000226dd9f0000]
CodeHeap 'profiled nmethods': size=120000Kb used=9976Kb max_used=9976Kb free=110023Kb
 bounds [0x00000226ce9f0000, 0x00000226cf3b0000, 0x00000226d5f20000]
CodeHeap 'non-nmethods': size=5760Kb used=1560Kb max_used=1641Kb free=4199Kb
 bounds [0x00000226d5f20000, 0x00000226d6190000, 0x00000226d64c0000]
 total_blobs=5311 nmethods=4808 adapters=407
 compilation: enabled
              stopped_count=0, restarted_count=0
 full_count=0

Compilation events (20 events):
Event: 4.115 Thread 0x00000226c113d110 4759   !   3       sun.nio.fs.WindowsChannelFactory::open (457 bytes)
Event: 4.116 Thread 0x00000226c113d110 nmethod 4759 0x00000226cf39f190 code [0x00000226cf39f460, 0x00000226cf3a03b8]
Event: 4.116 Thread 0x00000226c113d110 4760   !   3       sun.nio.fs.WindowsNativeDispatcher::CreateFile (83 bytes)
Event: 4.116 Thread 0x00000226c113d110 nmethod 4760 0x00000226cf3a0a10 code [0x00000226cf3a0c40, 0x00000226cf3a11e0]
Event: 4.116 Thread 0x00000226c113d110 4762       3       java.io.FileDescriptor$1::setHandle (6 bytes)
Event: 4.117 Thread 0x00000226c113d110 nmethod 4762 0x00000226cf3a1610 code [0x00000226cf3a17c0, 0x00000226cf3a1aa8]
Event: 4.117 Thread 0x00000226c113d110 4763       3       java.io.FileDescriptor::setHandle (33 bytes)
Event: 4.117 Thread 0x00000226c113d110 nmethod 4763 0x00000226cf3a1c10 code [0x00000226cf3a1dc0, 0x00000226cf3a2040]
Event: 4.117 Thread 0x00000226c113d110 4764       3       java.io.FileDescriptor$1::setAppend (6 bytes)
Event: 4.117 Thread 0x00000226c113d110 nmethod 4764 0x00000226cf3a2110 code [0x00000226cf3a22a0, 0x00000226cf3a23b8]
Event: 4.117 Thread 0x00000226c113d110 4765       3       java.io.FileDescriptor$1::registerCleanup (5 bytes)
Event: 4.117 Thread 0x00000226c113d110 nmethod 4765 0x00000226cf3a2490 code [0x00000226cf3a2640, 0x00000226cf3a2778]
Event: 4.117 Thread 0x00000226c113d110 4766   !   3       java.io.FileInputStream::getChannel (81 bytes)
Event: 4.117 Thread 0x00000226c113d110 nmethod 4766 0x00000226cf3a2810 code [0x00000226cf3a2a00, 0x00000226cf3a2eb0]
Event: 4.117 Thread 0x00000226c113d110 4767       3       java.io.File::length (33 bytes)
Event: 4.118 Thread 0x00000226c113d110 nmethod 4767 0x00000226cf3a3110 code [0x00000226cf3a32e0, 0x00000226cf3a35b0]
Event: 4.118 Thread 0x00000226c113d110 4768       3       java.nio.channels.FileLock::close (5 bytes)
Event: 4.118 Thread 0x00000226c113d110 nmethod 4768 0x00000226cf3a3710 code [0x00000226cf3a38c0, 0x00000226cf3a3a18]
Event: 4.189 Thread 0x00000226c190bad0 nmethod 4717 0x00000226d6754490 code [0x00000226d67549e0, 0x00000226d6758510]
Event: 4.190 Thread 0x00000226c190bad0 4730       4       org.eclipse.aether.util.graph.transformer.ConflictResolver$State::deriveScope (83 bytes)

GC Heap History (4 events):
Event: 0.725 GC heap before
{Heap before GC invocations=0 (full 0):
 garbage-first heap   total reserved 524288K, committed 262144K, used 23552K [0x00000000e0000000, 0x0000000100000000)
  region size 1024K, 24 young (24576K), 0 survivors (0K)
 Metaspace       used 5752K, committed 5888K, reserved 1114112K
  class space    used 677K, committed 768K, reserved 1048576K
}
Event: 0.737 GC heap after
{Heap after GC invocations=1 (full 0):
 garbage-first heap   total reserved 524288K, committed 262144K, used 3999K [0x00000000e0000000, 0x0000000100000000)
  region size 1024K, 3 young (3072K), 3 survivors (3072K)
 Metaspace       used 5752K, committed 5888K, reserved 1114112K
  class space    used 677K, committed 768K, reserved 1048576K
}
Event: 1.544 GC heap before
{Heap before GC invocations=1 (full 0):
 garbage-first heap   total reserved 524288K, committed 262144K, used 35743K [0x00000000e0000000, 0x0000000100000000)
  region size 1024K, 34 young (34816K), 3 survivors (3072K)
 Metaspace       used 10945K, committed 11136K, reserved 1114112K
  class space    used 1321K, committed 1408K, reserved 1048576K
}
Event: 1.549 GC heap after
{Heap after GC invocations=2 (full 0):
 garbage-first heap   total reserved 524288K, committed 262144K, used 6125K [0x00000000e0000000, 0x0000000100000000)
  region size 1024K, 3 young (3072K), 3 survivors (3072K)
 Metaspace       used 10945K, committed 11136K, reserved 1114112K
  class space    used 1321K, committed 1408K, reserved 1048576K
}

Dll operation events (8 events):
Event: 0.008 Loaded shared library C:\Users\Admin\Downloads\jdk-22_windows-x64_bin\jdk-22.0.1\bin\java.dll
Event: 0.042 Loaded shared library C:\Users\Admin\Downloads\jdk-22_windows-x64_bin\jdk-22.0.1\bin\jsvml.dll
Event: 0.059 Loaded shared library C:\Users\Admin\Downloads\jdk-22_windows-x64_bin\jdk-22.0.1\bin\net.dll
Event: 0.061 Loaded shared library C:\Users\Admin\Downloads\jdk-22_windows-x64_bin\jdk-22.0.1\bin\nio.dll
Event: 0.064 Loaded shared library C:\Users\Admin\Downloads\jdk-22_windows-x64_bin\jdk-22.0.1\bin\zip.dll
Event: 0.143 Loaded shared library C:\Users\Admin\Downloads\jdk-22_windows-x64_bin\jdk-22.0.1\bin\jimage.dll
Event: 0.281 Loaded shared library C:\Users\Admin\Downloads\apache-maven-3.9.6\lib\jansi-native\Windows\x86_64\jansi.dll
Event: 0.294 Loaded shared library C:\Users\Admin\Downloads\jdk-22_windows-x64_bin\jdk-22.0.1\bin\verify.dll

Deoptimization events (20 events):
Event: 4.029 Thread 0x00000226c66b5960 Uncommon trap: trap_request=0xffffff45 fr.pc=0x00000226d674a7ec relative=0x00000000000006cc
Event: 4.029 Thread 0x00000226c66b5960 Uncommon trap: reason=unstable_if action=reinterpret pc=0x00000226d674a7ec method=org.apache.maven.model.merge.ModelMerger.mergePlugin_Extensions(Lorg/apache/maven/model/Plugin;Lorg/apache/maven/model/Plugin;ZLjava/util/Map;)V @ 19 c2
Event: 4.029 Thread 0x00000226c66b5960 DEOPT PACKING pc=0x00000226d674a7ec sp=0x0000004c41dfc3b0
Event: 4.029 Thread 0x00000226c66b5960 DEOPT UNPACKING pc=0x00000226d5f77da2 sp=0x0000004c41dfc310 mode 2
Event: 4.033 Thread 0x00000226c66b5960 Uncommon trap: trap_request=0xffffff45 fr.pc=0x00000226d67316e0 relative=0x00000000000001a0
Event: 4.033 Thread 0x00000226c66b5960 Uncommon trap: reason=unstable_if action=reinterpret pc=0x00000226d67316e0 method=org.apache.maven.model.merge.ModelMerger.mergePlugin_Extensions(Lorg/apache/maven/model/Plugin;Lorg/apache/maven/model/Plugin;ZLjava/util/Map;)V @ 19 c2
Event: 4.033 Thread 0x00000226c66b5960 DEOPT PACKING pc=0x00000226d67316e0 sp=0x0000004c41dfbe60
Event: 4.033 Thread 0x00000226c66b5960 DEOPT UNPACKING pc=0x00000226d5f77da2 sp=0x0000004c41dfbdf0 mode 2
Event: 4.076 Thread 0x00000226c66b5960 Uncommon trap: trap_request=0xffffff45 fr.pc=0x00000226d66fd180 relative=0x0000000000000240
Event: 4.076 Thread 0x00000226c66b5960 Uncommon trap: reason=unstable_if action=reinterpret pc=0x00000226d66fd180 method=java.util.HashMap.hash(Ljava/lang/Object;)I @ 1 c2
Event: 4.076 Thread 0x00000226c66b5960 DEOPT PACKING pc=0x00000226d66fd180 sp=0x0000004c41dfdb20
Event: 4.076 Thread 0x00000226c66b5960 DEOPT UNPACKING pc=0x00000226d5f77da2 sp=0x0000004c41dfd9b8 mode 2
Event: 4.076 Thread 0x00000226c66b5960 Uncommon trap: trap_request=0xffffff45 fr.pc=0x00000226d6692600 relative=0x0000000000000240
Event: 4.076 Thread 0x00000226c66b5960 Uncommon trap: reason=unstable_if action=reinterpret pc=0x00000226d6692600 method=java.util.HashMap.hash(Ljava/lang/Object;)I @ 1 c2
Event: 4.076 Thread 0x00000226c66b5960 DEOPT PACKING pc=0x00000226d6692600 sp=0x0000004c41dfdab0
Event: 4.076 Thread 0x00000226c66b5960 DEOPT UNPACKING pc=0x00000226d5f77da2 sp=0x0000004c41dfd9b8 mode 2
Event: 4.076 Thread 0x00000226c66b5960 Uncommon trap: trap_request=0xffffff45 fr.pc=0x00000226d65abe4c relative=0x00000000000000ac
Event: 4.076 Thread 0x00000226c66b5960 Uncommon trap: reason=unstable_if action=reinterpret pc=0x00000226d65abe4c method=java.util.HashMap.hash(Ljava/lang/Object;)I @ 1 c2
Event: 4.076 Thread 0x00000226c66b5960 DEOPT PACKING pc=0x00000226d65abe4c sp=0x0000004c41dfda20
Event: 4.076 Thread 0x00000226c66b5960 DEOPT UNPACKING pc=0x00000226d5f77da2 sp=0x0000004c41dfd9b8 mode 2

Classes loaded (20 events):
Event: 2.077 Loading class java/math/BigDecimal
Event: 2.077 Loading class java/math/BigDecimal done
Event: 2.077 Loading class java/lang/Short$ShortCache
Event: 2.077 Loading class java/lang/Short$ShortCache done
Event: 2.077 Loading class java/lang/Byte$ByteCache
Event: 2.077 Loading class java/lang/Byte$ByteCache done
Event: 2.530 Loading class java/util/stream/MatchOps$MatchKind
Event: 2.530 Loading class java/util/stream/MatchOps$MatchKind done
Event: 2.530 Loading class java/util/stream/MatchOps
Event: 2.530 Loading class java/util/stream/MatchOps done
Event: 2.530 Loading class java/util/stream/MatchOps$MatchOp
Event: 2.530 Loading class java/util/stream/MatchOps$MatchOp done
Event: 2.530 Loading class java/util/stream/MatchOps$BooleanTerminalSink
Event: 2.530 Loading class java/util/stream/MatchOps$BooleanTerminalSink done
Event: 2.530 Loading class java/util/stream/MatchOps$1MatchSink
Event: 2.530 Loading class java/util/stream/MatchOps$1MatchSink done
Event: 2.574 Loading class java/util/LinkedList$LLSpliterator
Event: 2.574 Loading class java/util/LinkedList$LLSpliterator done
Event: 3.022 Loading class sun/nio/cs/ISO_8859_1$Decoder
Event: 3.022 Loading class sun/nio/cs/ISO_8859_1$Decoder done

Classes unloaded (0 events):
No events

Classes redefined (0 events):
No events

Internal exceptions (20 events):
Event: 1.525 Thread 0x00000226c66b5960 Exception <a 'java/lang/NoSuchMethodError'{0x00000000ede71450}: 'long java.lang.invoke.DirectMethodHandle$Holder.invokeStatic(java.lang.Object, java.lang.Object, int)'> (0x00000000ede71450) 
thrown [s\open\src\hotspot\share\interpreter\linkResolver.cpp, line 774]
Event: 1.527 Thread 0x00000226c66b5960 Exception <a 'java/lang/NoSuchMethodError'{0x00000000ede84ba8}: 'java.lang.Object java.lang.invoke.DirectMethodHandle$Holder.invokeStatic(java.lang.Object, java.lang.Object, java.lang.Object, java.lang.Object, int)'> (0x00000000ede84ba8) 
thrown [s\open\src\hotspot\share\interpreter\linkResolver.cpp, line 774]
Event: 1.528 Thread 0x00000226c66b5960 Exception <a 'java/lang/NoSuchMethodError'{0x00000000ede8cd60}: 'java.lang.Object java.lang.invoke.DirectMethodHandle$Holder.invokeSpecial(java.lang.Object, java.lang.Object, java.lang.Object, java.lang.Object, long)'> (0x00000000ede8cd60) 
thrown [s\open\src\hotspot\share\interpreter\linkResolver.cpp, line 774]
Event: 1.530 Thread 0x00000226c66b5960 Exception <a 'java/lang/NoSuchMethodError'{0x00000000ede98b30}: 'java.lang.Object java.lang.invoke.DirectMethodHandle$Holder.invokeSpecial(java.lang.Object, java.lang.Object, java.lang.Object, int, java.lang.Object)'> (0x00000000ede98b30) 
thrown [s\open\src\hotspot\share\interpreter\linkResolver.cpp, line 774]
Event: 1.530 Thread 0x00000226c66b5960 Exception <a 'java/lang/NoSuchMethodError'{0x00000000edea0e60}: 'int java.lang.invoke.DirectMethodHandle$Holder.invokeSpecial(java.lang.Object, java.lang.Object, java.lang.Object, int)'> (0x00000000edea0e60) 
thrown [s\open\src\hotspot\share\interpreter\linkResolver.cpp, line 774]
Event: 1.534 Thread 0x00000226c66b5960 Implicit null exception at 0x00000226d654ef3a to 0x00000226d654f134
Event: 1.536 Thread 0x00000226c66b5960 Exception <a 'java/lang/NoSuchMethodError'{0x00000000edec5440}: 'java.lang.Object java.lang.invoke.Invokers$Holder.invokeExact_MT(java.lang.Object, int, java.lang.Object)'> (0x00000000edec5440) 
thrown [s\open\src\hotspot\share\interpreter\linkResolver.cpp, line 774]
Event: 1.554 Thread 0x00000226c66b5960 Exception <a 'java/lang/NoSuchMethodError'{0x00000000eff189e0}: 'void java.lang.invoke.DirectMethodHandle$Holder.invokeStatic(java.lang.Object, java.lang.Object)'> (0x00000000eff189e0) 
thrown [s\open\src\hotspot\share\interpreter\linkResolver.cpp, line 774]
Event: 1.748 Thread 0x00000226c66b5960 Exception <a 'java/lang/NoSuchMethodError'{0x00000000ef8eaba0}: 'void java.lang.invoke.Invokers$Holder.invokeExact_MT(java.lang.Object, java.lang.Object, java.lang.Object, java.lang.Object)'> (0x00000000ef8eaba0) 
thrown [s\open\src\hotspot\share\interpreter\linkResolver.cpp, line 774]
Event: 1.761 Thread 0x00000226c66b5960 Exception <a 'java/lang/NoClassDefFoundError'{0x00000000ef779d30}: com/google/inject/servlet/ServletModuleTargetVisitor> (0x00000000ef779d30) 
thrown [s\open\src\hotspot\share\classfile\systemDictionary.cpp, line 302]
Event: 1.817 Thread 0x00000226c66b5960 Exception <a 'java/lang/NoSuchMethodError'{0x00000000ef535b90}: 'void java.lang.invoke.DirectMethodHandle$Holder.invokeVirtual(java.lang.Object, java.lang.Object)'> (0x00000000ef535b90) 
thrown [s\open\src\hotspot\share\interpreter\linkResolver.cpp, line 774]
Event: 1.861 Thread 0x00000226c66b5960 Exception <a 'java/lang/NoSuchMethodError'{0x00000000ef5b4c80}: 'java.lang.Object java.lang.invoke.DirectMethodHandle$Holder.invokeStaticInit(java.lang.Object, int, int, int, int)'> (0x00000000ef5b4c80) 
thrown [s\open\src\hotspot\share\interpreter\linkResolver.cpp, line 774]
Event: 2.007 Thread 0x00000226c66b5960 Implicit null exception at 0x00000226d650efa4 to 0x00000226d650f65c
Event: 2.007 Thread 0x00000226c66b5960 Implicit null exception at 0x00000226d64fe9a0 to 0x00000226d64ff04c
Event: 2.084 Thread 0x00000226c66b5960 Exception <a 'java/lang/NoSuchMethodError'{0x00000000eed13418}: 'void java.lang.invoke.DirectMethodHandle$Holder.invokeVirtual(java.lang.Object, java.lang.Object, int)'> (0x00000000eed13418) 
thrown [s\open\src\hotspot\share\interpreter\linkResolver.cpp, line 774]
Event: 2.085 Thread 0x00000226c66b5960 Exception <a 'java/lang/NoSuchMethodError'{0x00000000eed1a5d0}: 'void java.lang.invoke.DelegatingMethodHandle$Holder.reinvoke_L(java.lang.Object, java.lang.Object, int)'> (0x00000000eed1a5d0) 
thrown [s\open\src\hotspot\share\interpreter\linkResolver.cpp, line 774]
Event: 2.591 Thread 0x00000226c66b5960 Exception <a 'java/lang/NoSuchMethodError'{0x00000000ecf284a0}: 'int java.lang.invoke.DirectMethodHandle$Holder.invokeSpecialIFC(java.lang.Object, java.lang.Object, java.lang.Object, java.lang.Object)'> (0x00000000ecf284a0) 
thrown [s\open\src\hotspot\share\interpreter\linkResolver.cpp, line 774]
Event: 4.076 Thread 0x00000226c66b5960 Implicit null exception at 0x00000226d66fcf98 to 0x00000226d66fd164
Event: 4.076 Thread 0x00000226c66b5960 Implicit null exception at 0x00000226d6692418 to 0x00000226d66925e4
Event: 4.076 Thread 0x00000226c66b5960 Implicit null exception at 0x00000226d65abdbd to 0x00000226d65abe3d

ZGC Phase Switch (0 events):
No events

VM Operations (20 events):
Event: 1.796 Executing VM operation: ICBufferFull
Event: 1.796 Executing VM operation: ICBufferFull done
Event: 1.828 Executing VM operation: HandshakeAllThreads (Deoptimize)
Event: 1.828 Executing VM operation: HandshakeAllThreads (Deoptimize) done
Event: 1.884 Executing VM operation: HandshakeAllThreads (Deoptimize)
Event: 1.884 Executing VM operation: HandshakeAllThreads (Deoptimize) done
Event: 1.922 Executing VM operation: HandshakeAllThreads (Deoptimize)
Event: 1.922 Executing VM operation: HandshakeAllThreads (Deoptimize) done
Event: 1.974 Executing VM operation: HandshakeAllThreads (Deoptimize)
Event: 1.974 Executing VM operation: HandshakeAllThreads (Deoptimize) done
Event: 2.172 Executing VM operation: ICBufferFull
Event: 2.172 Executing VM operation: ICBufferFull done
Event: 2.615 Executing VM operation: ICBufferFull
Event: 2.615 Executing VM operation: ICBufferFull done
Event: 3.008 Executing VM operation: ICBufferFull
Event: 3.008 Executing VM operation: ICBufferFull done
Event: 3.427 Executing VM operation: ICBufferFull
Event: 3.427 Executing VM operation: ICBufferFull done
Event: 4.009 Executing VM operation: ICBufferFull
Event: 4.009 Executing VM operation: ICBufferFull done

Events (15 events):
Event: 0.025 Thread 0x00000226c66b5960 Thread added: 0x00000226c66b5960
Event: 0.039 Thread 0x00000226e15ee460 Thread added: 0x00000226e15ee460
Event: 0.039 Thread 0x00000226c11272d0 Thread added: 0x00000226c11272d0
Event: 0.039 Thread 0x00000226c1129fe0 Thread added: 0x00000226c1129fe0
Event: 0.039 Thread 0x00000226c112a950 Thread added: 0x00000226c112a950
Event: 0.039 Thread 0x00000226c112afc0 Thread added: 0x00000226c112afc0
Event: 0.039 Thread 0x00000226c112be60 Thread added: 0x00000226c112be60
Event: 0.039 Thread 0x00000226c1139460 Thread added: 0x00000226c1139460
Event: 0.039 Thread 0x00000226c113d110 Thread added: 0x00000226c113d110
Event: 0.054 Thread 0x00000226c12c39d0 Thread added: 0x00000226c12c39d0
Event: 0.057 Thread 0x00000226c12d48b0 Thread added: 0x00000226c12d48b0
Event: 0.670 Thread 0x00000226c190bad0 Thread added: 0x00000226c190bad0
Event: 0.681 Thread 0x00000226c1c4f9b0 Thread added: 0x00000226c1c4f9b0
Event: 1.192 Thread 0x00000226c1c4f9b0 Thread exited: 0x00000226c1c4f9b0
Event: 2.122 Thread 0x00000226e6a58390 Thread added: 0x00000226e6a58390


Dynamic libraries:
0x00007ff6a4a60000 - 0x00007ff6a4a70000 	C:\Users\Admin\Downloads\jdk-22_windows-x64_bin\jdk-22.0.1\bin\java.exe
0x00007ffb389b0000 - 0x00007ffb38bc7000 	C:\WINDOWS\SYSTEM32\ntdll.dll
0x00007ffb37d60000 - 0x00007ffb37e24000 	C:\WINDOWS\System32\KERNEL32.DLL
0x00007ffb36230000 - 0x00007ffb36602000 	C:\WINDOWS\System32\KERNELBASE.dll
0x00007ffb35b40000 - 0x00007ffb35c51000 	C:\WINDOWS\System32\ucrtbase.dll
0x00007ffb2c0d0000 - 0x00007ffb2c0e7000 	C:\Users\Admin\Downloads\jdk-22_windows-x64_bin\jdk-22.0.1\bin\jli.dll
0x00007ffb2c0f0000 - 0x00007ffb2c10b000 	C:\Users\Admin\Downloads\jdk-22_windows-x64_bin\jdk-22.0.1\bin\VCRUNTIME140.dll
0x00007ffb369c0000 - 0x00007ffb36a71000 	C:\WINDOWS\System32\ADVAPI32.dll
0x00007ffb36640000 - 0x00007ffb366e7000 	C:\WINDOWS\System32\msvcrt.dll
0x00007ffb37460000 - 0x00007ffb37508000 	C:\WINDOWS\System32\sechost.dll
0x00007ffb36610000 - 0x00007ffb36638000 	C:\WINDOWS\System32\bcrypt.dll
0x00007ffb376d0000 - 0x00007ffb377e4000 	C:\WINDOWS\System32\RPCRT4.dll
0x00007ffb37510000 - 0x00007ffb376c1000 	C:\WINDOWS\System32\USER32.dll
0x00007ffb35da0000 - 0x00007ffb35dc6000 	C:\WINDOWS\System32\win32u.dll
0x00007ffb1d260000 - 0x00007ffb1d4fb000 	C:\WINDOWS\WinSxS\amd64_microsoft.windows.common-controls_6595b64144ccf1df_6.0.22621.5415_none_270d77d17387d7da\COMCTL32.dll
0x00007ffb387e0000 - 0x00007ffb38809000 	C:\WINDOWS\System32\GDI32.dll
0x00007ffb36100000 - 0x00007ffb36223000 	C:\WINDOWS\System32\gdi32full.dll
0x00007ffb35aa0000 - 0x00007ffb35b3a000 	C:\WINDOWS\System32\msvcp_win.dll
0x00007ffb2dfe0000 - 0x00007ffb2dfea000 	C:\WINDOWS\SYSTEM32\VERSION.dll
0x00007ffb368f0000 - 0x00007ffb36921000 	C:\WINDOWS\System32\IMM32.DLL
0x00007ffb2e800000 - 0x00007ffb2e80c000 	C:\Users\Admin\Downloads\jdk-22_windows-x64_bin\jdk-22.0.1\bin\vcruntime140_1.dll
0x00007ffafcb90000 - 0x00007ffafcc1e000 	C:\Users\Admin\Downloads\jdk-22_windows-x64_bin\jdk-22.0.1\bin\msvcp140.dll
0x00007ffa4aaa0000 - 0x00007ffa4b7e7000 	C:\Users\Admin\Downloads\jdk-22_windows-x64_bin\jdk-22.0.1\bin\server\jvm.dll
0x00007ffb36b60000 - 0x00007ffb36bd1000 	C:\WINDOWS\System32\WS2_32.dll
0x00007ffb34900000 - 0x00007ffb3494d000 	C:\WINDOWS\SYSTEM32\POWRPROF.dll
0x00007ffb2db20000 - 0x00007ffb2db54000 	C:\WINDOWS\SYSTEM32\WINMM.dll
0x00007ffb348c0000 - 0x00007ffb348d3000 	C:\WINDOWS\SYSTEM32\UMPDC.dll
0x00007ffb34b90000 - 0x00007ffb34ba8000 	C:\WINDOWS\SYSTEM32\kernel.appcore.dll
0x00007ffb2e000000 - 0x00007ffb2e00a000 	C:\Users\Admin\Downloads\jdk-22_windows-x64_bin\jdk-22.0.1\bin\jimage.dll
0x00007ffb333f0000 - 0x00007ffb33623000 	C:\WINDOWS\SYSTEM32\DBGHELP.DLL
0x00007ffb377f0000 - 0x00007ffb37b83000 	C:\WINDOWS\System32\combase.dll
0x00007ffb36be0000 - 0x00007ffb36cb7000 	C:\WINDOWS\System32\OLEAUT32.dll
0x00007ffb2c800000 - 0x00007ffb2c832000 	C:\WINDOWS\SYSTEM32\dbgcore.DLL
0x00007ffb35d20000 - 0x00007ffb35d9b000 	C:\WINDOWS\System32\bcryptPrimitives.dll
0x00007ffb2c0b0000 - 0x00007ffb2c0ce000 	C:\Users\Admin\Downloads\jdk-22_windows-x64_bin\jdk-22.0.1\bin\java.dll
0x00007ffb37f30000 - 0x00007ffb387d2000 	C:\WINDOWS\System32\SHELL32.dll
0x00007ffb35dd0000 - 0x00007ffb35f0f000 	C:\WINDOWS\System32\wintypes.dll
0x00007ffb366f0000 - 0x00007ffb36890000 	C:\WINDOWS\System32\ole32.dll
0x00007ffb33990000 - 0x00007ffb342ae000 	C:\WINDOWS\SYSTEM32\windows.storage.dll
0x00007ffb36d40000 - 0x00007ffb36e4b000 	C:\WINDOWS\System32\SHCORE.dll
0x00007ffb37ec0000 - 0x00007ffb37f29000 	C:\WINDOWS\System32\shlwapi.dll
0x00007ffb359d0000 - 0x00007ffb359fb000 	C:\WINDOWS\SYSTEM32\profapi.dll
0x00007ffafc780000 - 0x00007ffafc857000 	C:\Users\Admin\Downloads\jdk-22_windows-x64_bin\jdk-22.0.1\bin\jsvml.dll
0x00007ffb2cfb0000 - 0x00007ffb2cfc0000 	C:\Users\Admin\Downloads\jdk-22_windows-x64_bin\jdk-22.0.1\bin\net.dll
0x00007ffb35020000 - 0x00007ffb35089000 	C:\WINDOWS\system32\mswsock.dll
0x00007ffb2c090000 - 0x00007ffb2c0a6000 	C:\Users\Admin\Downloads\jdk-22_windows-x64_bin\jdk-22.0.1\bin\nio.dll
0x00007ffb24cb0000 - 0x00007ffb24cc7000 	C:\Users\Admin\Downloads\jdk-22_windows-x64_bin\jdk-22.0.1\bin\zip.dll
0x0000000069ac0000 - 0x0000000069ae4000 	C:\Users\Admin\Downloads\apache-maven-3.9.6\lib\jansi-native\Windows\x86_64\jansi.dll
0x00007ffb2bec0000 - 0x00007ffb2bed0000 	C:\Users\Admin\Downloads\jdk-22_windows-x64_bin\jdk-22.0.1\bin\verify.dll

dbghelp: loaded successfully - version: 4.0.5 - missing functions: none
symbol engine: initialized successfully - sym options: 0x614 - pdb path: .;C:\Users\Admin\Downloads\jdk-22_windows-x64_bin\jdk-22.0.1\bin;C:\WINDOWS\SYSTEM32;C:\WINDOWS\WinSxS\amd64_microsoft.windows.common-controls_6595b64144ccf1df_6.0.22621.5415_none_270d77d17387d7da;C:\Users\Admin\Downloads\jdk-22_windows-x64_bin\jdk-22.0.1\bin\server;C:\Users\Admin\Downloads\apache-maven-3.9.6\lib\jansi-native\Windows\x86_64

VM Arguments:
jvm_args: -Xms256m -Xmx512m -Dclassworlds.conf=C:\Users\Admin\Downloads\apache-maven-3.9.6\bin\m2.conf -Dmaven.home=C:\Users\Admin\Downloads\apache-maven-3.9.6 -Dlibrary.jansi.path=C:\Users\Admin\Downloads\apache-maven-3.9.6\lib\jansi-native -Dmaven.multiModuleProjectDirectory=F:\intern_microservice\product_service 
java_command: org.codehaus.plexus.classworlds.launcher.Launcher compile
java_class_path (initial): C:\Users\Admin\Downloads\apache-maven-3.9.6\boot\plexus-classworlds-2.7.0.jar
Launcher Type: SUN_STANDARD

[Global flags]
     intx CICompilerCount                          = 4                                         {product} {ergonomic}
     uint ConcGCThreads                            = 3                                         {product} {ergonomic}
     uint G1ConcRefinementThreads                  = 10                                        {product} {ergonomic}
   size_t G1HeapRegionSize                         = 1048576                                   {product} {ergonomic}
   size_t InitialHeapSize                          = 268435456                                 {product} {command line}
   size_t MarkStackSize                            = 4194304                                   {product} {ergonomic}
   size_t MaxHeapSize                              = 536870912                                 {product} {command line}
   size_t MaxNewSize                               = 321912832                                 {product} {ergonomic}
   size_t MinHeapDeltaBytes                        = 1048576                                   {product} {ergonomic}
   size_t MinHeapSize                              = 268435456                                 {product} {command line}
    uintx NonNMethodCodeHeapSize                   = 5839372                                {pd product} {ergonomic}
    uintx NonProfiledCodeHeapSize                  = 122909434                              {pd product} {ergonomic}
    uintx ProfiledCodeHeapSize                     = 122909434                              {pd product} {ergonomic}
    uintx ReservedCodeCacheSize                    = 251658240                              {pd product} {ergonomic}
     bool SegmentedCodeCache                       = true                                      {product} {ergonomic}
   size_t SoftMaxHeapSize                          = 536870912                              {manageable} {ergonomic}
     bool UseCompressedOops                        = true                           {product lp64_product} {ergonomic}
     bool UseG1GC                                  = true                                      {product} {ergonomic}
     bool UseLargePagesIndividualAllocation        = false                                  {pd product} {ergonomic}

Logging:
Log output configuration:
 #0: stdout all=warning uptime,level,tags foldmultilines=false
 #1: stderr all=off uptime,level,tags foldmultilines=false

Environment Variables:
JAVA_HOME=C:\Users\Admin\Downloads\jdk-22_windows-x64_bin\jdk-22.0.1
PATH=C:\Python313\Scripts\;C:\Python313\;C:\Program Files\Common Files\Oracle\Java\javapath;C:\Program Files (x86)\Common Files\Oracle\Java\java8path;C:\Program Files (x86)\Common Files\Oracle\Java\javapath;C:\Program Files\Microsoft MPI\Bin\;C:\Windows\system32;C:\Windows;C:\Windows\System32\Wbem;C:\Windows\System32\WindowsPowerShell\v1.0\;C:\Windows\System32\OpenSSH\;C:\Program Files (x86)\NVIDIA Corporation\PhysX\Common;C:\Program Files\NVIDIA Corporation\NVIDIA NvDLISR;C:\WINDOWS\system32;C:\WINDOWS;C:\WINDOWS\System32\Wbem;C:\WINDOWS\System32\WindowsPowerShell\v1.0\;C:\WINDOWS\System32\OpenSSH\;C:\Program Files\dotnet\;C:\Program Files (x86)\Microsoft SQL Server\160\Tools\Binn\;C:\Program Files\Microsoft SQL Server\160\Tools\Binn\;C:\Program Files\Microsoft SQL Server\Client SDK\ODBC\170\Tools\Binn\;C:\Program Files\Microsoft SQL Server\160\DTS\Binn\;C:\Program Files (x86)\Microsoft SQL Server\160\DTS\Binn\;C:\Program Files\Azure Data Studio\bin;C:\Users\Admin\Downloads\jdk-22_windows-x64_bin\jdk-22.0.1\bin;C:\Users\Admin\Downloads\apache-maven-3.9.6\bin;C:\Users\Admin\Downloads\apache-maven-3.9.6\bin;C:\Users\Admin\Downloads\jdk-22_windows-x64_bin\myprj\movewar.bat;C:\Program Files\Git\cmd;C:\Program Files\Docker\Docker\resources\bin;C:\Program Files\nodejs\;C:\ProgramData\chocolatey\bin;C:\Users\Admin\AppData\Local\Programs\Python\Launcher\;C:\Program Files\MySQL\MySQL Shell 8.0\bin\;C:\texlive\2022\bin\win32;C:\Users\Admin\AppData\Local\Microsoft\WindowsApps;C:\Users\Admin\AppData\Local\Programs\MiKTeX\miktex\bin\x64\;C:\Users\Admin\AppData\Local\Programs\Microsoft VS Code\bin;C:\Program Files\Azure Data Studio\bin;C:\MinGW\bin;C:\Users\Admin\Downloads\apache-maven-3.9.6\bin\mvn;C:\Users\Admin\Downloads\jdk-22_windows-x64_bin\jdk-22.0.1\bin;C:\Users\Admin\AppData\Roaming\npm;C:\Programing Files\nodejs;C:\Users\Admin\AppData\Local\GitHubDesktop\bin;F:\IntelliJ IDEA 2025.1\bin;
USERNAME=Admin
LANG=en_US.UTF-8
OS=Windows_NT
PROCESSOR_IDENTIFIER=Intel64 Family 6 Model 141 Stepping 1, GenuineIntel
TMP=C:\Users\Admin\AppData\Local\Temp
TEMP=C:\Users\Admin\AppData\Local\Temp




Periodic native trim disabled

---------------  S Y S T E M  ---------------

OS:
 Windows 11 , 64 bit Build 22621 (10.0.22621.5415)
OS uptime: 1 days 10:36 hours
Hyper-V role detected

CPU: total 12 (initial active 12) (6 cores per cpu, 2 threads per core) family 6 model 141 stepping 1 microcode 0x56, cx8, cmov, fxsr, ht, mmx, 3dnowpref, sse, sse2, sse3, ssse3, sse4.1, sse4.2, popcnt, lzcnt, tsc, tscinvbit, avx, avx2, aes, erms, clmul, bmi1, bmi2, adx, avx512f, avx512dq, avx512cd, avx512bw, avx512vl, sha, fma, vzeroupper, avx512_vpopcntdq, avx512_vpclmulqdq, avx512_vaes, avx512_vnni, clflush, clflushopt, clwb, avx512_vbmi2, avx512_vbmi, hv, rdtscp, rdpid, fsrm, gfni, avx512_bitalg, f16c, cet_ibt, cet_ss, avx512_ifma
Processor Information for all 12 processors :
  Max Mhz: 2688, Current Mhz: 2688, Mhz Limit: 2688

Memory: 4k page, system-wide physical 7922M (572M free)
TotalPageFile size 23505M (AvailPageFile size 12M)
current process WorkingSet (physical memory assigned to process): 260M, peak: 267M
current process commit charge ("private bytes"): 411M, peak: 420M

vm_info: Java HotSpot(TM) 64-Bit Server VM (22.0.1+8-16) for windows-amd64 JRE (22.0.1+8-16), built on 2024-03-12T10:33:16Z by "mach5one" with MS VC++ 17.6 (VS2022)

END.
