#
# There is insufficient memory for the Java Runtime Environment to continue.
# Native memory allocation (malloc) failed to allocate 1554272 bytes. Error detail: Chunk::new
# Possible reasons:
#   The system is out of physical RAM or swap space
#   This process is running with CompressedOops enabled, and the Java Heap may be blocking the growth of the native heap
# Possible solutions:
#   Reduce memory load on the system
#   Increase physical memory or swap space
#   Check if swap backing store is full
#   Decrease Java heap size (-Xmx/-Xms)
#   Decrease number of Java threads
#   Decrease Java thread stack sizes (-Xss)
#   Set larger code cache with -XX:ReservedCodeCacheSize=
#   JVM is running with Unscaled Compressed Oops mode in which the Java heap is
#     placed in the first 4GB address space. The Java Heap base address is the
#     maximum limit for the native heap growth. Please use -XX:HeapBaseMinAddress
#     to set the Java Heap base and to place the Java Heap above 4GB virtual address.
# This output file may be truncated or incomplete.
#
#  Out of Memory Error (arena.cpp:150), pid=19024, tid=22236
#
# JRE version: Java(TM) SE Runtime Environment (22.0.1+8) (build 22.0.1+8-16)
# Java VM: Java HotSpot(TM) 64-Bit Server VM (22.0.1+8-16, mixed mode, sharing, tiered, compressed oops, compressed class ptrs, g1 gc, windows-amd64)
# No core dump will be written. Minidumps are not enabled by default on client versions of Windows
#

---------------  S U M M A R Y ------------

Command Line: -Xms256m -Xmx512m -Dclassworlds.conf=C:\Users\Admin\Downloads\apache-maven-3.9.6\bin\m2.conf -Dmaven.home=C:\Users\Admin\Downloads\apache-maven-3.9.6 -Dlibrary.jansi.path=C:\Users\Admin\Downloads\apache-maven-3.9.6\lib\jansi-native -Dmaven.multiModuleProjectDirectory=F:\intern_microservice\product_service org.codehaus.plexus.classworlds.launcher.Launcher spring-boot:run

Host: 11th Gen Intel(R) Core(TM) i5-11400H @ 2.70GHz, 12 cores, 7G,  Windows 11 , 64 bit Build 22621 (10.0.22621.5415)
Time: Thu Jun 12 13:56:00 2025 SE Asia Standard Time elapsed time: 4.239443 seconds (0d 0h 0m 4s)

---------------  T H R E A D  ---------------

Current thread (0x000001fa5242d1d0):  JavaThread "C2 CompilerThread0" daemon [_thread_in_native, id=22236, stack(0x0000006d5fb00000,0x0000006d5fc00000) (1024K)]


Current CompileTask:
C2:4239 5415   !   4       jdk.internal.loader.BuiltinClassLoader::loadClassOrNull (143 bytes)

Stack: [0x0000006d5fb00000,0x0000006d5fc00000]
Native frames: (J=compiled Java code, j=interpreted, Vv=VM code, C=native code)
V  [jvm.dll+0x6e2279]  (no source info available)
V  [jvm.dll+0x874e33]  (no source info available)
V  [jvm.dll+0x87725e]  (no source info available)
V  [jvm.dll+0x877933]  (no source info available)
V  [jvm.dll+0x27fd76]  (no source info available)
V  [jvm.dll+0xc3d0f]  (no source info available)
V  [jvm.dll+0xc3f6b]  (no source info available)
V  [jvm.dll+0x3bb10c]  (no source info available)
V  [jvm.dll+0x387b6b]  (no source info available)
V  [jvm.dll+0x386fda]  (no source info available)
V  [jvm.dll+0x247918]  (no source info available)
V  [jvm.dll+0x246fbf]  (no source info available)
V  [jvm.dll+0x1c4e90]  (no source info available)
V  [jvm.dll+0x2569fe]  (no source info available)
V  [jvm.dll+0x254cba]  (no source info available)
V  [jvm.dll+0x3f5336]  (no source info available)
V  [jvm.dll+0x81d44b]  (no source info available)
V  [jvm.dll+0x6e0915]  (no source info available)
C  [ucrtbase.dll+0x29333]  (no source info available)
C  [KERNEL32.DLL+0x1259d]  (no source info available)
C  [ntdll.dll+0x5af78]  (no source info available)


---------------  P R O C E S S  ---------------

Threads class SMR info:
_java_thread_list=0x000001fa98b728f0, length=12, elements={
0x000001fa352529d0, 0x000001fa5240fcb0, 0x000001fa524131f0, 0x000001fa524165d0,
0x000001fa52418260, 0x000001fa5241a440, 0x000001fa524252d0, 0x000001fa5242d1d0,
0x000001fa5244d8a0, 0x000001fa5258c400, 0x000001fa52588f80, 0x000001fa52736c20
}

Java Threads: ( => current thread )
  0x000001fa352529d0 JavaThread "main"                              [_thread_in_Java, id=3296, stack(0x0000006d5ed00000,0x0000006d5ee00000) (1024K)]
  0x000001fa5240fcb0 JavaThread "Reference Handler"          daemon [_thread_blocked, id=10248, stack(0x0000006d5f500000,0x0000006d5f600000) (1024K)]
  0x000001fa524131f0 JavaThread "Finalizer"                  daemon [_thread_blocked, id=7288, stack(0x0000006d5f600000,0x0000006d5f700000) (1024K)]
  0x000001fa524165d0 JavaThread "Signal Dispatcher"          daemon [_thread_blocked, id=23004, stack(0x0000006d5f700000,0x0000006d5f800000) (1024K)]
  0x000001fa52418260 JavaThread "Attach Listener"            daemon [_thread_blocked, id=21664, stack(0x0000006d5f800000,0x0000006d5f900000) (1024K)]
  0x000001fa5241a440 JavaThread "Service Thread"             daemon [_thread_blocked, id=27256, stack(0x0000006d5f900000,0x0000006d5fa00000) (1024K)]
  0x000001fa524252d0 JavaThread "Monitor Deflation Thread"   daemon [_thread_blocked, id=14744, stack(0x0000006d5fa00000,0x0000006d5fb00000) (1024K)]
=>0x000001fa5242d1d0 JavaThread "C2 CompilerThread0"         daemon [_thread_in_native, id=22236, stack(0x0000006d5fb00000,0x0000006d5fc00000) (1024K)]
  0x000001fa5244d8a0 JavaThread "C1 CompilerThread0"         daemon [_thread_blocked, id=29440, stack(0x0000006d5fc00000,0x0000006d5fd00000) (1024K)]
  0x000001fa5258c400 JavaThread "Notification Thread"        daemon [_thread_blocked, id=19424, stack(0x0000006d5fd00000,0x0000006d5fe00000) (1024K)]
  0x000001fa52588f80 JavaThread "Common-Cleaner"             daemon [_thread_blocked, id=30152, stack(0x0000006d5fe00000,0x0000006d5ff00000) (1024K)]
  0x000001fa52736c20 JavaThread "C2 CompilerThread1"         daemon [_thread_blocked, id=18560, stack(0x0000006d5ff00000,0x0000006d60000000) (1024K)]
Total: 12

Other Threads:
  0x000001fa523f3670 VMThread "VM Thread"                           [id=30288, stack(0x0000006d5f400000,0x0000006d5f500000) (1024K)]
  0x000001fa523dc080 WatcherThread "VM Periodic Task Thread"        [id=6160, stack(0x0000006d5f300000,0x0000006d5f400000) (1024K)]
  0x000001fa374cb600 WorkerThread "GC Thread#0"                     [id=6952, stack(0x0000006d5ee00000,0x0000006d5ef00000) (1024K)]
  0x000001fa98ca6c00 WorkerThread "GC Thread#1"                     [id=23452, stack(0x0000006d60100000,0x0000006d60200000) (1024K)]
  0x000001fa98baa650 WorkerThread "GC Thread#2"                     [id=29852, stack(0x0000006d60200000,0x0000006d60300000) (1024K)]
  0x000001fa98bd5420 WorkerThread "GC Thread#3"                     [id=28080, stack(0x0000006d60300000,0x0000006d60400000) (1024K)]
  0x000001fa98b90330 WorkerThread "GC Thread#4"                     [id=4360, stack(0x0000006d60400000,0x0000006d60500000) (1024K)]
  0x000001fa98b90f00 WorkerThread "GC Thread#5"                     [id=4268, stack(0x0000006d60500000,0x0000006d60600000) (1024K)]
  0x000001fa98d01540 WorkerThread "GC Thread#6"                     [id=27500, stack(0x0000006d60600000,0x0000006d60700000) (1024K)]
  0x000001fa98d02110 WorkerThread "GC Thread#7"                     [id=30480, stack(0x0000006d60700000,0x0000006d60800000) (1024K)]
  0x000001fa98d028d0 WorkerThread "GC Thread#8"                     [id=31508, stack(0x0000006d60800000,0x0000006d60900000) (1024K)]
  0x000001fa98a73260 WorkerThread "GC Thread#9"                     [id=7036, stack(0x0000006d60900000,0x0000006d60a00000) (1024K)]
  0x000001fa374d05f0 ConcurrentGCThread "G1 Main Marker"            [id=31336, stack(0x0000006d5ef00000,0x0000006d5f000000) (1024K)]
  0x000001fa374d22c0 WorkerThread "G1 Conc#0"                       [id=1420, stack(0x0000006d5f000000,0x0000006d5f100000) (1024K)]
  0x000001fa9a5c1780 WorkerThread "G1 Conc#1"                       [id=28808, stack(0x0000006d60a00000,0x0000006d60b00000) (1024K)]
  0x000001fa9a5c0c70 WorkerThread "G1 Conc#2"                       [id=27356, stack(0x0000006d60b00000,0x0000006d60c00000) (1024K)]
  0x000001fa522af690 ConcurrentGCThread "G1 Refine#0"               [id=11152, stack(0x0000006d5f100000,0x0000006d5f200000) (1024K)]
  0x000001fa522b0130 ConcurrentGCThread "G1 Service"                [id=15016, stack(0x0000006d5f200000,0x0000006d5f300000) (1024K)]
Total: 18

Threads with active compile tasks:
C2 CompilerThread0  4292 5415   !   4       jdk.internal.loader.BuiltinClassLoader::loadClassOrNull (143 bytes)
Total: 1

VM state: not at safepoint (normal execution)

VM Mutex/Monitor currently owned by a thread: None

Heap address: 0x00000000e0000000, size: 512 MB, Compressed Oops mode: 32-bit

CDS archive(s) mapped at: [0x000001fa53000000-0x000001fa53c60000-0x000001fa53c60000), size 12976128, SharedBaseAddress: 0x000001fa53000000, ArchiveRelocationMode: 1.
Compressed class space mapped at: 0x000001fa54000000-0x000001fa94000000, reserved size: 1073741824
Narrow klass base: 0x000001fa53000000, Narrow klass shift: 0, Narrow klass range: 0x41000000

GC Precious Log:
 CardTable entry size: 512
 Card Set container configuration: InlinePtr #cards 5 size 8 Array Of Cards #cards 12 size 40 Howl #buckets 4 coarsen threshold 1843 Howl Bitmap #cards 512 size 80 coarsen threshold 460 Card regions per heap region 1 cards per card region 2048
 CPUs: 12 total, 12 available
 Memory: 7922M
 Large Page Support: Disabled
 NUMA Support: Disabled
 Compressed Oops: Enabled (32-bit)
 Heap Region Size: 1M
 Heap Min Capacity: 256M
 Heap Initial Capacity: 256M
 Heap Max Capacity: 512M
 Pre-touch: Disabled
 Parallel Workers: 10
 Concurrent Workers: 3
 Concurrent Refinement Workers: 10
 Periodic GC: Disabled

Heap:
 garbage-first heap   total reserved 524288K, committed 262144K, used 34286K [0x00000000e0000000, 0x0000000100000000)
  region size 1024K, 8 young (8192K), 7 survivors (7168K)
 Metaspace       used 22887K, committed 23232K, reserved 1114112K
  class space    used 2666K, committed 2816K, reserved 1048576K

Heap Regions: E=young(eden), S=young(survivor), O=old, HS=humongous(starts), HC=humongous(continues), CS=collection set, F=free, TAMS=top-at-mark-start, PB=parsable bottom
|   0|0x00000000e0000000, 0x00000000e0100000, 0x00000000e0100000|100%| O|  |TAMS 0x00000000e0000000| PB 0x00000000e0000000| Untracked |  0
|   1|0x00000000e0100000, 0x00000000e0200000, 0x00000000e0200000|100%| O|  |TAMS 0x00000000e0100000| PB 0x00000000e0100000| Untracked |  0
|   2|0x00000000e0200000, 0x00000000e0300000, 0x00000000e0300000|100%| O|  |TAMS 0x00000000e0200000| PB 0x00000000e0200000| Untracked |  0
|   3|0x00000000e0300000, 0x00000000e0400000, 0x00000000e0400000|100%| O|Cm|TAMS 0x00000000e0300000| PB 0x00000000e0300000| Complete |  0
|   4|0x00000000e0400000, 0x00000000e0400000, 0x00000000e0500000|  0%| F|  |TAMS 0x00000000e0400000| PB 0x00000000e0400000| Untracked |  0
|   5|0x00000000e0500000, 0x00000000e0500000, 0x00000000e0600000|  0%| F|  |TAMS 0x00000000e0500000| PB 0x00000000e0500000| Untracked |  0
|   6|0x00000000e0600000, 0x00000000e0600000, 0x00000000e0700000|  0%| F|  |TAMS 0x00000000e0600000| PB 0x00000000e0600000| Untracked |  0
|   7|0x00000000e0700000, 0x00000000e0800000, 0x00000000e0800000|100%|HS|  |TAMS 0x00000000e0700000| PB 0x00000000e0700000| Complete |  0
|   8|0x00000000e0800000, 0x00000000e0900000, 0x00000000e0900000|100%|HC|  |TAMS 0x00000000e0800000| PB 0x00000000e0800000| Complete |  0
|   9|0x00000000e0900000, 0x00000000e0a00000, 0x00000000e0a00000|100%|HS|  |TAMS 0x00000000e0900000| PB 0x00000000e0900000| Complete |  0
|  10|0x00000000e0a00000, 0x00000000e0b00000, 0x00000000e0b00000|100%|HC|  |TAMS 0x00000000e0a00000| PB 0x00000000e0a00000| Complete |  0
|  11|0x00000000e0b00000, 0x00000000e0c00000, 0x00000000e0c00000|100%| O|  |TAMS 0x00000000e0b00000| PB 0x00000000e0b00000| Untracked |  0
|  12|0x00000000e0c00000, 0x00000000e0d00000, 0x00000000e0d00000|100%| O|  |TAMS 0x00000000e0c00000| PB 0x00000000e0c00000| Untracked |  0
|  13|0x00000000e0d00000, 0x00000000e0e00000, 0x00000000e0e00000|100%| O|  |TAMS 0x00000000e0d00000| PB 0x00000000e0d00000| Untracked |  0
|  14|0x00000000e0e00000, 0x00000000e0f00000, 0x00000000e0f00000|100%| O|  |TAMS 0x00000000e0e00000| PB 0x00000000e0e00000| Untracked |  0
|  15|0x00000000e0f00000, 0x00000000e1000000, 0x00000000e1000000|100%| O|  |TAMS 0x00000000e0f00000| PB 0x00000000e0f00000| Untracked |  0
|  16|0x00000000e1000000, 0x00000000e1100000, 0x00000000e1100000|100%| O|  |TAMS 0x00000000e1000000| PB 0x00000000e1000000| Untracked |  0
|  17|0x00000000e1100000, 0x00000000e1200000, 0x00000000e1200000|100%| O|  |TAMS 0x00000000e1100000| PB 0x00000000e1100000| Untracked |  0
|  18|0x00000000e1200000, 0x00000000e1300000, 0x00000000e1300000|100%| O|  |TAMS 0x00000000e1200000| PB 0x00000000e1200000| Untracked |  0
|  19|0x00000000e1300000, 0x00000000e1400000, 0x00000000e1400000|100%| O|  |TAMS 0x00000000e1300000| PB 0x00000000e1300000| Untracked |  0
|  20|0x00000000e1400000, 0x00000000e1500000, 0x00000000e1500000|100%| O|  |TAMS 0x00000000e1400000| PB 0x00000000e1400000| Untracked |  0
|  21|0x00000000e1500000, 0x00000000e1600000, 0x00000000e1600000|100%| O|  |TAMS 0x00000000e1500000| PB 0x00000000e1500000| Untracked |  0
|  22|0x00000000e1600000, 0x00000000e1700000, 0x00000000e1700000|100%| O|  |TAMS 0x00000000e1600000| PB 0x00000000e1600000| Untracked |  0
|  23|0x00000000e1700000, 0x00000000e1800000, 0x00000000e1800000|100%| O|  |TAMS 0x00000000e1700000| PB 0x00000000e1700000| Untracked |  0
|  24|0x00000000e1800000, 0x00000000e1900000, 0x00000000e1900000|100%| O|  |TAMS 0x00000000e1800000| PB 0x00000000e1800000| Untracked |  0
|  25|0x00000000e1900000, 0x00000000e1a00000, 0x00000000e1a00000|100%| O|  |TAMS 0x00000000e1900000| PB 0x00000000e1900000| Untracked |  0
|  26|0x00000000e1a00000, 0x00000000e1b00000, 0x00000000e1b00000|100%| O|  |TAMS 0x00000000e1a00000| PB 0x00000000e1a00000| Untracked |  0
|  27|0x00000000e1b00000, 0x00000000e1c00000, 0x00000000e1c00000|100%| O|  |TAMS 0x00000000e1b00000| PB 0x00000000e1b00000| Untracked |  0
|  28|0x00000000e1c00000, 0x00000000e1d00000, 0x00000000e1d00000|100%| O|  |TAMS 0x00000000e1c00000| PB 0x00000000e1c00000| Untracked |  0
|  29|0x00000000e1d00000, 0x00000000e1e00000, 0x00000000e1e00000|100%| O|  |TAMS 0x00000000e1d00000| PB 0x00000000e1d00000| Untracked |  0
|  30|0x00000000e1e00000, 0x00000000e1e00000, 0x00000000e1f00000|  0%| F|  |TAMS 0x00000000e1e00000| PB 0x00000000e1e00000| Untracked |  0
|  31|0x00000000e1f00000, 0x00000000e1f00000, 0x00000000e2000000|  0%| F|  |TAMS 0x00000000e1f00000| PB 0x00000000e1f00000| Untracked |  0
|  32|0x00000000e2000000, 0x00000000e2000000, 0x00000000e2100000|  0%| F|  |TAMS 0x00000000e2000000| PB 0x00000000e2000000| Untracked |  0
|  33|0x00000000e2100000, 0x00000000e2100000, 0x00000000e2200000|  0%| F|  |TAMS 0x00000000e2100000| PB 0x00000000e2100000| Untracked |  0
|  34|0x00000000e2200000, 0x00000000e2200000, 0x00000000e2300000|  0%| F|  |TAMS 0x00000000e2200000| PB 0x00000000e2200000| Untracked |  0
|  35|0x00000000e2300000, 0x00000000e2300000, 0x00000000e2400000|  0%| F|  |TAMS 0x00000000e2300000| PB 0x00000000e2300000| Untracked |  0
|  36|0x00000000e2400000, 0x00000000e2400000, 0x00000000e2500000|  0%| F|  |TAMS 0x00000000e2400000| PB 0x00000000e2400000| Untracked |  0
|  37|0x00000000e2500000, 0x00000000e2500000, 0x00000000e2600000|  0%| F|  |TAMS 0x00000000e2500000| PB 0x00000000e2500000| Untracked |  0
|  38|0x00000000e2600000, 0x00000000e2600000, 0x00000000e2700000|  0%| F|  |TAMS 0x00000000e2600000| PB 0x00000000e2600000| Untracked |  0
|  39|0x00000000e2700000, 0x00000000e2700000, 0x00000000e2800000|  0%| F|  |TAMS 0x00000000e2700000| PB 0x00000000e2700000| Untracked |  0
|  40|0x00000000e2800000, 0x00000000e2800000, 0x00000000e2900000|  0%| F|  |TAMS 0x00000000e2800000| PB 0x00000000e2800000| Untracked |  0
|  41|0x00000000e2900000, 0x00000000e2900000, 0x00000000e2a00000|  0%| F|  |TAMS 0x00000000e2900000| PB 0x00000000e2900000| Untracked |  0
|  42|0x00000000e2a00000, 0x00000000e2a00000, 0x00000000e2b00000|  0%| F|  |TAMS 0x00000000e2a00000| PB 0x00000000e2a00000| Untracked |  0
|  43|0x00000000e2b00000, 0x00000000e2b00000, 0x00000000e2c00000|  0%| F|  |TAMS 0x00000000e2b00000| PB 0x00000000e2b00000| Untracked |  0
|  44|0x00000000e2c00000, 0x00000000e2c00000, 0x00000000e2d00000|  0%| F|  |TAMS 0x00000000e2c00000| PB 0x00000000e2c00000| Untracked |  0
|  45|0x00000000e2d00000, 0x00000000e2d00000, 0x00000000e2e00000|  0%| F|  |TAMS 0x00000000e2d00000| PB 0x00000000e2d00000| Untracked |  0
|  46|0x00000000e2e00000, 0x00000000e2e00000, 0x00000000e2f00000|  0%| F|  |TAMS 0x00000000e2e00000| PB 0x00000000e2e00000| Untracked |  0
|  47|0x00000000e2f00000, 0x00000000e2f00000, 0x00000000e3000000|  0%| F|  |TAMS 0x00000000e2f00000| PB 0x00000000e2f00000| Untracked |  0
|  48|0x00000000e3000000, 0x00000000e3000000, 0x00000000e3100000|  0%| F|  |TAMS 0x00000000e3000000| PB 0x00000000e3000000| Untracked |  0
|  49|0x00000000e3100000, 0x00000000e3100000, 0x00000000e3200000|  0%| F|  |TAMS 0x00000000e3100000| PB 0x00000000e3100000| Untracked |  0
|  50|0x00000000e3200000, 0x00000000e3200000, 0x00000000e3300000|  0%| F|  |TAMS 0x00000000e3200000| PB 0x00000000e3200000| Untracked |  0
|  51|0x00000000e3300000, 0x00000000e3300000, 0x00000000e3400000|  0%| F|  |TAMS 0x00000000e3300000| PB 0x00000000e3300000| Untracked |  0
|  52|0x00000000e3400000, 0x00000000e3400000, 0x00000000e3500000|  0%| F|  |TAMS 0x00000000e3400000| PB 0x00000000e3400000| Untracked |  0
|  53|0x00000000e3500000, 0x00000000e3500000, 0x00000000e3600000|  0%| F|  |TAMS 0x00000000e3500000| PB 0x00000000e3500000| Untracked |  0
|  54|0x00000000e3600000, 0x00000000e3600000, 0x00000000e3700000|  0%| F|  |TAMS 0x00000000e3600000| PB 0x00000000e3600000| Untracked |  0
|  55|0x00000000e3700000, 0x00000000e3700000, 0x00000000e3800000|  0%| F|  |TAMS 0x00000000e3700000| PB 0x00000000e3700000| Untracked |  0
|  56|0x00000000e3800000, 0x00000000e3800000, 0x00000000e3900000|  0%| F|  |TAMS 0x00000000e3800000| PB 0x00000000e3800000| Untracked |  0
|  57|0x00000000e3900000, 0x00000000e3900000, 0x00000000e3a00000|  0%| F|  |TAMS 0x00000000e3900000| PB 0x00000000e3900000| Untracked |  0
|  58|0x00000000e3a00000, 0x00000000e3a00000, 0x00000000e3b00000|  0%| F|  |TAMS 0x00000000e3a00000| PB 0x00000000e3a00000| Untracked |  0
|  59|0x00000000e3b00000, 0x00000000e3b00000, 0x00000000e3c00000|  0%| F|  |TAMS 0x00000000e3b00000| PB 0x00000000e3b00000| Untracked |  0
|  60|0x00000000e3c00000, 0x00000000e3c00000, 0x00000000e3d00000|  0%| F|  |TAMS 0x00000000e3c00000| PB 0x00000000e3c00000| Untracked |  0
|  61|0x00000000e3d00000, 0x00000000e3d00000, 0x00000000e3e00000|  0%| F|  |TAMS 0x00000000e3d00000| PB 0x00000000e3d00000| Untracked |  0
|  62|0x00000000e3e00000, 0x00000000e3e00000, 0x00000000e3f00000|  0%| F|  |TAMS 0x00000000e3e00000| PB 0x00000000e3e00000| Untracked |  0
|  63|0x00000000e3f00000, 0x00000000e3f00000, 0x00000000e4000000|  0%| F|  |TAMS 0x00000000e3f00000| PB 0x00000000e3f00000| Untracked |  0
|  64|0x00000000e4000000, 0x00000000e4000000, 0x00000000e4100000|  0%| F|  |TAMS 0x00000000e4000000| PB 0x00000000e4000000| Untracked |  0
|  65|0x00000000e4100000, 0x00000000e4100000, 0x00000000e4200000|  0%| F|  |TAMS 0x00000000e4100000| PB 0x00000000e4100000| Untracked |  0
|  66|0x00000000e4200000, 0x00000000e4200000, 0x00000000e4300000|  0%| F|  |TAMS 0x00000000e4200000| PB 0x00000000e4200000| Untracked |  0
|  67|0x00000000e4300000, 0x00000000e4300000, 0x00000000e4400000|  0%| F|  |TAMS 0x00000000e4300000| PB 0x00000000e4300000| Untracked |  0
|  68|0x00000000e4400000, 0x00000000e4400000, 0x00000000e4500000|  0%| F|  |TAMS 0x00000000e4400000| PB 0x00000000e4400000| Untracked |  0
|  69|0x00000000e4500000, 0x00000000e4500000, 0x00000000e4600000|  0%| F|  |TAMS 0x00000000e4500000| PB 0x00000000e4500000| Untracked |  0
|  70|0x00000000e4600000, 0x00000000e4600000, 0x00000000e4700000|  0%| F|  |TAMS 0x00000000e4600000| PB 0x00000000e4600000| Untracked |  0
|  71|0x00000000e4700000, 0x00000000e4700000, 0x00000000e4800000|  0%| F|  |TAMS 0x00000000e4700000| PB 0x00000000e4700000| Untracked |  0
|  72|0x00000000e4800000, 0x00000000e4800000, 0x00000000e4900000|  0%| F|  |TAMS 0x00000000e4800000| PB 0x00000000e4800000| Untracked |  0
|  73|0x00000000e4900000, 0x00000000e4900000, 0x00000000e4a00000|  0%| F|  |TAMS 0x00000000e4900000| PB 0x00000000e4900000| Untracked |  0
|  74|0x00000000e4a00000, 0x00000000e4a00000, 0x00000000e4b00000|  0%| F|  |TAMS 0x00000000e4a00000| PB 0x00000000e4a00000| Untracked |  0
|  75|0x00000000e4b00000, 0x00000000e4b00000, 0x00000000e4c00000|  0%| F|  |TAMS 0x00000000e4b00000| PB 0x00000000e4b00000| Untracked |  0
|  76|0x00000000e4c00000, 0x00000000e4c00000, 0x00000000e4d00000|  0%| F|  |TAMS 0x00000000e4c00000| PB 0x00000000e4c00000| Untracked |  0
|  77|0x00000000e4d00000, 0x00000000e4d00000, 0x00000000e4e00000|  0%| F|  |TAMS 0x00000000e4d00000| PB 0x00000000e4d00000| Untracked |  0
|  78|0x00000000e4e00000, 0x00000000e4e00000, 0x00000000e4f00000|  0%| F|  |TAMS 0x00000000e4e00000| PB 0x00000000e4e00000| Untracked |  0
|  79|0x00000000e4f00000, 0x00000000e4f00000, 0x00000000e5000000|  0%| F|  |TAMS 0x00000000e4f00000| PB 0x00000000e4f00000| Untracked |  0
|  80|0x00000000e5000000, 0x00000000e5000000, 0x00000000e5100000|  0%| F|  |TAMS 0x00000000e5000000| PB 0x00000000e5000000| Untracked |  0
|  81|0x00000000e5100000, 0x00000000e5100000, 0x00000000e5200000|  0%| F|  |TAMS 0x00000000e5100000| PB 0x00000000e5100000| Untracked |  0
|  82|0x00000000e5200000, 0x00000000e5200000, 0x00000000e5300000|  0%| F|  |TAMS 0x00000000e5200000| PB 0x00000000e5200000| Untracked |  0
|  83|0x00000000e5300000, 0x00000000e5300000, 0x00000000e5400000|  0%| F|  |TAMS 0x00000000e5300000| PB 0x00000000e5300000| Untracked |  0
|  84|0x00000000e5400000, 0x00000000e5400000, 0x00000000e5500000|  0%| F|  |TAMS 0x00000000e5400000| PB 0x00000000e5400000| Untracked |  0
|  85|0x00000000e5500000, 0x00000000e5500000, 0x00000000e5600000|  0%| F|  |TAMS 0x00000000e5500000| PB 0x00000000e5500000| Untracked |  0
|  86|0x00000000e5600000, 0x00000000e5600000, 0x00000000e5700000|  0%| F|  |TAMS 0x00000000e5600000| PB 0x00000000e5600000| Untracked |  0
|  87|0x00000000e5700000, 0x00000000e5700000, 0x00000000e5800000|  0%| F|  |TAMS 0x00000000e5700000| PB 0x00000000e5700000| Untracked |  0
|  88|0x00000000e5800000, 0x00000000e5800000, 0x00000000e5900000|  0%| F|  |TAMS 0x00000000e5800000| PB 0x00000000e5800000| Untracked |  0
|  89|0x00000000e5900000, 0x00000000e5900000, 0x00000000e5a00000|  0%| F|  |TAMS 0x00000000e5900000| PB 0x00000000e5900000| Untracked |  0
|  90|0x00000000e5a00000, 0x00000000e5a00000, 0x00000000e5b00000|  0%| F|  |TAMS 0x00000000e5a00000| PB 0x00000000e5a00000| Untracked |  0
|  91|0x00000000e5b00000, 0x00000000e5b00000, 0x00000000e5c00000|  0%| F|  |TAMS 0x00000000e5b00000| PB 0x00000000e5b00000| Untracked |  0
|  92|0x00000000e5c00000, 0x00000000e5c00000, 0x00000000e5d00000|  0%| F|  |TAMS 0x00000000e5c00000| PB 0x00000000e5c00000| Untracked |  0
|  93|0x00000000e5d00000, 0x00000000e5d00000, 0x00000000e5e00000|  0%| F|  |TAMS 0x00000000e5d00000| PB 0x00000000e5d00000| Untracked |  0
|  94|0x00000000e5e00000, 0x00000000e5e00000, 0x00000000e5f00000|  0%| F|  |TAMS 0x00000000e5e00000| PB 0x00000000e5e00000| Untracked |  0
|  95|0x00000000e5f00000, 0x00000000e5f00000, 0x00000000e6000000|  0%| F|  |TAMS 0x00000000e5f00000| PB 0x00000000e5f00000| Untracked |  0
|  96|0x00000000e6000000, 0x00000000e6000000, 0x00000000e6100000|  0%| F|  |TAMS 0x00000000e6000000| PB 0x00000000e6000000| Untracked |  0
|  97|0x00000000e6100000, 0x00000000e6100000, 0x00000000e6200000|  0%| F|  |TAMS 0x00000000e6100000| PB 0x00000000e6100000| Untracked |  0
|  98|0x00000000e6200000, 0x00000000e6200000, 0x00000000e6300000|  0%| F|  |TAMS 0x00000000e6200000| PB 0x00000000e6200000| Untracked |  0
|  99|0x00000000e6300000, 0x00000000e6300000, 0x00000000e6400000|  0%| F|  |TAMS 0x00000000e6300000| PB 0x00000000e6300000| Untracked |  0
| 100|0x00000000e6400000, 0x00000000e6400000, 0x00000000e6500000|  0%| F|  |TAMS 0x00000000e6400000| PB 0x00000000e6400000| Untracked |  0
| 101|0x00000000e6500000, 0x00000000e6500000, 0x00000000e6600000|  0%| F|  |TAMS 0x00000000e6500000| PB 0x00000000e6500000| Untracked |  0
| 102|0x00000000e6600000, 0x00000000e6600000, 0x00000000e6700000|  0%| F|  |TAMS 0x00000000e6600000| PB 0x00000000e6600000| Untracked |  0
| 103|0x00000000e6700000, 0x00000000e6700000, 0x00000000e6800000|  0%| F|  |TAMS 0x00000000e6700000| PB 0x00000000e6700000| Untracked |  0
| 104|0x00000000e6800000, 0x00000000e6800000, 0x00000000e6900000|  0%| F|  |TAMS 0x00000000e6800000| PB 0x00000000e6800000| Untracked |  0
| 105|0x00000000e6900000, 0x00000000e6900000, 0x00000000e6a00000|  0%| F|  |TAMS 0x00000000e6900000| PB 0x00000000e6900000| Untracked |  0
| 106|0x00000000e6a00000, 0x00000000e6a00000, 0x00000000e6b00000|  0%| F|  |TAMS 0x00000000e6a00000| PB 0x00000000e6a00000| Untracked |  0
| 107|0x00000000e6b00000, 0x00000000e6b00000, 0x00000000e6c00000|  0%| F|  |TAMS 0x00000000e6b00000| PB 0x00000000e6b00000| Untracked |  0
| 108|0x00000000e6c00000, 0x00000000e6c00000, 0x00000000e6d00000|  0%| F|  |TAMS 0x00000000e6c00000| PB 0x00000000e6c00000| Untracked |  0
| 109|0x00000000e6d00000, 0x00000000e6d00000, 0x00000000e6e00000|  0%| F|  |TAMS 0x00000000e6d00000| PB 0x00000000e6d00000| Untracked |  0
| 110|0x00000000e6e00000, 0x00000000e6e00000, 0x00000000e6f00000|  0%| F|  |TAMS 0x00000000e6e00000| PB 0x00000000e6e00000| Untracked |  0
| 111|0x00000000e6f00000, 0x00000000e6f00000, 0x00000000e7000000|  0%| F|  |TAMS 0x00000000e6f00000| PB 0x00000000e6f00000| Untracked |  0
| 112|0x00000000e7000000, 0x00000000e7000000, 0x00000000e7100000|  0%| F|  |TAMS 0x00000000e7000000| PB 0x00000000e7000000| Untracked |  0
| 113|0x00000000e7100000, 0x00000000e7100000, 0x00000000e7200000|  0%| F|  |TAMS 0x00000000e7100000| PB 0x00000000e7100000| Untracked |  0
| 114|0x00000000e7200000, 0x00000000e7200000, 0x00000000e7300000|  0%| F|  |TAMS 0x00000000e7200000| PB 0x00000000e7200000| Untracked |  0
| 115|0x00000000e7300000, 0x00000000e7300000, 0x00000000e7400000|  0%| F|  |TAMS 0x00000000e7300000| PB 0x00000000e7300000| Untracked |  0
| 116|0x00000000e7400000, 0x00000000e7400000, 0x00000000e7500000|  0%| F|  |TAMS 0x00000000e7400000| PB 0x00000000e7400000| Untracked |  0
| 117|0x00000000e7500000, 0x00000000e7500000, 0x00000000e7600000|  0%| F|  |TAMS 0x00000000e7500000| PB 0x00000000e7500000| Untracked |  0
| 118|0x00000000e7600000, 0x00000000e7600000, 0x00000000e7700000|  0%| F|  |TAMS 0x00000000e7600000| PB 0x00000000e7600000| Untracked |  0
| 119|0x00000000e7700000, 0x00000000e7700000, 0x00000000e7800000|  0%| F|  |TAMS 0x00000000e7700000| PB 0x00000000e7700000| Untracked |  0
| 120|0x00000000e7800000, 0x00000000e7800000, 0x00000000e7900000|  0%| F|  |TAMS 0x00000000e7800000| PB 0x00000000e7800000| Untracked |  0
| 121|0x00000000e7900000, 0x00000000e7900000, 0x00000000e7a00000|  0%| F|  |TAMS 0x00000000e7900000| PB 0x00000000e7900000| Untracked |  0
| 122|0x00000000e7a00000, 0x00000000e7a00000, 0x00000000e7b00000|  0%| F|  |TAMS 0x00000000e7a00000| PB 0x00000000e7a00000| Untracked |  0
| 123|0x00000000e7b00000, 0x00000000e7b00000, 0x00000000e7c00000|  0%| F|  |TAMS 0x00000000e7b00000| PB 0x00000000e7b00000| Untracked |  0
| 124|0x00000000e7c00000, 0x00000000e7c00000, 0x00000000e7d00000|  0%| F|  |TAMS 0x00000000e7c00000| PB 0x00000000e7c00000| Untracked |  0
| 125|0x00000000e7d00000, 0x00000000e7d00000, 0x00000000e7e00000|  0%| F|  |TAMS 0x00000000e7d00000| PB 0x00000000e7d00000| Untracked |  0
| 126|0x00000000e7e00000, 0x00000000e7e00000, 0x00000000e7f00000|  0%| F|  |TAMS 0x00000000e7e00000| PB 0x00000000e7e00000| Untracked |  0
| 127|0x00000000e7f00000, 0x00000000e7f00000, 0x00000000e8000000|  0%| F|  |TAMS 0x00000000e7f00000| PB 0x00000000e7f00000| Untracked |  0
| 128|0x00000000e8000000, 0x00000000e8000000, 0x00000000e8100000|  0%| F|  |TAMS 0x00000000e8000000| PB 0x00000000e8000000| Untracked |  0
| 129|0x00000000e8100000, 0x00000000e8100000, 0x00000000e8200000|  0%| F|  |TAMS 0x00000000e8100000| PB 0x00000000e8100000| Untracked |  0
| 130|0x00000000e8200000, 0x00000000e8200000, 0x00000000e8300000|  0%| F|  |TAMS 0x00000000e8200000| PB 0x00000000e8200000| Untracked |  0
| 131|0x00000000e8300000, 0x00000000e8300000, 0x00000000e8400000|  0%| F|  |TAMS 0x00000000e8300000| PB 0x00000000e8300000| Untracked |  0
| 132|0x00000000e8400000, 0x00000000e8400000, 0x00000000e8500000|  0%| F|  |TAMS 0x00000000e8400000| PB 0x00000000e8400000| Untracked |  0
| 133|0x00000000e8500000, 0x00000000e8500000, 0x00000000e8600000|  0%| F|  |TAMS 0x00000000e8500000| PB 0x00000000e8500000| Untracked |  0
| 134|0x00000000e8600000, 0x00000000e8600000, 0x00000000e8700000|  0%| F|  |TAMS 0x00000000e8600000| PB 0x00000000e8600000| Untracked |  0
| 135|0x00000000e8700000, 0x00000000e8700000, 0x00000000e8800000|  0%| F|  |TAMS 0x00000000e8700000| PB 0x00000000e8700000| Untracked |  0
| 136|0x00000000e8800000, 0x00000000e8800000, 0x00000000e8900000|  0%| F|  |TAMS 0x00000000e8800000| PB 0x00000000e8800000| Untracked |  0
| 137|0x00000000e8900000, 0x00000000e8900000, 0x00000000e8a00000|  0%| F|  |TAMS 0x00000000e8900000| PB 0x00000000e8900000| Untracked |  0
| 138|0x00000000e8a00000, 0x00000000e8a00000, 0x00000000e8b00000|  0%| F|  |TAMS 0x00000000e8a00000| PB 0x00000000e8a00000| Untracked |  0
| 139|0x00000000e8b00000, 0x00000000e8b00000, 0x00000000e8c00000|  0%| F|  |TAMS 0x00000000e8b00000| PB 0x00000000e8b00000| Untracked |  0
| 140|0x00000000e8c00000, 0x00000000e8c00000, 0x00000000e8d00000|  0%| F|  |TAMS 0x00000000e8c00000| PB 0x00000000e8c00000| Untracked |  0
| 141|0x00000000e8d00000, 0x00000000e8d00000, 0x00000000e8e00000|  0%| F|  |TAMS 0x00000000e8d00000| PB 0x00000000e8d00000| Untracked |  0
| 142|0x00000000e8e00000, 0x00000000e8e00000, 0x00000000e8f00000|  0%| F|  |TAMS 0x00000000e8e00000| PB 0x00000000e8e00000| Untracked |  0
| 143|0x00000000e8f00000, 0x00000000e8f00000, 0x00000000e9000000|  0%| F|  |TAMS 0x00000000e8f00000| PB 0x00000000e8f00000| Untracked |  0
| 144|0x00000000e9000000, 0x00000000e9000000, 0x00000000e9100000|  0%| F|  |TAMS 0x00000000e9000000| PB 0x00000000e9000000| Untracked |  0
| 145|0x00000000e9100000, 0x00000000e9100000, 0x00000000e9200000|  0%| F|  |TAMS 0x00000000e9100000| PB 0x00000000e9100000| Untracked |  0
| 146|0x00000000e9200000, 0x00000000e9200000, 0x00000000e9300000|  0%| F|  |TAMS 0x00000000e9200000| PB 0x00000000e9200000| Untracked |  0
| 147|0x00000000e9300000, 0x00000000e9300000, 0x00000000e9400000|  0%| F|  |TAMS 0x00000000e9300000| PB 0x00000000e9300000| Untracked |  0
| 148|0x00000000e9400000, 0x00000000e9400000, 0x00000000e9500000|  0%| F|  |TAMS 0x00000000e9400000| PB 0x00000000e9400000| Untracked |  0
| 149|0x00000000e9500000, 0x00000000e9500000, 0x00000000e9600000|  0%| F|  |TAMS 0x00000000e9500000| PB 0x00000000e9500000| Untracked |  0
| 150|0x00000000e9600000, 0x00000000e9600000, 0x00000000e9700000|  0%| F|  |TAMS 0x00000000e9600000| PB 0x00000000e9600000| Untracked |  0
| 151|0x00000000e9700000, 0x00000000e9700000, 0x00000000e9800000|  0%| F|  |TAMS 0x00000000e9700000| PB 0x00000000e9700000| Untracked |  0
| 152|0x00000000e9800000, 0x00000000e9800000, 0x00000000e9900000|  0%| F|  |TAMS 0x00000000e9800000| PB 0x00000000e9800000| Untracked |  0
| 153|0x00000000e9900000, 0x00000000e9900000, 0x00000000e9a00000|  0%| F|  |TAMS 0x00000000e9900000| PB 0x00000000e9900000| Untracked |  0
| 154|0x00000000e9a00000, 0x00000000e9a00000, 0x00000000e9b00000|  0%| F|  |TAMS 0x00000000e9a00000| PB 0x00000000e9a00000| Untracked |  0
| 155|0x00000000e9b00000, 0x00000000e9b00000, 0x00000000e9c00000|  0%| F|  |TAMS 0x00000000e9b00000| PB 0x00000000e9b00000| Untracked |  0
| 156|0x00000000e9c00000, 0x00000000e9c00000, 0x00000000e9d00000|  0%| F|  |TAMS 0x00000000e9c00000| PB 0x00000000e9c00000| Untracked |  0
| 157|0x00000000e9d00000, 0x00000000e9d00000, 0x00000000e9e00000|  0%| F|  |TAMS 0x00000000e9d00000| PB 0x00000000e9d00000| Untracked |  0
| 158|0x00000000e9e00000, 0x00000000e9e00000, 0x00000000e9f00000|  0%| F|  |TAMS 0x00000000e9e00000| PB 0x00000000e9e00000| Untracked |  0
| 159|0x00000000e9f00000, 0x00000000e9f00000, 0x00000000ea000000|  0%| F|  |TAMS 0x00000000e9f00000| PB 0x00000000e9f00000| Untracked |  0
| 160|0x00000000ea000000, 0x00000000ea000000, 0x00000000ea100000|  0%| F|  |TAMS 0x00000000ea000000| PB 0x00000000ea000000| Untracked |  0
| 161|0x00000000ea100000, 0x00000000ea100000, 0x00000000ea200000|  0%| F|  |TAMS 0x00000000ea100000| PB 0x00000000ea100000| Untracked |  0
| 162|0x00000000ea200000, 0x00000000ea200000, 0x00000000ea300000|  0%| F|  |TAMS 0x00000000ea200000| PB 0x00000000ea200000| Untracked |  0
| 163|0x00000000ea300000, 0x00000000ea300000, 0x00000000ea400000|  0%| F|  |TAMS 0x00000000ea300000| PB 0x00000000ea300000| Untracked |  0
| 164|0x00000000ea400000, 0x00000000ea400000, 0x00000000ea500000|  0%| F|  |TAMS 0x00000000ea400000| PB 0x00000000ea400000| Untracked |  0
| 165|0x00000000ea500000, 0x00000000ea500000, 0x00000000ea600000|  0%| F|  |TAMS 0x00000000ea500000| PB 0x00000000ea500000| Untracked |  0
| 166|0x00000000ea600000, 0x00000000ea600000, 0x00000000ea700000|  0%| F|  |TAMS 0x00000000ea600000| PB 0x00000000ea600000| Untracked |  0
| 167|0x00000000ea700000, 0x00000000ea700000, 0x00000000ea800000|  0%| F|  |TAMS 0x00000000ea700000| PB 0x00000000ea700000| Untracked |  0
| 168|0x00000000ea800000, 0x00000000ea800000, 0x00000000ea900000|  0%| F|  |TAMS 0x00000000ea800000| PB 0x00000000ea800000| Untracked |  0
| 169|0x00000000ea900000, 0x00000000ea900000, 0x00000000eaa00000|  0%| F|  |TAMS 0x00000000ea900000| PB 0x00000000ea900000| Untracked |  0
| 170|0x00000000eaa00000, 0x00000000eaa00000, 0x00000000eab00000|  0%| F|  |TAMS 0x00000000eaa00000| PB 0x00000000eaa00000| Untracked |  0
| 171|0x00000000eab00000, 0x00000000eab00000, 0x00000000eac00000|  0%| F|  |TAMS 0x00000000eab00000| PB 0x00000000eab00000| Untracked |  0
| 172|0x00000000eac00000, 0x00000000eac00000, 0x00000000ead00000|  0%| F|  |TAMS 0x00000000eac00000| PB 0x00000000eac00000| Untracked |  0
| 173|0x00000000ead00000, 0x00000000ead00000, 0x00000000eae00000|  0%| F|  |TAMS 0x00000000ead00000| PB 0x00000000ead00000| Untracked |  0
| 174|0x00000000eae00000, 0x00000000eae00000, 0x00000000eaf00000|  0%| F|  |TAMS 0x00000000eae00000| PB 0x00000000eae00000| Untracked |  0
| 175|0x00000000eaf00000, 0x00000000eaf00000, 0x00000000eb000000|  0%| F|  |TAMS 0x00000000eaf00000| PB 0x00000000eaf00000| Untracked |  0
| 176|0x00000000eb000000, 0x00000000eb000000, 0x00000000eb100000|  0%| F|  |TAMS 0x00000000eb000000| PB 0x00000000eb000000| Untracked |  0
| 177|0x00000000eb100000, 0x00000000eb100000, 0x00000000eb200000|  0%| F|  |TAMS 0x00000000eb100000| PB 0x00000000eb100000| Untracked |  0
| 178|0x00000000eb200000, 0x00000000eb200000, 0x00000000eb300000|  0%| F|  |TAMS 0x00000000eb200000| PB 0x00000000eb200000| Untracked |  0
| 179|0x00000000eb300000, 0x00000000eb300000, 0x00000000eb400000|  0%| F|  |TAMS 0x00000000eb300000| PB 0x00000000eb300000| Untracked |  0
| 180|0x00000000eb400000, 0x00000000eb400000, 0x00000000eb500000|  0%| F|  |TAMS 0x00000000eb400000| PB 0x00000000eb400000| Untracked |  0
| 181|0x00000000eb500000, 0x00000000eb500000, 0x00000000eb600000|  0%| F|  |TAMS 0x00000000eb500000| PB 0x00000000eb500000| Untracked |  0
| 182|0x00000000eb600000, 0x00000000eb600000, 0x00000000eb700000|  0%| F|  |TAMS 0x00000000eb600000| PB 0x00000000eb600000| Untracked |  0
| 183|0x00000000eb700000, 0x00000000eb700000, 0x00000000eb800000|  0%| F|  |TAMS 0x00000000eb700000| PB 0x00000000eb700000| Untracked |  0
| 184|0x00000000eb800000, 0x00000000eb800000, 0x00000000eb900000|  0%| F|  |TAMS 0x00000000eb800000| PB 0x00000000eb800000| Untracked |  0
| 185|0x00000000eb900000, 0x00000000eb900000, 0x00000000eba00000|  0%| F|  |TAMS 0x00000000eb900000| PB 0x00000000eb900000| Untracked |  0
| 186|0x00000000eba00000, 0x00000000eba00000, 0x00000000ebb00000|  0%| F|  |TAMS 0x00000000eba00000| PB 0x00000000eba00000| Untracked |  0
| 187|0x00000000ebb00000, 0x00000000ebb00000, 0x00000000ebc00000|  0%| F|  |TAMS 0x00000000ebb00000| PB 0x00000000ebb00000| Untracked |  0
| 188|0x00000000ebc00000, 0x00000000ebc00000, 0x00000000ebd00000|  0%| F|  |TAMS 0x00000000ebc00000| PB 0x00000000ebc00000| Untracked |  0
| 189|0x00000000ebd00000, 0x00000000ebd00000, 0x00000000ebe00000|  0%| F|  |TAMS 0x00000000ebd00000| PB 0x00000000ebd00000| Untracked |  0
| 190|0x00000000ebe00000, 0x00000000ebe00000, 0x00000000ebf00000|  0%| F|  |TAMS 0x00000000ebe00000| PB 0x00000000ebe00000| Untracked |  0
| 191|0x00000000ebf00000, 0x00000000ebf00000, 0x00000000ec000000|  0%| F|  |TAMS 0x00000000ebf00000| PB 0x00000000ebf00000| Untracked |  0
| 192|0x00000000ec000000, 0x00000000ec000000, 0x00000000ec100000|  0%| F|  |TAMS 0x00000000ec000000| PB 0x00000000ec000000| Untracked |  0
| 193|0x00000000ec100000, 0x00000000ec100000, 0x00000000ec200000|  0%| F|  |TAMS 0x00000000ec100000| PB 0x00000000ec100000| Untracked |  0
| 194|0x00000000ec200000, 0x00000000ec200000, 0x00000000ec300000|  0%| F|  |TAMS 0x00000000ec200000| PB 0x00000000ec200000| Untracked |  0
| 195|0x00000000ec300000, 0x00000000ec300000, 0x00000000ec400000|  0%| F|  |TAMS 0x00000000ec300000| PB 0x00000000ec300000| Untracked |  0
| 196|0x00000000ec400000, 0x00000000ec400000, 0x00000000ec500000|  0%| F|  |TAMS 0x00000000ec400000| PB 0x00000000ec400000| Untracked |  0
| 197|0x00000000ec500000, 0x00000000ec500000, 0x00000000ec600000|  0%| F|  |TAMS 0x00000000ec500000| PB 0x00000000ec500000| Untracked |  0
| 198|0x00000000ec600000, 0x00000000ec600000, 0x00000000ec700000|  0%| F|  |TAMS 0x00000000ec600000| PB 0x00000000ec600000| Untracked |  0
| 199|0x00000000ec700000, 0x00000000ec700000, 0x00000000ec800000|  0%| F|  |TAMS 0x00000000ec700000| PB 0x00000000ec700000| Untracked |  0
| 200|0x00000000ec800000, 0x00000000ec800000, 0x00000000ec900000|  0%| F|  |TAMS 0x00000000ec800000| PB 0x00000000ec800000| Untracked |  0
| 201|0x00000000ec900000, 0x00000000ec900000, 0x00000000eca00000|  0%| F|  |TAMS 0x00000000ec900000| PB 0x00000000ec900000| Untracked |  0
| 202|0x00000000eca00000, 0x00000000eca00000, 0x00000000ecb00000|  0%| F|  |TAMS 0x00000000eca00000| PB 0x00000000eca00000| Untracked |  0
| 203|0x00000000ecb00000, 0x00000000ecb00000, 0x00000000ecc00000|  0%| F|  |TAMS 0x00000000ecb00000| PB 0x00000000ecb00000| Untracked |  0
| 204|0x00000000ecc00000, 0x00000000ecc00000, 0x00000000ecd00000|  0%| F|  |TAMS 0x00000000ecc00000| PB 0x00000000ecc00000| Untracked |  0
| 205|0x00000000ecd00000, 0x00000000ecd00000, 0x00000000ece00000|  0%| F|  |TAMS 0x00000000ecd00000| PB 0x00000000ecd00000| Untracked |  0
| 206|0x00000000ece00000, 0x00000000ece7bab8, 0x00000000ecf00000| 48%| S|CS|TAMS 0x00000000ece00000| PB 0x00000000ece00000| Complete |  0
| 207|0x00000000ecf00000, 0x00000000ed000000, 0x00000000ed000000|100%| S|CS|TAMS 0x00000000ecf00000| PB 0x00000000ecf00000| Complete |  0
| 208|0x00000000ed000000, 0x00000000ed100000, 0x00000000ed100000|100%| S|CS|TAMS 0x00000000ed000000| PB 0x00000000ed000000| Complete |  0
| 209|0x00000000ed100000, 0x00000000ed200000, 0x00000000ed200000|100%| S|CS|TAMS 0x00000000ed100000| PB 0x00000000ed100000| Complete |  0
| 210|0x00000000ed200000, 0x00000000ed300000, 0x00000000ed300000|100%| S|CS|TAMS 0x00000000ed200000| PB 0x00000000ed200000| Complete |  0
| 211|0x00000000ed300000, 0x00000000ed400000, 0x00000000ed400000|100%| S|CS|TAMS 0x00000000ed300000| PB 0x00000000ed300000| Complete |  0
| 212|0x00000000ed400000, 0x00000000ed500000, 0x00000000ed500000|100%| S|CS|TAMS 0x00000000ed400000| PB 0x00000000ed400000| Complete |  0
| 213|0x00000000ed500000, 0x00000000ed500000, 0x00000000ed600000|  0%| F|  |TAMS 0x00000000ed500000| PB 0x00000000ed500000| Untracked |  0
| 214|0x00000000ed600000, 0x00000000ed600000, 0x00000000ed700000|  0%| F|  |TAMS 0x00000000ed600000| PB 0x00000000ed600000| Untracked |  0
| 215|0x00000000ed700000, 0x00000000ed700000, 0x00000000ed800000|  0%| F|  |TAMS 0x00000000ed700000| PB 0x00000000ed700000| Untracked |  0
| 216|0x00000000ed800000, 0x00000000ed800000, 0x00000000ed900000|  0%| F|  |TAMS 0x00000000ed800000| PB 0x00000000ed800000| Untracked |  0
| 217|0x00000000ed900000, 0x00000000ed900000, 0x00000000eda00000|  0%| F|  |TAMS 0x00000000ed900000| PB 0x00000000ed900000| Untracked |  0
| 218|0x00000000eda00000, 0x00000000eda00000, 0x00000000edb00000|  0%| F|  |TAMS 0x00000000eda00000| PB 0x00000000eda00000| Untracked |  0
| 219|0x00000000edb00000, 0x00000000edb00000, 0x00000000edc00000|  0%| F|  |TAMS 0x00000000edb00000| PB 0x00000000edb00000| Untracked |  0
| 220|0x00000000edc00000, 0x00000000edc00000, 0x00000000edd00000|  0%| F|  |TAMS 0x00000000edc00000| PB 0x00000000edc00000| Untracked |  0
| 221|0x00000000edd00000, 0x00000000edd00000, 0x00000000ede00000|  0%| F|  |TAMS 0x00000000edd00000| PB 0x00000000edd00000| Untracked |  0
| 222|0x00000000ede00000, 0x00000000ede00000, 0x00000000edf00000|  0%| F|  |TAMS 0x00000000ede00000| PB 0x00000000ede00000| Untracked |  0
| 223|0x00000000edf00000, 0x00000000edf00000, 0x00000000ee000000|  0%| F|  |TAMS 0x00000000edf00000| PB 0x00000000edf00000| Untracked |  0
| 224|0x00000000ee000000, 0x00000000ee000000, 0x00000000ee100000|  0%| F|  |TAMS 0x00000000ee000000| PB 0x00000000ee000000| Untracked |  0
| 225|0x00000000ee100000, 0x00000000ee100000, 0x00000000ee200000|  0%| F|  |TAMS 0x00000000ee100000| PB 0x00000000ee100000| Untracked |  0
| 226|0x00000000ee200000, 0x00000000ee200000, 0x00000000ee300000|  0%| F|  |TAMS 0x00000000ee200000| PB 0x00000000ee200000| Untracked |  0
| 227|0x00000000ee300000, 0x00000000ee300000, 0x00000000ee400000|  0%| F|  |TAMS 0x00000000ee300000| PB 0x00000000ee300000| Untracked |  0
| 228|0x00000000ee400000, 0x00000000ee400000, 0x00000000ee500000|  0%| F|  |TAMS 0x00000000ee400000| PB 0x00000000ee400000| Untracked |  0
| 229|0x00000000ee500000, 0x00000000ee500000, 0x00000000ee600000|  0%| F|  |TAMS 0x00000000ee500000| PB 0x00000000ee500000| Untracked |  0
| 230|0x00000000ee600000, 0x00000000ee600000, 0x00000000ee700000|  0%| F|  |TAMS 0x00000000ee600000| PB 0x00000000ee600000| Untracked |  0
| 231|0x00000000ee700000, 0x00000000ee700000, 0x00000000ee800000|  0%| F|  |TAMS 0x00000000ee700000| PB 0x00000000ee700000| Untracked |  0
| 232|0x00000000ee800000, 0x00000000ee800000, 0x00000000ee900000|  0%| F|  |TAMS 0x00000000ee800000| PB 0x00000000ee800000| Untracked |  0
| 233|0x00000000ee900000, 0x00000000ee900000, 0x00000000eea00000|  0%| F|  |TAMS 0x00000000ee900000| PB 0x00000000ee900000| Untracked |  0
| 234|0x00000000eea00000, 0x00000000eea00000, 0x00000000eeb00000|  0%| F|  |TAMS 0x00000000eea00000| PB 0x00000000eea00000| Untracked |  0
| 235|0x00000000eeb00000, 0x00000000eeb00000, 0x00000000eec00000|  0%| F|  |TAMS 0x00000000eeb00000| PB 0x00000000eeb00000| Untracked |  0
| 236|0x00000000eec00000, 0x00000000eec00000, 0x00000000eed00000|  0%| F|  |TAMS 0x00000000eec00000| PB 0x00000000eec00000| Untracked |  0
| 237|0x00000000eed00000, 0x00000000eed00000, 0x00000000eee00000|  0%| F|  |TAMS 0x00000000eed00000| PB 0x00000000eed00000| Untracked |  0
| 238|0x00000000eee00000, 0x00000000eee00000, 0x00000000eef00000|  0%| F|  |TAMS 0x00000000eee00000| PB 0x00000000eee00000| Untracked |  0
| 239|0x00000000eef00000, 0x00000000eef00000, 0x00000000ef000000|  0%| F|  |TAMS 0x00000000eef00000| PB 0x00000000eef00000| Untracked |  0
| 240|0x00000000ef000000, 0x00000000ef000000, 0x00000000ef100000|  0%| F|  |TAMS 0x00000000ef000000| PB 0x00000000ef000000| Untracked |  0
| 241|0x00000000ef100000, 0x00000000ef100000, 0x00000000ef200000|  0%| F|  |TAMS 0x00000000ef100000| PB 0x00000000ef100000| Untracked |  0
| 242|0x00000000ef200000, 0x00000000ef200000, 0x00000000ef300000|  0%| F|  |TAMS 0x00000000ef200000| PB 0x00000000ef200000| Untracked |  0
| 243|0x00000000ef300000, 0x00000000ef300000, 0x00000000ef400000|  0%| F|  |TAMS 0x00000000ef300000| PB 0x00000000ef300000| Untracked |  0
| 244|0x00000000ef400000, 0x00000000ef400000, 0x00000000ef500000|  0%| F|  |TAMS 0x00000000ef400000| PB 0x00000000ef400000| Untracked |  0
| 245|0x00000000ef500000, 0x00000000ef500000, 0x00000000ef600000|  0%| F|  |TAMS 0x00000000ef500000| PB 0x00000000ef500000| Untracked |  0
| 246|0x00000000ef600000, 0x00000000ef600000, 0x00000000ef700000|  0%| F|  |TAMS 0x00000000ef600000| PB 0x00000000ef600000| Untracked |  0
| 247|0x00000000ef700000, 0x00000000ef700000, 0x00000000ef800000|  0%| F|  |TAMS 0x00000000ef700000| PB 0x00000000ef700000| Untracked |  0
| 248|0x00000000ef800000, 0x00000000ef800000, 0x00000000ef900000|  0%| F|  |TAMS 0x00000000ef800000| PB 0x00000000ef800000| Untracked |  0
| 249|0x00000000ef900000, 0x00000000ef900000, 0x00000000efa00000|  0%| F|  |TAMS 0x00000000ef900000| PB 0x00000000ef900000| Untracked |  0
| 250|0x00000000efa00000, 0x00000000efa00000, 0x00000000efb00000|  0%| F|  |TAMS 0x00000000efa00000| PB 0x00000000efa00000| Untracked |  0
| 251|0x00000000efb00000, 0x00000000efb00000, 0x00000000efc00000|  0%| F|  |TAMS 0x00000000efb00000| PB 0x00000000efb00000| Untracked |  0
| 252|0x00000000efc00000, 0x00000000efc00000, 0x00000000efd00000|  0%| F|  |TAMS 0x00000000efc00000| PB 0x00000000efc00000| Untracked |  0
| 253|0x00000000efd00000, 0x00000000efd00000, 0x00000000efe00000|  0%| F|  |TAMS 0x00000000efd00000| PB 0x00000000efd00000| Untracked |  0
| 254|0x00000000efe00000, 0x00000000efe80000, 0x00000000eff00000| 50%| E|  |TAMS 0x00000000efe00000| PB 0x00000000efe00000| Complete |  0
| 255|0x00000000eff00000, 0x00000000f0000000, 0x00000000f0000000|100%| E|CS|TAMS 0x00000000eff00000| PB 0x00000000eff00000| Complete |  0

Card table byte_map: [0x000001fa4ee30000,0x000001fa4ef30000] _byte_map_base: 0x000001fa4e730000

Marking Bits: (CMBitMap*) 0x000001fa374cbd10
 Bits: [0x000001fa4ef30000, 0x000001fa4f730000)

Polling page: 0x000001fa36c60000

Metaspace:

Usage:
  Non-class:     19.83 MB used.
      Class:      2.63 MB used.
       Both:     22.46 MB used.

Virtual space:
  Non-class space:       64.00 MB reserved,      20.00 MB ( 31%) committed,  1 nodes.
      Class space:        1.00 GB reserved,       2.75 MB ( <1%) committed,  1 nodes.
             Both:        1.06 GB reserved,      22.75 MB (  2%) committed. 

Chunk freelists:
   Non-Class:  11.31 MB
       Class:  13.12 MB
        Both:  24.44 MB

MaxMetaspaceSize: unlimited
CompressedClassSpaceSize: 1.00 GB
Initial GC threshold: 21.00 MB
Current GC threshold: 35.31 MB
CDS: on
 - commit_granule_bytes: 65536.
 - commit_granule_words: 8192.
 - virtual_space_node_default_size: 8388608.
 - enlarge_chunks_in_place: 1.
 - use_allocation_guard: 0.


Internal statistics:

num_allocs_failed_limit: 3.
num_arena_births: 206.
num_arena_deaths: 0.
num_vsnodes_births: 2.
num_vsnodes_deaths: 0.
num_space_committed: 364.
num_space_uncommitted: 0.
num_chunks_returned_to_freelist: 3.
num_chunks_taken_from_freelist: 988.
num_chunk_merges: 3.
num_chunk_splits: 719.
num_chunks_enlarged: 587.
num_inconsistent_stats: 0.

CodeHeap 'non-profiled nmethods': size=120000Kb used=3297Kb max_used=3297Kb free=116702Kb
 bounds [0x000001fa472b0000, 0x000001fa475f0000, 0x000001fa4e7e0000]
CodeHeap 'profiled nmethods': size=120000Kb used=11574Kb max_used=11574Kb free=108425Kb
 bounds [0x000001fa3f7e0000, 0x000001fa40330000, 0x000001fa46d10000]
CodeHeap 'non-nmethods': size=5760Kb used=1613Kb max_used=1650Kb free=4146Kb
 bounds [0x000001fa46d10000, 0x000001fa46f80000, 0x000001fa472b0000]
 total_blobs=5972 nmethods=5435 adapters=441
 compilation: enabled
              stopped_count=0, restarted_count=0
 full_count=0

Compilation events (20 events):
Event: 4.120 Thread 0x000001fa5244d8a0 nmethod 5424 0x000001fa40329e90 code [0x000001fa4032a040, 0x000001fa4032a1d8]
Event: 4.126 Thread 0x000001fa98a3faa0 nmethod 5416 0x000001fa475e2c10 code [0x000001fa475e2e40, 0x000001fa475e3ae0]
Event: 4.167 Thread 0x000001fa5244d8a0 5425   !   3       java.lang.ref.ReferenceQueue::enqueue (32 bytes)
Event: 4.168 Thread 0x000001fa5244d8a0 nmethod 5425 0x000001fa4032a290 code [0x000001fa4032a4e0, 0x000001fa4032ae18]
Event: 4.168 Thread 0x000001fa5244d8a0 5426       3       java.lang.ref.ReferenceQueue::signal (10 bytes)
Event: 4.168 Thread 0x000001fa5244d8a0 nmethod 5426 0x000001fa4032b190 code [0x000001fa4032b380, 0x000001fa4032b788]
Event: 4.168 Thread 0x000001fa5244d8a0 5427       3       java.util.concurrent.locks.AbstractQueuedSynchronizer$ConditionObject::signalAll (34 bytes)
Event: 4.168 Thread 0x000001fa5244d8a0 nmethod 5427 0x000001fa4032b910 code [0x000001fa4032bae0, 0x000001fa4032be30]
Event: 4.181 Thread 0x000001fa5244d8a0 5428       3       java.nio.DirectByteBufferR::<init> (25 bytes)
Event: 4.182 Thread 0x000001fa5244d8a0 nmethod 5428 0x000001fa4032bf90 code [0x000001fa4032c140, 0x000001fa4032c2c0]
Event: 4.182 Thread 0x000001fa5244d8a0 5429       3       java.nio.DirectByteBufferR::slice (74 bytes)
Event: 4.183 Thread 0x000001fa5244d8a0 nmethod 5429 0x000001fa4032c390 code [0x000001fa4032c540, 0x000001fa4032c7f0]
Event: 4.214 Thread 0x000001fa5244d8a0 5430       3       jdk.internal.misc.VM::isSystemDomainLoader (17 bytes)
Event: 4.214 Thread 0x000001fa5244d8a0 nmethod 5430 0x000001fa4032c910 code [0x000001fa4032cae0, 0x000001fa4032ce48]
Event: 4.214 Thread 0x000001fa52736c20 5431   !   4       java.util.concurrent.ConcurrentHashMap::computeIfAbsent (576 bytes)
Event: 4.215 Thread 0x000001fa5244d8a0 5432       3       com.sun.tools.javac.util.List::nil (4 bytes)
Event: 4.215 Thread 0x000001fa5244d8a0 nmethod 5432 0x000001fa4032cf90 code [0x000001fa4032d120, 0x000001fa4032d218]
Event: 4.231 Thread 0x000001fa5244d8a0 5433       3       java.lang.invoke.InfoFromMemberName::getModifiers (8 bytes)
Event: 4.232 Thread 0x000001fa5244d8a0 nmethod 5433 0x000001fa4032d290 code [0x000001fa4032d420, 0x000001fa4032d598]
Event: 4.236 Thread 0x000001fa52736c20 nmethod 5431 0x000001fa475e4110 code [0x000001fa475e43a0, 0x000001fa475e5a28]

GC Heap History (8 events):
Event: 0.434 GC heap before
{Heap before GC invocations=0 (full 0):
 garbage-first heap   total reserved 524288K, committed 262144K, used 23552K [0x00000000e0000000, 0x0000000100000000)
  region size 1024K, 24 young (24576K), 0 survivors (0K)
 Metaspace       used 5754K, committed 5888K, reserved 1114112K
  class space    used 677K, committed 768K, reserved 1048576K
}
Event: 0.438 GC heap after
{Heap after GC invocations=1 (full 0):
 garbage-first heap   total reserved 524288K, committed 262144K, used 3901K [0x00000000e0000000, 0x0000000100000000)
  region size 1024K, 3 young (3072K), 3 survivors (3072K)
 Metaspace       used 5754K, committed 5888K, reserved 1114112K
  class space    used 677K, committed 768K, reserved 1048576K
}
Event: 1.030 GC heap before
{Heap before GC invocations=1 (full 0):
 garbage-first heap   total reserved 524288K, committed 262144K, used 37693K [0x00000000e0000000, 0x0000000100000000)
  region size 1024K, 36 young (36864K), 3 survivors (3072K)
 Metaspace       used 11286K, committed 11520K, reserved 1114112K
  class space    used 1367K, committed 1472K, reserved 1048576K
}
Event: 1.034 GC heap after
{Heap after GC invocations=2 (full 0):
 garbage-first heap   total reserved 524288K, committed 262144K, used 6478K [0x00000000e0000000, 0x0000000100000000)
  region size 1024K, 3 young (3072K), 3 survivors (3072K)
 Metaspace       used 11286K, committed 11520K, reserved 1114112K
  class space    used 1367K, committed 1472K, reserved 1048576K
}
Event: 3.159 GC heap before
{Heap before GC invocations=2 (full 0):
 garbage-first heap   total reserved 524288K, committed 262144K, used 160078K [0x00000000e0000000, 0x0000000100000000)
  region size 1024K, 153 young (156672K), 3 survivors (3072K)
 Metaspace       used 16650K, committed 16896K, reserved 1114112K
  class space    used 1884K, committed 1984K, reserved 1048576K
}
Event: 3.178 GC heap after
{Heap after GC invocations=3 (full 0):
 garbage-first heap   total reserved 524288K, committed 262144K, used 23912K [0x00000000e0000000, 0x0000000100000000)
  region size 1024K, 20 young (20480K), 20 survivors (20480K)
 Metaspace       used 16650K, committed 16896K, reserved 1114112K
  class space    used 1884K, committed 1984K, reserved 1048576K
}
Event: 4.147 GC heap before
{Heap before GC invocations=3 (full 0):
 garbage-first heap   total reserved 524288K, committed 262144K, used 74088K [0x00000000e0000000, 0x0000000100000000)
  region size 1024K, 63 young (64512K), 20 survivors (20480K)
 Metaspace       used 21171K, committed 21504K, reserved 1114112K
  class space    used 2457K, committed 2624K, reserved 1048576K
}
Event: 4.166 GC heap after
{Heap after GC invocations=4 (full 0):
 garbage-first heap   total reserved 524288K, committed 262144K, used 34286K [0x00000000e0000000, 0x0000000100000000)
  region size 1024K, 7 young (7168K), 7 survivors (7168K)
 Metaspace       used 21171K, committed 21504K, reserved 1114112K
  class space    used 2457K, committed 2624K, reserved 1048576K
}

Dll operation events (8 events):
Event: 0.006 Loaded shared library C:\Users\Admin\Downloads\jdk-22_windows-x64_bin\jdk-22.0.1\bin\java.dll
Event: 0.031 Loaded shared library C:\Users\Admin\Downloads\jdk-22_windows-x64_bin\jdk-22.0.1\bin\jsvml.dll
Event: 0.042 Loaded shared library C:\Users\Admin\Downloads\jdk-22_windows-x64_bin\jdk-22.0.1\bin\net.dll
Event: 0.043 Loaded shared library C:\Users\Admin\Downloads\jdk-22_windows-x64_bin\jdk-22.0.1\bin\nio.dll
Event: 0.045 Loaded shared library C:\Users\Admin\Downloads\jdk-22_windows-x64_bin\jdk-22.0.1\bin\zip.dll
Event: 0.115 Loaded shared library C:\Users\Admin\Downloads\jdk-22_windows-x64_bin\jdk-22.0.1\bin\jimage.dll
Event: 0.130 Loaded shared library C:\Users\Admin\Downloads\apache-maven-3.9.6\lib\jansi-native\Windows\x86_64\jansi.dll
Event: 0.138 Loaded shared library C:\Users\Admin\Downloads\jdk-22_windows-x64_bin\jdk-22.0.1\bin\verify.dll

Deoptimization events (20 events):
Event: 3.970 Thread 0x000001fa352529d0 Uncommon trap: trap_request=0xffffff45 fr.pc=0x000001fa475b562c relative=0x000000000000020c
Event: 3.970 Thread 0x000001fa352529d0 Uncommon trap: reason=unstable_if action=reinterpret pc=0x000001fa475b562c method=jdk.nio.zipfs.ZipFileSystem$IndexNode.normalize([B)[B @ 66 c2
Event: 3.970 Thread 0x000001fa352529d0 DEOPT PACKING pc=0x000001fa475b562c sp=0x0000006d5edfc950
Event: 3.970 Thread 0x000001fa352529d0 DEOPT UNPACKING pc=0x000001fa46d67da2 sp=0x0000006d5edfc8b8 mode 2
Event: 3.990 Thread 0x000001fa352529d0 Uncommon trap: trap_request=0xffffff45 fr.pc=0x000001fa475b79ec relative=0x000000000000022c
Event: 3.990 Thread 0x000001fa352529d0 Uncommon trap: reason=unstable_if action=reinterpret pc=0x000001fa475b79ec method=java.util.Arrays.hashCode([B)I @ 8 c2
Event: 3.990 Thread 0x000001fa352529d0 DEOPT PACKING pc=0x000001fa475b79ec sp=0x0000006d5edfc890
Event: 3.990 Thread 0x000001fa352529d0 DEOPT UNPACKING pc=0x000001fa46d67da2 sp=0x0000006d5edfc828 mode 2
Event: 4.009 Thread 0x000001fa352529d0 Uncommon trap: trap_request=0xffffff45 fr.pc=0x000001fa47586b64 relative=0x0000000000000ca4
Event: 4.009 Thread 0x000001fa352529d0 Uncommon trap: reason=unstable_if action=reinterpret pc=0x000001fa47586b64 method=java.lang.String.<init>(Ljava/nio/charset/Charset;[BII)V @ 34 c2
Event: 4.009 Thread 0x000001fa352529d0 DEOPT PACKING pc=0x000001fa47586b64 sp=0x0000006d5edfcb30
Event: 4.009 Thread 0x000001fa352529d0 DEOPT UNPACKING pc=0x000001fa46d67da2 sp=0x0000006d5edfcab0 mode 2
Event: 4.024 Thread 0x000001fa352529d0 Uncommon trap: trap_request=0xffffff45 fr.pc=0x000001fa475b7390 relative=0x00000000000000f0
Event: 4.024 Thread 0x000001fa352529d0 Uncommon trap: reason=unstable_if action=reinterpret pc=0x000001fa475b7390 method=jdk.nio.zipfs.ZipConstants.pkSigAt([BIII)Z @ 5 c2
Event: 4.024 Thread 0x000001fa352529d0 DEOPT PACKING pc=0x000001fa475b7390 sp=0x0000006d5edfd6b0
Event: 4.024 Thread 0x000001fa352529d0 DEOPT UNPACKING pc=0x000001fa46d67da2 sp=0x0000006d5edfd658 mode 2
Event: 4.167 Thread 0x000001fa524131f0 Uncommon trap: trap_request=0xffffffde fr.pc=0x000001fa473563a4 relative=0x0000000000000084
Event: 4.167 Thread 0x000001fa524131f0 Uncommon trap: reason=class_check action=maybe_recompile pc=0x000001fa473563a4 method=jdk.internal.misc.Blocker.begin()J @ 11 c2
Event: 4.167 Thread 0x000001fa524131f0 DEOPT PACKING pc=0x000001fa473563a4 sp=0x0000006d5f6ff460
Event: 4.167 Thread 0x000001fa524131f0 DEOPT UNPACKING pc=0x000001fa46d67da2 sp=0x0000006d5f6ff3b8 mode 2

Classes loaded (20 events):
Event: 4.069 Loading class java/time/DateTimeException
Event: 4.069 Loading class java/time/DateTimeException done
Event: 4.069 Loading class java/util/regex/PatternSyntaxException
Event: 4.069 Loading class java/util/regex/PatternSyntaxException done
Event: 4.070 Loading class java/time/zone/ZoneRulesProvider
Event: 4.071 Loading class java/time/zone/ZoneRulesProvider done
Event: 4.071 Loading class java/time/zone/ZoneRulesProvider$1
Event: 4.071 Loading class java/time/zone/ZoneRulesProvider$1 done
Event: 4.071 Loading class java/time/zone/TzdbZoneRulesProvider
Event: 4.071 Loading class java/time/zone/TzdbZoneRulesProvider done
Event: 4.073 Loading class java/time/zone/Ser
Event: 4.074 Loading class java/io/Externalizable
Event: 4.074 Loading class java/io/Externalizable done
Event: 4.074 Loading class java/time/zone/Ser done
Event: 4.074 Loading class java/time/zone/ZoneOffsetTransition
Event: 4.074 Loading class java/time/zone/ZoneOffsetTransition done
Event: 4.075 Loading class java/time/Year
Event: 4.075 Loading class java/time/Year done
Event: 4.090 Loading class sun/nio/fs/WindowsException
Event: 4.090 Loading class sun/nio/fs/WindowsException done

Classes unloaded (0 events):
No events

Classes redefined (0 events):
No events

Internal exceptions (20 events):
Event: 1.393 Thread 0x000001fa352529d0 Exception <a 'java/lang/NoSuchMethodError'{0x00000000eef1b400}: 'void java.lang.invoke.DirectMethodHandle$Holder.invokeVirtual(java.lang.Object, java.lang.Object, int)'> (0x00000000eef1b400) 
thrown [s\open\src\hotspot\share\interpreter\linkResolver.cpp, line 774]
Event: 1.394 Thread 0x000001fa352529d0 Exception <a 'java/lang/NoSuchMethodError'{0x00000000eef225b8}: 'void java.lang.invoke.DelegatingMethodHandle$Holder.reinvoke_L(java.lang.Object, java.lang.Object, int)'> (0x00000000eef225b8) 
thrown [s\open\src\hotspot\share\interpreter\linkResolver.cpp, line 774]
Event: 1.771 Thread 0x000001fa352529d0 Implicit null exception at 0x000001fa473e9c18 to 0x000001fa473eaf88
Event: 1.771 Thread 0x000001fa352529d0 Implicit null exception at 0x000001fa4737c518 to 0x000001fa4737c6fc
Event: 1.771 Thread 0x000001fa352529d0 Implicit null exception at 0x000001fa473e4d8d to 0x000001fa473e55f8
Event: 1.779 Thread 0x000001fa352529d0 Exception <a 'java/lang/NoSuchMethodError'{0x00000000ed1a4348}: 'int java.lang.invoke.DirectMethodHandle$Holder.invokeSpecialIFC(java.lang.Object, java.lang.Object, java.lang.Object, java.lang.Object)'> (0x00000000ed1a4348) 
thrown [s\open\src\hotspot\share\interpreter\linkResolver.cpp, line 774]
Event: 2.906 Thread 0x000001fa352529d0 Implicit null exception at 0x000001fa4737a83d to 0x000001fa4737a8bd
Event: 3.077 Thread 0x000001fa352529d0 Implicit null exception at 0x000001fa4744fb3d to 0x000001fa4744fbae
Event: 3.077 Thread 0x000001fa352529d0 Exception <a 'java/lang/NoSuchMethodError'{0x00000000e6cc1ae0}: 'java.lang.Object java.lang.invoke.DirectMethodHandle$Holder.newInvokeSpecial(java.lang.Object, java.lang.Object, java.lang.Object, java.lang.Object, java.lang.Object, java.lang.Object, java.lang.Object)'> (0x00000000e6cc1ae0) 
thrown [s\open\src\hotspot\share\interpreter\linkResolver.cpp, line 774]
Event: 3.079 Thread 0x000001fa352529d0 Implicit null exception at 0x000001fa47495d92 to 0x000001fa474969b0
Event: 3.224 Thread 0x000001fa352529d0 Implicit null exception at 0x000001fa474a69d7 to 0x000001fa474a71bc
Event: 3.231 Thread 0x000001fa352529d0 Exception <a 'java/lang/NoSuchMethodError'{0x00000000efc0c738}: 'java.lang.Object java.lang.invoke.DirectMethodHandle$Holder.invokeVirtual(java.lang.Object, java.lang.Object, java.lang.Object)'> (0x00000000efc0c738) 
thrown [s\open\src\hotspot\share\interpreter\linkResolver.cpp, line 774]
Event: 3.232 Thread 0x000001fa352529d0 Exception <a 'java/lang/NoSuchMethodError'{0x00000000efc131c0}: 'void java.lang.invoke.DirectMethodHandle$Holder.invokeSpecial(java.lang.Object, java.lang.Object, java.lang.Object, java.lang.Object, java.lang.Object, java.lang.Object)'> (0x00000000efc131c0) 
thrown [s\open\src\hotspot\share\interpreter\linkResolver.cpp, line 774]
Event: 3.232 Thread 0x000001fa352529d0 Exception <a 'java/lang/NoSuchMethodError'{0x00000000efc1d558}: 'int java.lang.invoke.DirectMethodHandle$Holder.invokeVirtual(java.lang.Object, java.lang.Object)'> (0x00000000efc1d558) 
thrown [s\open\src\hotspot\share\interpreter\linkResolver.cpp, line 774]
Event: 3.278 Thread 0x000001fa352529d0 Implicit null exception at 0x000001fa474db4b9 to 0x000001fa474dfb0c
Event: 3.703 Thread 0x000001fa352529d0 Exception <a 'java/lang/NoSuchMethodError'{0x00000000eeb3a7f0}: 'int java.lang.invoke.DirectMethodHandle$Holder.invokeInterface(java.lang.Object, java.lang.Object)'> (0x00000000eeb3a7f0) 
thrown [s\open\src\hotspot\share\interpreter\linkResolver.cpp, line 774]
Event: 3.884 Thread 0x000001fa352529d0 Exception <a 'java/lang/NoSuchMethodError'{0x00000000edf8fa40}: 'int java.lang.invoke.DirectMethodHandle$Holder.invokeVirtual(java.lang.Object, java.lang.Object, java.lang.Object)'> (0x00000000edf8fa40) 
thrown [s\open\src\hotspot\share\interpreter\linkResolver.cpp, line 774]
Event: 3.885 Thread 0x000001fa352529d0 Exception <a 'java/lang/NoSuchMethodError'{0x00000000edf955f0}: 'void java.lang.invoke.DirectMethodHandle$Holder.invokeInterface(java.lang.Object, java.lang.Object, java.lang.Object)'> (0x00000000edf955f0) 
thrown [s\open\src\hotspot\share\interpreter\linkResolver.cpp, line 774]
Event: 3.891 Thread 0x000001fa352529d0 Exception <a 'java/lang/NoSuchMethodError'{0x00000000edfa0250}: 'int java.lang.invoke.DirectMethodHandle$Holder.invokeStaticInit(java.lang.Object, java.lang.Object, java.lang.Object)'> (0x00000000edfa0250) 
thrown [s\open\src\hotspot\share\interpreter\linkResolver.cpp, line 774]
Event: 4.090 Thread 0x000001fa352529d0 Exception <a 'sun/nio/fs/WindowsException'{0x00000000ed5065c0}> (0x00000000ed5065c0) 
thrown [s\open\src\hotspot\share\prims\jni.cpp, line 520]

ZGC Phase Switch (0 events):
No events

VM Operations (20 events):
Event: 3.624 Executing VM operation: HandshakeAllThreads (Deoptimize)
Event: 3.624 Executing VM operation: HandshakeAllThreads (Deoptimize) done
Event: 3.701 Executing VM operation: HandshakeAllThreads (Deoptimize)
Event: 3.701 Executing VM operation: HandshakeAllThreads (Deoptimize) done
Event: 3.900 Executing VM operation: HandshakeAllThreads (Deoptimize)
Event: 3.900 Executing VM operation: HandshakeAllThreads (Deoptimize) done
Event: 3.907 Executing VM operation: HandshakeAllThreads (Deoptimize)
Event: 3.907 Executing VM operation: HandshakeAllThreads (Deoptimize) done
Event: 3.923 Executing VM operation: HandshakeAllThreads (Deoptimize)
Event: 3.923 Executing VM operation: HandshakeAllThreads (Deoptimize) done
Event: 3.927 Executing VM operation: HandshakeAllThreads (Deoptimize)
Event: 3.927 Executing VM operation: HandshakeAllThreads (Deoptimize) done
Event: 4.092 Executing VM operation: HandshakeAllThreads (Deoptimize)
Event: 4.092 Executing VM operation: HandshakeAllThreads (Deoptimize) done
Event: 4.147 Executing VM operation: CollectForMetadataAllocation (Metadata GC Threshold)
Event: 4.167 Executing VM operation: CollectForMetadataAllocation (Metadata GC Threshold) done
Event: 4.177 Executing VM operation: G1PauseRemark
Event: 4.181 Executing VM operation: G1PauseRemark done
Event: 4.188 Executing VM operation: G1PauseCleanup
Event: 4.189 Executing VM operation: G1PauseCleanup done

Events (14 events):
Event: 0.019 Thread 0x000001fa352529d0 Thread added: 0x000001fa352529d0
Event: 0.029 Thread 0x000001fa5240fcb0 Thread added: 0x000001fa5240fcb0
Event: 0.029 Thread 0x000001fa524131f0 Thread added: 0x000001fa524131f0
Event: 0.029 Thread 0x000001fa524165d0 Thread added: 0x000001fa524165d0
Event: 0.029 Thread 0x000001fa52418260 Thread added: 0x000001fa52418260
Event: 0.029 Thread 0x000001fa5241a440 Thread added: 0x000001fa5241a440
Event: 0.029 Thread 0x000001fa524252d0 Thread added: 0x000001fa524252d0
Event: 0.029 Thread 0x000001fa5242d1d0 Thread added: 0x000001fa5242d1d0
Event: 0.029 Thread 0x000001fa5244d8a0 Thread added: 0x000001fa5244d8a0
Event: 0.039 Thread 0x000001fa5258c400 Thread added: 0x000001fa5258c400
Event: 0.040 Thread 0x000001fa52588f80 Thread added: 0x000001fa52588f80
Event: 0.094 Thread 0x000001fa52736c20 Thread added: 0x000001fa52736c20
Event: 0.401 Thread 0x000001fa98a3faa0 Thread added: 0x000001fa98a3faa0
Event: 4.231 Thread 0x000001fa98a3faa0 Thread exited: 0x000001fa98a3faa0


Dynamic libraries:
0x00007ff6a4a60000 - 0x00007ff6a4a70000 	C:\Users\Admin\Downloads\jdk-22_windows-x64_bin\jdk-22.0.1\bin\java.exe
0x00007ffb389b0000 - 0x00007ffb38bc7000 	C:\WINDOWS\SYSTEM32\ntdll.dll
0x00007ffb37d60000 - 0x00007ffb37e24000 	C:\WINDOWS\System32\KERNEL32.DLL
0x00007ffb36230000 - 0x00007ffb36602000 	C:\WINDOWS\System32\KERNELBASE.dll
0x00007ffb35b40000 - 0x00007ffb35c51000 	C:\WINDOWS\System32\ucrtbase.dll
0x00007ffb2c0d0000 - 0x00007ffb2c0e7000 	C:\Users\Admin\Downloads\jdk-22_windows-x64_bin\jdk-22.0.1\bin\jli.dll
0x00007ffb2c0f0000 - 0x00007ffb2c10b000 	C:\Users\Admin\Downloads\jdk-22_windows-x64_bin\jdk-22.0.1\bin\VCRUNTIME140.dll
0x00007ffb369c0000 - 0x00007ffb36a71000 	C:\WINDOWS\System32\ADVAPI32.dll
0x00007ffb36640000 - 0x00007ffb366e7000 	C:\WINDOWS\System32\msvcrt.dll
0x00007ffb37460000 - 0x00007ffb37508000 	C:\WINDOWS\System32\sechost.dll
0x00007ffb36610000 - 0x00007ffb36638000 	C:\WINDOWS\System32\bcrypt.dll
0x00007ffb376d0000 - 0x00007ffb377e4000 	C:\WINDOWS\System32\RPCRT4.dll
0x00007ffb37510000 - 0x00007ffb376c1000 	C:\WINDOWS\System32\USER32.dll
0x00007ffb35da0000 - 0x00007ffb35dc6000 	C:\WINDOWS\System32\win32u.dll
0x00007ffb1d260000 - 0x00007ffb1d4fb000 	C:\WINDOWS\WinSxS\amd64_microsoft.windows.common-controls_6595b64144ccf1df_6.0.22621.5415_none_270d77d17387d7da\COMCTL32.dll
0x00007ffb387e0000 - 0x00007ffb38809000 	C:\WINDOWS\System32\GDI32.dll
0x00007ffb36100000 - 0x00007ffb36223000 	C:\WINDOWS\System32\gdi32full.dll
0x00007ffb35aa0000 - 0x00007ffb35b3a000 	C:\WINDOWS\System32\msvcp_win.dll
0x00007ffb2dfe0000 - 0x00007ffb2dfea000 	C:\WINDOWS\SYSTEM32\VERSION.dll
0x00007ffb368f0000 - 0x00007ffb36921000 	C:\WINDOWS\System32\IMM32.DLL
0x00007ffb2e800000 - 0x00007ffb2e80c000 	C:\Users\Admin\Downloads\jdk-22_windows-x64_bin\jdk-22.0.1\bin\vcruntime140_1.dll
0x00007ffafcb90000 - 0x00007ffafcc1e000 	C:\Users\Admin\Downloads\jdk-22_windows-x64_bin\jdk-22.0.1\bin\msvcp140.dll
0x00007ffa4aaa0000 - 0x00007ffa4b7e7000 	C:\Users\Admin\Downloads\jdk-22_windows-x64_bin\jdk-22.0.1\bin\server\jvm.dll
0x00007ffb36b60000 - 0x00007ffb36bd1000 	C:\WINDOWS\System32\WS2_32.dll
0x00007ffb34900000 - 0x00007ffb3494d000 	C:\WINDOWS\SYSTEM32\POWRPROF.dll
0x00007ffb2db20000 - 0x00007ffb2db54000 	C:\WINDOWS\SYSTEM32\WINMM.dll
0x00007ffb348c0000 - 0x00007ffb348d3000 	C:\WINDOWS\SYSTEM32\UMPDC.dll
0x00007ffb34b90000 - 0x00007ffb34ba8000 	C:\WINDOWS\SYSTEM32\kernel.appcore.dll
0x00007ffb2e000000 - 0x00007ffb2e00a000 	C:\Users\Admin\Downloads\jdk-22_windows-x64_bin\jdk-22.0.1\bin\jimage.dll
0x00007ffb333f0000 - 0x00007ffb33623000 	C:\WINDOWS\SYSTEM32\DBGHELP.DLL
0x00007ffb377f0000 - 0x00007ffb37b83000 	C:\WINDOWS\System32\combase.dll
0x00007ffb36be0000 - 0x00007ffb36cb7000 	C:\WINDOWS\System32\OLEAUT32.dll
0x00007ffb2c800000 - 0x00007ffb2c832000 	C:\WINDOWS\SYSTEM32\dbgcore.DLL
0x00007ffb35d20000 - 0x00007ffb35d9b000 	C:\WINDOWS\System32\bcryptPrimitives.dll
0x00007ffb2c0b0000 - 0x00007ffb2c0ce000 	C:\Users\Admin\Downloads\jdk-22_windows-x64_bin\jdk-22.0.1\bin\java.dll
0x00007ffb37f30000 - 0x00007ffb387d2000 	C:\WINDOWS\System32\SHELL32.dll
0x00007ffb35dd0000 - 0x00007ffb35f0f000 	C:\WINDOWS\System32\wintypes.dll
0x00007ffb366f0000 - 0x00007ffb36890000 	C:\WINDOWS\System32\ole32.dll
0x00007ffb33990000 - 0x00007ffb342ae000 	C:\WINDOWS\SYSTEM32\windows.storage.dll
0x00007ffb36d40000 - 0x00007ffb36e4b000 	C:\WINDOWS\System32\SHCORE.dll
0x00007ffb37ec0000 - 0x00007ffb37f29000 	C:\WINDOWS\System32\shlwapi.dll
0x00007ffb359d0000 - 0x00007ffb359fb000 	C:\WINDOWS\SYSTEM32\profapi.dll
0x00007ffafc780000 - 0x00007ffafc857000 	C:\Users\Admin\Downloads\jdk-22_windows-x64_bin\jdk-22.0.1\bin\jsvml.dll
0x00007ffb2cfb0000 - 0x00007ffb2cfc0000 	C:\Users\Admin\Downloads\jdk-22_windows-x64_bin\jdk-22.0.1\bin\net.dll
0x00007ffb35020000 - 0x00007ffb35089000 	C:\WINDOWS\system32\mswsock.dll
0x00007ffb2c090000 - 0x00007ffb2c0a6000 	C:\Users\Admin\Downloads\jdk-22_windows-x64_bin\jdk-22.0.1\bin\nio.dll
0x00007ffb24cb0000 - 0x00007ffb24cc7000 	C:\Users\Admin\Downloads\jdk-22_windows-x64_bin\jdk-22.0.1\bin\zip.dll
0x0000000069ac0000 - 0x0000000069ae4000 	C:\Users\Admin\Downloads\apache-maven-3.9.6\lib\jansi-native\Windows\x86_64\jansi.dll
0x00007ffb2bec0000 - 0x00007ffb2bed0000 	C:\Users\Admin\Downloads\jdk-22_windows-x64_bin\jdk-22.0.1\bin\verify.dll

dbghelp: loaded successfully - version: 4.0.5 - missing functions: none
symbol engine: initialized successfully - sym options: 0x614 - pdb path: .;C:\Users\Admin\Downloads\jdk-22_windows-x64_bin\jdk-22.0.1\bin;C:\WINDOWS\SYSTEM32;C:\WINDOWS\WinSxS\amd64_microsoft.windows.common-controls_6595b64144ccf1df_6.0.22621.5415_none_270d77d17387d7da;C:\Users\Admin\Downloads\jdk-22_windows-x64_bin\jdk-22.0.1\bin\server;C:\Users\Admin\Downloads\apache-maven-3.9.6\lib\jansi-native\Windows\x86_64

VM Arguments:
jvm_args: -Xms256m -Xmx512m -Dclassworlds.conf=C:\Users\Admin\Downloads\apache-maven-3.9.6\bin\m2.conf -Dmaven.home=C:\Users\Admin\Downloads\apache-maven-3.9.6 -Dlibrary.jansi.path=C:\Users\Admin\Downloads\apache-maven-3.9.6\lib\jansi-native -Dmaven.multiModuleProjectDirectory=F:\intern_microservice\product_service 
java_command: org.codehaus.plexus.classworlds.launcher.Launcher spring-boot:run
java_class_path (initial): C:\Users\Admin\Downloads\apache-maven-3.9.6\boot\plexus-classworlds-2.7.0.jar
Launcher Type: SUN_STANDARD

[Global flags]
     intx CICompilerCount                          = 4                                         {product} {ergonomic}
     uint ConcGCThreads                            = 3                                         {product} {ergonomic}
     uint G1ConcRefinementThreads                  = 10                                        {product} {ergonomic}
   size_t G1HeapRegionSize                         = 1048576                                   {product} {ergonomic}
   size_t InitialHeapSize                          = 268435456                                 {product} {command line}
   size_t MarkStackSize                            = 4194304                                   {product} {ergonomic}
   size_t MaxHeapSize                              = 536870912                                 {product} {command line}
   size_t MaxNewSize                               = 321912832                                 {product} {ergonomic}
   size_t MinHeapDeltaBytes                        = 1048576                                   {product} {ergonomic}
   size_t MinHeapSize                              = 268435456                                 {product} {command line}
    uintx NonNMethodCodeHeapSize                   = 5839372                                {pd product} {ergonomic}
    uintx NonProfiledCodeHeapSize                  = 122909434                              {pd product} {ergonomic}
    uintx ProfiledCodeHeapSize                     = 122909434                              {pd product} {ergonomic}
    uintx ReservedCodeCacheSize                    = 251658240                              {pd product} {ergonomic}
     bool SegmentedCodeCache                       = true                                      {product} {ergonomic}
   size_t SoftMaxHeapSize                          = 536870912                              {manageable} {ergonomic}
     bool UseCompressedOops                        = true                           {product lp64_product} {ergonomic}
     bool UseG1GC                                  = true                                      {product} {ergonomic}
     bool UseLargePagesIndividualAllocation        = false                                  {pd product} {ergonomic}

Logging:
Log output configuration:
 #0: stdout all=warning uptime,level,tags foldmultilines=false
 #1: stderr all=off uptime,level,tags foldmultilines=false

Environment Variables:
JAVA_HOME=C:\Users\Admin\Downloads\jdk-22_windows-x64_bin\jdk-22.0.1
PATH=C:\Python313\Scripts\;C:\Python313\;C:\Program Files\Common Files\Oracle\Java\javapath;C:\Program Files (x86)\Common Files\Oracle\Java\java8path;C:\Program Files (x86)\Common Files\Oracle\Java\javapath;C:\Program Files\Microsoft MPI\Bin\;C:\Windows\system32;C:\Windows;C:\Windows\System32\Wbem;C:\Windows\System32\WindowsPowerShell\v1.0\;C:\Windows\System32\OpenSSH\;C:\Program Files (x86)\NVIDIA Corporation\PhysX\Common;C:\Program Files\NVIDIA Corporation\NVIDIA NvDLISR;C:\WINDOWS\system32;C:\WINDOWS;C:\WINDOWS\System32\Wbem;C:\WINDOWS\System32\WindowsPowerShell\v1.0\;C:\WINDOWS\System32\OpenSSH\;C:\Program Files\dotnet\;C:\Program Files (x86)\Microsoft SQL Server\160\Tools\Binn\;C:\Program Files\Microsoft SQL Server\160\Tools\Binn\;C:\Program Files\Microsoft SQL Server\Client SDK\ODBC\170\Tools\Binn\;C:\Program Files\Microsoft SQL Server\160\DTS\Binn\;C:\Program Files (x86)\Microsoft SQL Server\160\DTS\Binn\;C:\Program Files\Azure Data Studio\bin;C:\Users\Admin\Downloads\jdk-22_windows-x64_bin\jdk-22.0.1\bin;C:\Users\Admin\Downloads\apache-maven-3.9.6\bin;C:\Users\Admin\Downloads\apache-maven-3.9.6\bin;C:\Users\Admin\Downloads\jdk-22_windows-x64_bin\myprj\movewar.bat;C:\Program Files\Git\cmd;C:\Program Files\Docker\Docker\resources\bin;C:\Program Files\nodejs\;C:\ProgramData\chocolatey\bin;C:\Users\Admin\AppData\Local\Programs\Python\Launcher\;C:\Program Files\MySQL\MySQL Shell 8.0\bin\;C:\texlive\2022\bin\win32;C:\Users\Admin\AppData\Local\Microsoft\WindowsApps;C:\Users\Admin\AppData\Local\Programs\MiKTeX\miktex\bin\x64\;C:\Users\Admin\AppData\Local\Programs\Microsoft VS Code\bin;C:\Program Files\Azure Data Studio\bin;C:\MinGW\bin;C:\Users\Admin\Downloads\apache-maven-3.9.6\bin\mvn;C:\Users\Admin\Downloads\jdk-22_windows-x64_bin\jdk-22.0.1\bin;C:\Users\Admin\AppData\Roaming\npm;C:\Programing Files\nodejs;C:\Users\Admin\AppData\Local\GitHubDesktop\bin;F:\IntelliJ IDEA 2025.1\bin;
USERNAME=Admin
LANG=en_US.UTF-8
OS=Windows_NT
PROCESSOR_IDENTIFIER=Intel64 Family 6 Model 141 Stepping 1, GenuineIntel
TMP=C:\Users\Admin\AppData\Local\Temp
TEMP=C:\Users\Admin\AppData\Local\Temp




Periodic native trim disabled

---------------  S Y S T E M  ---------------

OS:
 Windows 11 , 64 bit Build 22621 (10.0.22621.5415)
OS uptime: 1 days 10:37 hours
Hyper-V role detected

CPU: total 12 (initial active 12) (6 cores per cpu, 2 threads per core) family 6 model 141 stepping 1 microcode 0x56, cx8, cmov, fxsr, ht, mmx, 3dnowpref, sse, sse2, sse3, ssse3, sse4.1, sse4.2, popcnt, lzcnt, tsc, tscinvbit, avx, avx2, aes, erms, clmul, bmi1, bmi2, adx, avx512f, avx512dq, avx512cd, avx512bw, avx512vl, sha, fma, vzeroupper, avx512_vpopcntdq, avx512_vpclmulqdq, avx512_vaes, avx512_vnni, clflush, clflushopt, clwb, avx512_vbmi2, avx512_vbmi, hv, rdtscp, rdpid, fsrm, gfni, avx512_bitalg, f16c, cet_ibt, cet_ss, avx512_ifma
Processor Information for all 12 processors :
  Max Mhz: 2688, Current Mhz: 2688, Mhz Limit: 2688

Memory: 4k page, system-wide physical 7922M (526M free)
TotalPageFile size 23505M (AvailPageFile size 6M)
current process WorkingSet (physical memory assigned to process): 337M, peak: 337M
current process commit charge ("private bytes"): 433M, peak: 433M

vm_info: Java HotSpot(TM) 64-Bit Server VM (22.0.1+8-16) for windows-amd64 JRE (22.0.1+8-16), built on 2024-03-12T10:33:16Z by "mach5one" with MS VC++ 17.6 (VS2022)

END.
